2025-12-11 16:44:57.100 [warning] /home/sheen/.ssh/config: ENOENT: no such file or directory, open '/home/sheen/.ssh/config'
2025-12-11 16:44:57.100 [info] [Activation] Extension version: 0.124.0
2025-12-11 16:44:57.125 [info] [Authentication] Creating hub for .com
2025-12-11 16:44:58.121 [info] [Activation] Registering built in git provider.
2025-12-11 16:44:58.121 [info] [Activation] Looking for git repository
2025-12-11 16:44:58.121 [info] [Activation] Found 0 repositories during activation
2025-12-11 16:44:58.121 [info] [Activation] Git repository found, initializing review manager and pr tree view.
2025-12-11 16:44:58.124 [info] [GitAPI] Registering git provider
2025-12-11 16:44:58.809 [info] [GitPostCommitCommands] Trying to register post commit commands.
2025-12-11 16:45:00.279 [info] [Activation] Git initialization state changed: state=initialized
2025-12-11 17:01:38.973 [info] [GitAPI] Repository file:///home/sheen/.config/alacritty/themes has been opened
2025-12-11 17:01:38.973 [info] [Review+0] Validate state in progress
2025-12-11 17:01:38.973 [info] [Review+0] Validating state...
2025-12-11 17:01:38.976 [warning] No remotes found. The following remotes are missing: origin, upstream
2025-12-11 17:01:38.976 [info] [FolderRepositoryManager+0] No GitHub remotes found for folder /home/sheen/.config/alacritty/themes
2025-12-11 17:01:38.978 [info] [FolderRepositoryManager+0] Trying to use globalState for assignableUsers.
2025-12-11 17:01:39.155 [info] [FolderRepositoryManager+0] GlobalState does not exist for assignableUsers.
2025-12-11 17:01:39.207 [info] [Review+0] Validate state in progress
2025-12-11 17:01:39.207 [info] [Review+0] Validating state...
2025-12-11 17:01:39.208 [info] [Activation] Repo state for file:///home/sheen/.config/alacritty/themes changed.
2025-12-11 17:01:39.208 [info] [Activation] Repo file:///home/sheen/.config/alacritty/themes has already been setup.
2025-12-11 17:01:39.344 [info] [FolderRepositoryManager+0] Found GitHub remote for folder /home/sheen/.config/alacritty/themes
2025-12-11 17:01:39.869 [info] [FolderRepositoryManager+0] Trying to use globalState for assignableUsers.
2025-12-11 17:01:39.869 [info] [GitPostCommitCommands] Trying to register post commit commands.
2025-12-11 17:01:39.869 [info] [GitPostCommitCommands] GitHub remote(s) found, registering post commit commands.
2025-12-11 17:01:39.869 [info] [GitPostCommitCommands] Looking for remote. Comparing 1 local repo remotes with 1 GitHub repositories.
2025-12-11 17:01:39.869 [info] [GitPostCommitCommands] Found a repo when getting post commit commands.
2025-12-11 17:01:39.869 [info] [GitPostCommitCommands] Looking for remote. Comparing 1 local repo remotes with 1 GitHub repositories.
2025-12-11 17:01:39.869 [info] [GitPostCommitCommands] Found a repo when getting post commit commands.
2025-12-11 17:01:40.041 [info] [Review+0] No matching pull request metadata found locally for current branch master
2025-12-11 17:01:40.064 [info] [FolderRepositoryManager+0] GlobalState does not exist for assignableUsers.
2025-12-11 17:01:40.173 [info] [GitPostCommitCommands] Looking for remote. Comparing 1 local repo remotes with 1 GitHub repositories.
2025-12-11 17:01:40.173 [info] [GitPostCommitCommands] Found a repo when getting post commit commands.
2025-12-11 17:01:40.173 [info] [GitPostCommitCommands] Looking for remote. Comparing 1 local repo remotes with 1 GitHub repositories.
2025-12-11 17:01:40.173 [info] [GitPostCommitCommands] Found a repo when getting post commit commands.
2025-12-11 17:01:40.642 [info] [FolderRepositoryManager+0] Using in-memory cached assignable users.
2025-12-11 17:01:41.350 [info] [Review+0] No matching pull request metadata found on GitHub for current branch master
