2025-12-11 14:41:00.824 [info] [main] Log level: Info
2025-12-11 14:41:00.824 [info] [main] Validating found git in: "git"
2025-12-11 14:41:00.824 [info] [main] Using git "2.52.0" from "git"
2025-12-11 14:41:00.824 [info] [Model][doInitialScan] Initial repository scan started
2025-12-11 14:41:00.824 [info] [Model][doInitialScan] Initial repository scan completed - repositories (0), closed repositories (0), parent repositories (0), unsafe repositories (0)
2025-12-11 14:43:49.452 [info] > git rev-parse --show-toplevel [1ms]
2025-12-11 14:43:49.452 [info] fatal: not a git repository (or any parent up to mount point /)
Stopping at filesystem boundary (GIT_DISCOVERY_ACROSS_FILESYSTEM not set).
2025-12-11 14:47:32.254 [info] [main] Log level: Info
2025-12-11 14:47:32.254 [info] [main] Validating found git in: "git"
2025-12-11 14:47:32.254 [info] [main] Using git "2.52.0" from "git"
2025-12-11 14:47:32.254 [info] [Model][doInitialScan] Initial repository scan started
2025-12-11 14:47:32.254 [info] > git rev-parse --show-toplevel [5ms]
2025-12-11 14:47:32.254 [info] fatal: not a git repository (or any parent up to mount point /)
Stopping at filesystem boundary (GIT_DISCOVERY_ACROSS_FILESYSTEM not set).
2025-12-11 14:47:32.255 [info] > git rev-parse --show-toplevel [1ms]
2025-12-11 14:47:32.255 [info] fatal: not a git repository (or any parent up to mount point /)
Stopping at filesystem boundary (GIT_DISCOVERY_ACROSS_FILESYSTEM not set).
2025-12-11 14:47:32.257 [info] [Model][doInitialScan] Initial repository scan completed - repositories (0), closed repositories (0), parent repositories (0), unsafe repositories (0)
2025-12-11 14:47:38.312 [info] > git rev-parse --show-toplevel [1ms]
2025-12-11 14:47:38.312 [info] fatal: not a git repository (or any parent up to mount point /)
Stopping at filesystem boundary (GIT_DISCOVERY_ACROSS_FILESYSTEM not set).
2025-12-11 14:49:17.085 [info] [main] Log level: Info
2025-12-11 14:49:17.085 [info] [main] Validating found git in: "git"
2025-12-11 14:49:17.085 [info] [main] Using git "2.52.0" from "git"
2025-12-11 14:49:17.085 [info] [Model][doInitialScan] Initial repository scan started
2025-12-11 14:49:17.085 [info] > git rev-parse --show-toplevel [4ms]
2025-12-11 14:49:17.085 [info] fatal: not a git repository (or any parent up to mount point /)
Stopping at filesystem boundary (GIT_DISCOVERY_ACROSS_FILESYSTEM not set).
2025-12-11 14:49:17.088 [info] > git rev-parse --show-toplevel [1ms]
2025-12-11 14:49:17.088 [info] fatal: not a git repository (or any parent up to mount point /)
Stopping at filesystem boundary (GIT_DISCOVERY_ACROSS_FILESYSTEM not set).
2025-12-11 14:49:17.091 [info] > git rev-parse --show-toplevel [1ms]
2025-12-11 14:49:17.091 [info] fatal: not a git repository (or any parent up to mount point /)
Stopping at filesystem boundary (GIT_DISCOVERY_ACROSS_FILESYSTEM not set).
2025-12-11 14:49:17.093 [info] > git rev-parse --show-toplevel [1ms]
2025-12-11 14:49:17.093 [info] fatal: not a git repository (or any parent up to mount point /)
Stopping at filesystem boundary (GIT_DISCOVERY_ACROSS_FILESYSTEM not set).
2025-12-11 14:49:17.096 [info] > git rev-parse --show-toplevel [1ms]
2025-12-11 14:49:17.096 [info] fatal: not a git repository (or any parent up to mount point /)
Stopping at filesystem boundary (GIT_DISCOVERY_ACROSS_FILESYSTEM not set).
2025-12-11 14:49:17.099 [info] > git rev-parse --show-toplevel [1ms]
2025-12-11 14:49:17.099 [info] fatal: not a git repository (or any parent up to mount point /)
Stopping at filesystem boundary (GIT_DISCOVERY_ACROSS_FILESYSTEM not set).
2025-12-11 14:49:17.101 [info] > git rev-parse --show-toplevel [0ms]
2025-12-11 14:49:17.101 [info] fatal: not a git repository (or any parent up to mount point /)
Stopping at filesystem boundary (GIT_DISCOVERY_ACROSS_FILESYSTEM not set).
2025-12-11 14:49:17.104 [info] > git rev-parse --show-toplevel [1ms]
2025-12-11 14:49:17.104 [info] fatal: not a git repository (or any parent up to mount point /)
Stopping at filesystem boundary (GIT_DISCOVERY_ACROSS_FILESYSTEM not set).
2025-12-11 14:49:17.106 [info] > git rev-parse --show-toplevel [1ms]
2025-12-11 14:49:17.106 [info] fatal: not a git repository (or any parent up to mount point /)
Stopping at filesystem boundary (GIT_DISCOVERY_ACROSS_FILESYSTEM not set).
2025-12-11 14:49:17.109 [info] > git rev-parse --show-toplevel [0ms]
2025-12-11 14:49:17.109 [info] fatal: not a git repository (or any parent up to mount point /)
Stopping at filesystem boundary (GIT_DISCOVERY_ACROSS_FILESYSTEM not set).
2025-12-11 14:49:17.111 [info] > git rev-parse --show-toplevel [1ms]
2025-12-11 14:49:17.111 [info] fatal: not a git repository (or any parent up to mount point /)
Stopping at filesystem boundary (GIT_DISCOVERY_ACROSS_FILESYSTEM not set).
2025-12-11 14:49:17.114 [info] > git rev-parse --show-toplevel [1ms]
2025-12-11 14:49:17.114 [info] fatal: not a git repository (or any parent up to mount point /)
Stopping at filesystem boundary (GIT_DISCOVERY_ACROSS_FILESYSTEM not set).
2025-12-11 14:49:17.116 [info] > git rev-parse --show-toplevel [0ms]
2025-12-11 14:49:17.116 [info] fatal: not a git repository (or any parent up to mount point /)
Stopping at filesystem boundary (GIT_DISCOVERY_ACROSS_FILESYSTEM not set).
2025-12-11 14:49:17.119 [info] > git rev-parse --show-toplevel [1ms]
2025-12-11 14:49:17.119 [info] fatal: not a git repository (or any parent up to mount point /)
Stopping at filesystem boundary (GIT_DISCOVERY_ACROSS_FILESYSTEM not set).
2025-12-11 14:49:17.121 [info] > git rev-parse --show-toplevel [1ms]
2025-12-11 14:49:17.121 [info] fatal: not a git repository (or any parent up to mount point /)
Stopping at filesystem boundary (GIT_DISCOVERY_ACROSS_FILESYSTEM not set).
2025-12-11 14:49:17.123 [info] > git rev-parse --show-toplevel [1ms]
2025-12-11 14:49:17.123 [info] fatal: not a git repository (or any parent up to mount point /)
Stopping at filesystem boundary (GIT_DISCOVERY_ACROSS_FILESYSTEM not set).
2025-12-11 14:49:17.125 [info] [Model][doInitialScan] Initial repository scan completed - repositories (0), closed repositories (0), parent repositories (0), unsafe repositories (0)
2025-12-11 14:49:19.566 [info] > git rev-parse --show-toplevel [1ms]
2025-12-11 14:49:19.566 [info] fatal: not a git repository (or any parent up to mount point /)
Stopping at filesystem boundary (GIT_DISCOVERY_ACROSS_FILESYSTEM not set).
2025-12-11 14:49:31.940 [info] > git rev-parse --show-toplevel [1ms]
2025-12-11 14:49:31.940 [info] fatal: not a git repository (or any parent up to mount point /)
Stopping at filesystem boundary (GIT_DISCOVERY_ACROSS_FILESYSTEM not set).
2025-12-11 14:49:38.915 [info] > git rev-parse --show-toplevel [0ms]
2025-12-11 14:49:38.915 [info] fatal: not a git repository (or any parent up to mount point /)
Stopping at filesystem boundary (GIT_DISCOVERY_ACROSS_FILESYSTEM not set).
2025-12-11 14:49:42.433 [info] > git rev-parse --show-toplevel [1ms]
2025-12-11 14:49:42.433 [info] fatal: not a git repository (or any parent up to mount point /)
Stopping at filesystem boundary (GIT_DISCOVERY_ACROSS_FILESYSTEM not set).
2025-12-11 14:49:44.111 [info] > git rev-parse --show-toplevel [1ms]
2025-12-11 14:49:44.111 [info] fatal: not a git repository (or any parent up to mount point /)
Stopping at filesystem boundary (GIT_DISCOVERY_ACROSS_FILESYSTEM not set).
2025-12-11 14:49:45.889 [info] > git rev-parse --show-toplevel [1ms]
2025-12-11 14:49:45.889 [info] fatal: not a git repository (or any parent up to mount point /)
Stopping at filesystem boundary (GIT_DISCOVERY_ACROSS_FILESYSTEM not set).
2025-12-11 14:50:04.019 [info] > git rev-parse --show-toplevel [1ms]
2025-12-11 14:50:04.019 [info] fatal: not a git repository (or any parent up to mount point /)
Stopping at filesystem boundary (GIT_DISCOVERY_ACROSS_FILESYSTEM not set).
2025-12-11 15:08:06.315 [info] > git rev-parse --show-toplevel [2ms]
2025-12-11 15:08:06.315 [info] fatal: not a git repository (or any parent up to mount point /)
Stopping at filesystem boundary (GIT_DISCOVERY_ACROSS_FILESYSTEM not set).
2025-12-11 15:08:06.754 [info] > git rev-parse --show-toplevel [1ms]
2025-12-11 15:08:06.754 [info] fatal: not a git repository (or any parent up to mount point /)
Stopping at filesystem boundary (GIT_DISCOVERY_ACROSS_FILESYSTEM not set).
2025-12-11 15:09:50.847 [info] > git rev-parse --show-toplevel [1ms]
2025-12-11 15:09:50.847 [info] fatal: not a git repository (or any parent up to mount point /)
Stopping at filesystem boundary (GIT_DISCOVERY_ACROSS_FILESYSTEM not set).
2025-12-11 15:17:30.199 [info] > git rev-parse --show-toplevel [1ms]
2025-12-11 15:17:30.199 [info] fatal: not a git repository (or any parent up to mount point /)
Stopping at filesystem boundary (GIT_DISCOVERY_ACROSS_FILESYSTEM not set).
2025-12-11 15:21:57.491 [info] > git rev-parse --show-toplevel [0ms]
2025-12-11 15:21:57.491 [info] fatal: not a git repository (or any parent up to mount point /)
Stopping at filesystem boundary (GIT_DISCOVERY_ACROSS_FILESYSTEM not set).
2025-12-11 15:23:13.356 [info] > git rev-parse --show-toplevel [1ms]
2025-12-11 15:23:13.356 [info] fatal: not a git repository (or any parent up to mount point /)
Stopping at filesystem boundary (GIT_DISCOVERY_ACROSS_FILESYSTEM not set).
2025-12-11 15:24:36.616 [info] > git rev-parse --show-toplevel [1ms]
2025-12-11 15:24:36.616 [info] fatal: not a git repository (or any parent up to mount point /)
Stopping at filesystem boundary (GIT_DISCOVERY_ACROSS_FILESYSTEM not set).
2025-12-11 15:25:11.502 [info] > git rev-parse --show-toplevel [1ms]
2025-12-11 15:25:11.502 [info] fatal: not a git repository (or any parent up to mount point /)
Stopping at filesystem boundary (GIT_DISCOVERY_ACROSS_FILESYSTEM not set).
2025-12-11 15:25:11.633 [info] > git rev-parse --show-toplevel [1ms]
2025-12-11 15:25:11.633 [info] fatal: not a git repository (or any parent up to mount point /)
Stopping at filesystem boundary (GIT_DISCOVERY_ACROSS_FILESYSTEM not set).
2025-12-11 15:25:12.669 [info] > git rev-parse --show-toplevel [1ms]
2025-12-11 15:25:12.669 [info] fatal: not a git repository (or any parent up to mount point /)
Stopping at filesystem boundary (GIT_DISCOVERY_ACROSS_FILESYSTEM not set).
2025-12-11 15:25:13.171 [info] > git rev-parse --show-toplevel [200ms]
2025-12-11 15:25:13.171 [info] fatal: not a git repository (or any parent up to mount point /)
Stopping at filesystem boundary (GIT_DISCOVERY_ACROSS_FILESYSTEM not set).
2025-12-11 15:25:13.317 [info] > git rev-parse --show-toplevel [7ms]
2025-12-11 15:25:13.317 [info] fatal: not a git repository (or any parent up to mount point /)
Stopping at filesystem boundary (GIT_DISCOVERY_ACROSS_FILESYSTEM not set).
2025-12-11 15:25:17.756 [info] > git rev-parse --show-toplevel [1ms]
2025-12-11 15:25:17.756 [info] fatal: not a git repository (or any parent up to mount point /)
Stopping at filesystem boundary (GIT_DISCOVERY_ACROSS_FILESYSTEM not set).
2025-12-11 15:26:10.102 [info] > git rev-parse --show-toplevel [1ms]
2025-12-11 15:26:10.102 [info] fatal: not a git repository (or any parent up to mount point /)
Stopping at filesystem boundary (GIT_DISCOVERY_ACROSS_FILESYSTEM not set).
2025-12-11 15:26:23.269 [info] > git rev-parse --show-toplevel [2ms]
2025-12-11 15:26:23.269 [info] fatal: not a git repository (or any parent up to mount point /)
Stopping at filesystem boundary (GIT_DISCOVERY_ACROSS_FILESYSTEM not set).
2025-12-11 15:26:23.374 [info] > git rev-parse --show-toplevel [0ms]
2025-12-11 15:26:23.374 [info] fatal: not a git repository (or any parent up to mount point /)
Stopping at filesystem boundary (GIT_DISCOVERY_ACROSS_FILESYSTEM not set).
2025-12-11 15:26:23.415 [info] > git rev-parse --show-toplevel [1ms]
2025-12-11 15:26:23.415 [info] fatal: not a git repository (or any parent up to mount point /)
Stopping at filesystem boundary (GIT_DISCOVERY_ACROSS_FILESYSTEM not set).
2025-12-11 15:26:23.765 [info] > git rev-parse --show-toplevel [25ms]
2025-12-11 15:26:23.765 [info] fatal: not a git repository (or any parent up to mount point /)
Stopping at filesystem boundary (GIT_DISCOVERY_ACROSS_FILESYSTEM not set).
2025-12-11 15:26:23.782 [info] > git rev-parse --show-toplevel [2ms]
2025-12-11 15:26:23.782 [info] fatal: not a git repository (or any parent up to mount point /)
Stopping at filesystem boundary (GIT_DISCOVERY_ACROSS_FILESYSTEM not set).
2025-12-11 15:26:25.721 [info] > git rev-parse --show-toplevel [3ms]
2025-12-11 15:26:25.721 [info] fatal: not a git repository (or any parent up to mount point /)
Stopping at filesystem boundary (GIT_DISCOVERY_ACROSS_FILESYSTEM not set).
2025-12-11 15:26:25.860 [info] > git rev-parse --show-toplevel [4ms]
2025-12-11 15:26:25.861 [info] fatal: not a git repository (or any parent up to mount point /)
Stopping at filesystem boundary (GIT_DISCOVERY_ACROSS_FILESYSTEM not set).
2025-12-11 15:29:56.610 [info] > git rev-parse --show-toplevel [3ms]
2025-12-11 15:29:56.610 [info] fatal: not a git repository (or any parent up to mount point /)
Stopping at filesystem boundary (GIT_DISCOVERY_ACROSS_FILESYSTEM not set).
2025-12-11 15:30:12.261 [info] > git rev-parse --show-toplevel [3ms]
2025-12-11 15:30:12.261 [info] fatal: not a git repository (or any parent up to mount point /)
Stopping at filesystem boundary (GIT_DISCOVERY_ACROSS_FILESYSTEM not set).
2025-12-11 15:30:18.662 [info] > git rev-parse --show-toplevel [4ms]
2025-12-11 15:30:18.662 [info] fatal: not a git repository (or any parent up to mount point /)
Stopping at filesystem boundary (GIT_DISCOVERY_ACROSS_FILESYSTEM not set).
2025-12-11 15:30:20.016 [info] > git rev-parse --show-toplevel [2ms]
2025-12-11 15:30:20.016 [info] fatal: not a git repository (or any parent up to mount point /)
Stopping at filesystem boundary (GIT_DISCOVERY_ACROSS_FILESYSTEM not set).
2025-12-11 15:30:25.873 [info] > git rev-parse --show-toplevel [3ms]
2025-12-11 15:30:25.873 [info] fatal: not a git repository (or any parent up to mount point /)
Stopping at filesystem boundary (GIT_DISCOVERY_ACROSS_FILESYSTEM not set).
2025-12-11 15:31:53.119 [info] > git rev-parse --show-toplevel [3ms]
2025-12-11 15:31:53.119 [info] fatal: not a git repository (or any parent up to mount point /)
Stopping at filesystem boundary (GIT_DISCOVERY_ACROSS_FILESYSTEM not set).
2025-12-11 15:33:18.864 [info] > git rev-parse --show-toplevel [4ms]
2025-12-11 15:33:18.864 [info] fatal: not a git repository (or any parent up to mount point /)
Stopping at filesystem boundary (GIT_DISCOVERY_ACROSS_FILESYSTEM not set).
2025-12-11 15:45:49.538 [info] > git rev-parse --show-toplevel [6ms]
2025-12-11 15:45:49.538 [info] fatal: not a git repository (or any parent up to mount point /)
Stopping at filesystem boundary (GIT_DISCOVERY_ACROSS_FILESYSTEM not set).
2025-12-11 15:46:25.155 [info] > git rev-parse --show-toplevel [8ms]
2025-12-11 15:46:25.155 [info] fatal: not a git repository (or any parent up to mount point /)
Stopping at filesystem boundary (GIT_DISCOVERY_ACROSS_FILESYSTEM not set).
2025-12-11 15:52:03.860 [info] > git rev-parse --show-toplevel [7ms]
2025-12-11 15:52:03.860 [info] fatal: not a git repository (or any parent up to mount point /)
Stopping at filesystem boundary (GIT_DISCOVERY_ACROSS_FILESYSTEM not set).
2025-12-11 15:52:22.541 [info] > git rev-parse --show-toplevel [7ms]
2025-12-11 15:52:22.541 [info] fatal: not a git repository (or any parent up to mount point /)
Stopping at filesystem boundary (GIT_DISCOVERY_ACROSS_FILESYSTEM not set).
2025-12-11 15:52:30.693 [info] > git rev-parse --show-toplevel [9ms]
2025-12-11 15:52:30.693 [info] fatal: not a git repository (or any parent up to mount point /)
Stopping at filesystem boundary (GIT_DISCOVERY_ACROSS_FILESYSTEM not set).
2025-12-11 15:52:38.042 [info] > git rev-parse --show-toplevel [5ms]
2025-12-11 15:52:38.042 [info] fatal: not a git repository (or any parent up to mount point /)
Stopping at filesystem boundary (GIT_DISCOVERY_ACROSS_FILESYSTEM not set).
2025-12-11 15:52:45.640 [info] > git rev-parse --show-toplevel [5ms]
2025-12-11 15:52:45.640 [info] fatal: not a git repository (or any parent up to mount point /)
Stopping at filesystem boundary (GIT_DISCOVERY_ACROSS_FILESYSTEM not set).
2025-12-11 15:52:47.368 [info] > git rev-parse --show-toplevel [5ms]
2025-12-11 15:52:47.368 [info] fatal: not a git repository (or any parent up to mount point /)
Stopping at filesystem boundary (GIT_DISCOVERY_ACROSS_FILESYSTEM not set).
2025-12-11 15:53:13.537 [info] > git rev-parse --show-toplevel [10ms]
2025-12-11 15:53:13.537 [info] fatal: not a git repository (or any parent up to mount point /)
Stopping at filesystem boundary (GIT_DISCOVERY_ACROSS_FILESYSTEM not set).
2025-12-11 15:53:15.756 [info] > git rev-parse --show-toplevel [15ms]
2025-12-11 15:53:15.756 [info] fatal: not a git repository (or any parent up to mount point /)
Stopping at filesystem boundary (GIT_DISCOVERY_ACROSS_FILESYSTEM not set).
