2025-12-11 15:53:29.988 [info] Reading sessions from keychain...
2025-12-11 15:53:29.988 [info] Getting sessions for all scopes...
2025-12-11 15:53:29.988 [info] Got stored sessions!
2025-12-11 15:53:29.988 [info] Got 2 verified sessions.
2025-12-11 15:53:29.988 [info] Got 2 sessions for ...
2025-12-11 15:53:29.988 [info] Getting sessions for all scopes...
2025-12-11 15:53:29.988 [info] Got 2 sessions for ...
2025-12-11 15:53:29.988 [info] Getting sessions for all scopes...
2025-12-11 15:53:29.988 [info] Got 2 sessions for ...
2025-12-11 15:53:29.988 [info] Getting sessions for all scopes...
2025-12-11 15:53:29.988 [info] Got 2 sessions for ...
2025-12-11 15:53:29.988 [info] Getting sessions for all scopes...
2025-12-11 15:53:29.988 [info] Got 2 sessions for ...
2025-12-11 15:53:29.988 [info] Getting sessions for all scopes...
2025-12-11 15:53:29.988 [info] Got 2 sessions for ...
2025-12-11 15:53:29.988 [info] Getting sessions for all scopes...
2025-12-11 15:53:29.988 [info] Got 2 sessions for ...
2025-12-11 15:53:29.988 [info] Getting sessions for all scopes...
2025-12-11 15:53:29.988 [info] Got 2 sessions for ...
2025-12-11 15:53:29.988 [info] Getting sessions for all scopes...
2025-12-11 15:53:29.988 [info] Got 2 sessions for ...
2025-12-11 15:53:29.988 [info] Getting sessions for all scopes...
2025-12-11 15:53:29.988 [info] Got 2 sessions for ...
2025-12-11 15:53:29.988 [info] Getting sessions for all scopes...
2025-12-11 15:53:29.988 [info] Got 2 sessions for ...
2025-12-11 15:53:29.988 [info] Getting sessions for all scopes...
2025-12-11 15:53:29.988 [info] Got 2 sessions for ...
2025-12-11 15:53:29.988 [info] Getting sessions for all scopes...
2025-12-11 15:53:29.988 [info] Got 2 sessions for ...
2025-12-11 15:53:29.988 [info] Getting sessions for all scopes...
2025-12-11 15:53:29.988 [info] Got 2 sessions for ...
2025-12-11 15:53:29.988 [info] Getting sessions for all scopes...
2025-12-11 15:53:29.988 [info] Got 2 sessions for ...
2025-12-11 15:53:29.988 [info] Getting sessions for all scopes...
2025-12-11 15:53:29.988 [info] Got 2 sessions for ...
2025-12-11 15:53:29.988 [info] Getting sessions for all scopes...
2025-12-11 15:53:29.988 [info] Got 2 sessions for ...
2025-12-11 15:53:29.988 [info] Getting sessions for all scopes...
2025-12-11 15:53:29.988 [info] Got 2 sessions for ...
2025-12-11 15:53:29.988 [info] Getting sessions for all scopes...
2025-12-11 15:53:29.988 [info] Got 2 sessions for ...
2025-12-11 15:53:29.988 [info] Getting sessions for all scopes...
2025-12-11 15:53:29.988 [info] Got 2 sessions for ...
2025-12-11 15:53:29.988 [info] Getting sessions for all scopes...
2025-12-11 15:53:29.988 [info] Got 2 sessions for ...
2025-12-11 15:53:29.988 [info] Getting sessions for user:email...
2025-12-11 15:53:29.988 [info] Got 1 sessions for user:email...
2025-12-11 15:53:29.988 [info] Getting sessions for read:user,repo,user:email,workflow...
2025-12-11 15:53:29.988 [info] Got 1 sessions for read:user,repo,user:email,workflow...
2025-12-11 15:53:32.462 [info] Getting sessions for all scopes...
2025-12-11 15:53:32.462 [info] Got 2 sessions for ...
2025-12-11 15:53:32.892 [info] Getting sessions for user:email...
2025-12-11 15:53:32.892 [info] Got 1 sessions for user:email...
2025-12-11 15:53:32.970 [info] Getting sessions for project,read:org,read:user,repo,user:email,workflow...
2025-12-11 15:53:32.970 [info] Got 0 sessions for project,read:org,read:user,repo,user:email,workflow...
2025-12-11 15:53:32.988 [info] Getting sessions for all scopes...
2025-12-11 15:53:32.988 [info] Got 2 sessions for ...
2025-12-11 15:53:32.988 [info] Getting sessions for all scopes...
2025-12-11 15:53:32.988 [info] Got 2 sessions for ...
2025-12-11 15:53:32.993 [info] Getting sessions for user:email...
2025-12-11 15:53:32.993 [info] Got 1 sessions for user:email...
2025-12-11 15:53:33.047 [info] Getting sessions for read:user,repo,user:email,workflow...
2025-12-11 15:53:33.047 [info] Got 1 sessions for read:user,repo,user:email,workflow...
2025-12-11 15:53:33.047 [info] Getting sessions for read:user,repo,user:email,workflow...
2025-12-11 15:53:33.047 [info] Got 1 sessions for read:user,repo,user:email,workflow...
2025-12-11 15:53:33.526 [info] Getting sessions for all scopes...
2025-12-11 15:53:33.526 [info] Got 2 sessions for ...
2025-12-11 15:53:33.872 [info] Getting sessions for all scopes...
2025-12-11 15:53:33.872 [info] Got 2 sessions for ...
2025-12-11 15:53:33.994 [info] Getting sessions for all scopes...
2025-12-11 15:53:33.994 [info] Got 2 sessions for ...
2025-12-11 15:53:33.996 [info] Getting sessions for all scopes...
2025-12-11 15:53:33.996 [info] Got 2 sessions for ...
2025-12-11 15:53:34.046 [info] Getting sessions for all scopes...
2025-12-11 15:53:34.046 [info] Got 2 sessions for ...
2025-12-11 15:53:34.050 [info] Getting sessions for read:user,repo,user:email,workflow...
2025-12-11 15:53:34.050 [info] Got 1 sessions for read:user,repo,user:email,workflow...
2025-12-11 15:53:36.254 [info] Getting sessions for all scopes...
2025-12-11 15:53:36.254 [info] Got 2 sessions for ...
2025-12-11 15:53:36.254 [info] Getting sessions for all scopes...
2025-12-11 15:53:36.254 [info] Got 2 sessions for ...
2025-12-11 15:53:37.138 [info] Getting sessions for read:user,repo,user:email,workflow...
2025-12-11 15:53:37.138 [info] Got 1 sessions for read:user,repo,user:email,workflow...
2025-12-11 15:53:37.167 [info] Getting sessions for all scopes...
2025-12-11 15:53:37.167 [info] Got 2 sessions for ...
2025-12-11 15:53:37.255 [info] Getting sessions for all scopes...
2025-12-11 15:53:37.255 [info] Got 2 sessions for ...
2025-12-11 15:53:37.277 [info] Getting sessions for read:user,repo,user:email,workflow...
2025-12-11 15:53:37.277 [info] Got 1 sessions for read:user,repo,user:email,workflow...
2025-12-11 15:53:37.442 [info] Getting sessions for all scopes...
2025-12-11 15:53:37.442 [info] Got 2 sessions for ...
2025-12-11 15:53:37.443 [info] Getting sessions for read:user,repo,user:email,workflow...
2025-12-11 15:53:37.443 [info] Got 1 sessions for read:user,repo,user:email,workflow...
2025-12-11 15:54:16.307 [info] Getting sessions for all scopes...
2025-12-11 15:54:16.307 [info] Got 2 sessions for ...
2025-12-11 15:54:16.309 [info] Getting sessions for all scopes...
2025-12-11 15:54:16.309 [info] Got 2 sessions for ...
2025-12-11 15:58:28.767 [info] Getting sessions for all scopes...
2025-12-11 15:58:28.767 [info] Got 2 sessions for ...
2025-12-11 15:58:28.770 [info] Getting sessions for read:user,repo,user:email,workflow...
2025-12-11 15:58:28.770 [info] Got 1 sessions for read:user,repo,user:email,workflow...
2025-12-11 16:03:28.767 [info] Getting sessions for all scopes...
2025-12-11 16:03:28.767 [info] Got 2 sessions for ...
2025-12-11 16:03:28.769 [info] Getting sessions for read:user,repo,user:email,workflow...
2025-12-11 16:03:28.769 [info] Got 1 sessions for read:user,repo,user:email,workflow...
2025-12-11 16:08:28.769 [info] Getting sessions for all scopes...
2025-12-11 16:08:28.769 [info] Got 2 sessions for ...
2025-12-11 16:08:28.776 [info] Getting sessions for read:user,repo,user:email,workflow...
2025-12-11 16:08:28.776 [info] Got 1 sessions for read:user,repo,user:email,workflow...
2025-12-11 16:13:28.768 [info] Getting sessions for all scopes...
2025-12-11 16:13:28.768 [info] Got 2 sessions for ...
2025-12-11 16:13:28.771 [info] Getting sessions for read:user,repo,user:email,workflow...
2025-12-11 16:13:28.771 [info] Got 1 sessions for read:user,repo,user:email,workflow...
2025-12-11 16:18:17.160 [info] Getting sessions for all scopes...
2025-12-11 16:18:17.160 [info] Got 2 sessions for ...
2025-12-11 16:18:17.163 [info] Getting sessions for read:user,repo,user:email,workflow...
2025-12-11 16:18:17.164 [info] Got 1 sessions for read:user,repo,user:email,workflow...
2025-12-11 16:18:17.649 [info] Getting sessions for all scopes...
2025-12-11 16:18:17.649 [info] Got 2 sessions for ...
2025-12-11 16:18:17.649 [info] Getting sessions for all scopes...
2025-12-11 16:18:17.649 [info] Got 2 sessions for ...
2025-12-11 16:18:17.654 [info] Getting sessions for read:user,repo,user:email,workflow...
2025-12-11 16:18:17.654 [info] Got 1 sessions for read:user,repo,user:email,workflow...
2025-12-11 16:18:17.678 [info] Getting sessions for all scopes...
2025-12-11 16:18:17.678 [info] Got 2 sessions for ...
2025-12-11 16:18:17.684 [info] Getting sessions for read:user,repo,user:email,workflow...
2025-12-11 16:18:17.684 [info] Got 1 sessions for read:user,repo,user:email,workflow...
2025-12-11 16:18:17.867 [info] Getting sessions for all scopes...
2025-12-11 16:18:17.867 [info] Got 2 sessions for ...
2025-12-11 16:18:17.868 [info] Getting sessions for read:user,repo,user:email,workflow...
2025-12-11 16:18:17.868 [info] Got 1 sessions for read:user,repo,user:email,workflow...
2025-12-11 16:18:28.773 [info] Getting sessions for all scopes...
2025-12-11 16:18:28.773 [info] Got 2 sessions for ...
2025-12-11 16:18:28.777 [info] Getting sessions for read:user,repo,user:email,workflow...
2025-12-11 16:18:28.777 [info] Got 1 sessions for read:user,repo,user:email,workflow...
2025-12-11 16:23:28.769 [info] Getting sessions for all scopes...
2025-12-11 16:23:28.769 [info] Got 2 sessions for ...
2025-12-11 16:23:28.772 [info] Getting sessions for read:user,repo,user:email,workflow...
2025-12-11 16:23:28.772 [info] Got 1 sessions for read:user,repo,user:email,workflow...
2025-12-11 16:28:28.769 [info] Getting sessions for all scopes...
2025-12-11 16:28:28.769 [info] Got 2 sessions for ...
2025-12-11 16:28:28.771 [info] Getting sessions for read:user,repo,user:email,workflow...
2025-12-11 16:28:28.771 [info] Got 1 sessions for read:user,repo,user:email,workflow...
2025-12-11 16:33:28.769 [info] Getting sessions for all scopes...
2025-12-11 16:33:28.769 [info] Got 2 sessions for ...
2025-12-11 16:33:28.772 [info] Getting sessions for read:user,repo,user:email,workflow...
2025-12-11 16:33:28.772 [info] Got 1 sessions for read:user,repo,user:email,workflow...
2025-12-11 16:38:28.775 [info] Getting sessions for all scopes...
2025-12-11 16:38:28.776 [info] Got 2 sessions for ...
2025-12-11 16:38:28.780 [info] Getting sessions for read:user,repo,user:email,workflow...
2025-12-11 16:38:28.780 [info] Got 1 sessions for read:user,repo,user:email,workflow...
