2025-12-11 15:53:32.464 [info] [main] Log level: Info
2025-12-11 15:53:32.464 [info] [main] Validating found git in: "git"
2025-12-11 15:53:32.464 [info] [main] Using git "2.52.0" from "git"
2025-12-11 15:53:32.464 [info] [Model][doInitialScan] Initial repository scan started
2025-12-11 15:53:32.464 [info] > git rev-parse --show-toplevel [64ms]
2025-12-11 15:53:32.464 [info] fatal: not a git repository (or any parent up to mount point /)
Stopping at filesystem boundary (GIT_DISCOVERY_ACROSS_FILESYSTEM not set).
2025-12-11 15:53:32.464 [info] > git rev-parse --show-toplevel [27ms]
2025-12-11 15:53:32.464 [info] fatal: not a git repository (or any parent up to mount point /)
Stopping at filesystem boundary (GIT_DISCOVERY_ACROSS_FILESYSTEM not set).
2025-12-11 15:53:34.041 [info] > git rev-parse --show-toplevel [114ms]
2025-12-11 15:53:34.041 [info] fatal: not a git repository (or any parent up to mount point /)
Stopping at filesystem boundary (GIT_DISCOVERY_ACROSS_FILESYSTEM not set).
2025-12-11 15:53:34.138 [info] > git rev-parse --show-toplevel [71ms]
2025-12-11 15:53:34.138 [info] fatal: not a git repository (or any parent up to mount point /)
Stopping at filesystem boundary (GIT_DISCOVERY_ACROSS_FILESYSTEM not set).
2025-12-11 15:53:34.307 [info] > git rev-parse --show-toplevel [74ms]
2025-12-11 15:53:34.307 [info] fatal: not a git repository (or any parent up to mount point /)
Stopping at filesystem boundary (GIT_DISCOVERY_ACROSS_FILESYSTEM not set).
2025-12-11 15:53:34.452 [info] > git rev-parse --show-toplevel [108ms]
2025-12-11 15:53:34.452 [info] fatal: not a git repository (or any parent up to mount point /)
Stopping at filesystem boundary (GIT_DISCOVERY_ACROSS_FILESYSTEM not set).
2025-12-11 15:53:35.068 [info] > git rev-parse --show-toplevel [543ms]
2025-12-11 15:53:35.068 [info] fatal: not a git repository (or any parent up to mount point /)
Stopping at filesystem boundary (GIT_DISCOVERY_ACROSS_FILESYSTEM not set).
2025-12-11 15:53:35.783 [info] > git rev-parse --show-toplevel [682ms]
2025-12-11 15:53:35.783 [info] fatal: not a git repository (or any parent up to mount point /)
Stopping at filesystem boundary (GIT_DISCOVERY_ACROSS_FILESYSTEM not set).
2025-12-11 15:53:36.247 [info] > git rev-parse --show-toplevel [132ms]
2025-12-11 15:53:36.247 [info] fatal: not a git repository (or any parent up to mount point /)
Stopping at filesystem boundary (GIT_DISCOVERY_ACROSS_FILESYSTEM not set).
2025-12-11 15:53:36.308 [info] > git rev-parse --show-toplevel [33ms]
2025-12-11 15:53:36.308 [info] fatal: not a git repository (or any parent up to mount point /)
Stopping at filesystem boundary (GIT_DISCOVERY_ACROSS_FILESYSTEM not set).
2025-12-11 15:53:36.351 [info] > git rev-parse --show-toplevel [22ms]
2025-12-11 15:53:36.351 [info] fatal: not a git repository (or any parent up to mount point /)
Stopping at filesystem boundary (GIT_DISCOVERY_ACROSS_FILESYSTEM not set).
2025-12-11 15:53:36.372 [info] > git rev-parse --show-toplevel [7ms]
2025-12-11 15:53:36.372 [info] fatal: not a git repository (or any parent up to mount point /)
Stopping at filesystem boundary (GIT_DISCOVERY_ACROSS_FILESYSTEM not set).
2025-12-11 15:53:36.389 [info] > git rev-parse --show-toplevel [3ms]
2025-12-11 15:53:36.390 [info] fatal: not a git repository (or any parent up to mount point /)
Stopping at filesystem boundary (GIT_DISCOVERY_ACROSS_FILESYSTEM not set).
2025-12-11 15:53:36.426 [info] > git rev-parse --show-toplevel [14ms]
2025-12-11 15:53:36.426 [info] fatal: not a git repository (or any parent up to mount point /)
Stopping at filesystem boundary (GIT_DISCOVERY_ACROSS_FILESYSTEM not set).
2025-12-11 15:53:36.470 [info] > git rev-parse --show-toplevel [18ms]
2025-12-11 15:53:36.470 [info] fatal: not a git repository (or any parent up to mount point /)
Stopping at filesystem boundary (GIT_DISCOVERY_ACROSS_FILESYSTEM not set).
2025-12-11 15:53:36.494 [info] > git rev-parse --show-toplevel [7ms]
2025-12-11 15:53:36.494 [info] fatal: not a git repository (or any parent up to mount point /)
Stopping at filesystem boundary (GIT_DISCOVERY_ACROSS_FILESYSTEM not set).
2025-12-11 15:53:36.512 [info] > git rev-parse --show-toplevel [3ms]
2025-12-11 15:53:36.512 [info] fatal: not a git repository (or any parent up to mount point /)
Stopping at filesystem boundary (GIT_DISCOVERY_ACROSS_FILESYSTEM not set).
2025-12-11 15:53:36.532 [info] > git rev-parse --show-toplevel [2ms]
2025-12-11 15:53:36.532 [info] fatal: not a git repository (or any parent up to mount point /)
Stopping at filesystem boundary (GIT_DISCOVERY_ACROSS_FILESYSTEM not set).
2025-12-11 15:53:36.550 [info] > git rev-parse --show-toplevel [2ms]
2025-12-11 15:53:36.550 [info] fatal: not a git repository (or any parent up to mount point /)
Stopping at filesystem boundary (GIT_DISCOVERY_ACROSS_FILESYSTEM not set).
2025-12-11 15:53:36.891 [info] > git rev-parse --show-toplevel [326ms]
2025-12-11 15:53:36.891 [info] fatal: not a git repository (or any parent up to mount point /)
Stopping at filesystem boundary (GIT_DISCOVERY_ACROSS_FILESYSTEM not set).
2025-12-11 15:53:36.892 [info] [Model][doInitialScan] Initial repository scan completed - repositories (0), closed repositories (0), parent repositories (0), unsafe repositories (0)
2025-12-11 15:53:36.966 [info] > git rev-parse --show-toplevel [18ms]
2025-12-11 15:53:36.966 [info] fatal: not a git repository (or any parent up to mount point /)
Stopping at filesystem boundary (GIT_DISCOVERY_ACROSS_FILESYSTEM not set).
2025-12-11 15:53:36.990 [info] > git rev-parse --show-toplevel [8ms]
2025-12-11 15:53:36.990 [info] fatal: not a git repository (or any parent up to mount point /)
Stopping at filesystem boundary (GIT_DISCOVERY_ACROSS_FILESYSTEM not set).
2025-12-11 15:54:01.012 [info] > git rev-parse --show-toplevel [21ms]
2025-12-11 15:54:01.012 [info] fatal: not a git repository (or any parent up to mount point /)
Stopping at filesystem boundary (GIT_DISCOVERY_ACROSS_FILESYSTEM not set).
2025-12-11 15:54:01.985 [info] > git rev-parse --show-toplevel [6ms]
2025-12-11 15:54:01.985 [info] fatal: not a git repository (or any parent up to mount point /)
Stopping at filesystem boundary (GIT_DISCOVERY_ACROSS_FILESYSTEM not set).
2025-12-11 15:54:05.490 [info] > git rev-parse --show-toplevel [11ms]
2025-12-11 15:54:05.490 [info] fatal: not a git repository (or any parent up to mount point /)
Stopping at filesystem boundary (GIT_DISCOVERY_ACROSS_FILESYSTEM not set).
2025-12-11 15:54:07.687 [info] > git rev-parse --show-toplevel [7ms]
2025-12-11 15:54:07.687 [info] fatal: not a git repository (or any parent up to mount point /)
Stopping at filesystem boundary (GIT_DISCOVERY_ACROSS_FILESYSTEM not set).
2025-12-11 15:54:09.165 [info] > git rev-parse --show-toplevel [5ms]
2025-12-11 15:54:09.165 [info] fatal: not a git repository (or any parent up to mount point /)
Stopping at filesystem boundary (GIT_DISCOVERY_ACROSS_FILESYSTEM not set).
2025-12-11 15:54:20.793 [info] > git rev-parse --show-toplevel [8ms]
2025-12-11 15:54:20.794 [info] fatal: not a git repository (or any parent up to mount point /)
Stopping at filesystem boundary (GIT_DISCOVERY_ACROSS_FILESYSTEM not set).
2025-12-11 15:54:21.996 [info] > git rev-parse --show-toplevel [7ms]
2025-12-11 15:54:21.996 [info] fatal: not a git repository (or any parent up to mount point /)
Stopping at filesystem boundary (GIT_DISCOVERY_ACROSS_FILESYSTEM not set).
2025-12-11 15:54:24.334 [info] > git rev-parse --show-toplevel [7ms]
2025-12-11 15:54:24.334 [info] fatal: not a git repository (or any parent up to mount point /)
Stopping at filesystem boundary (GIT_DISCOVERY_ACROSS_FILESYSTEM not set).
2025-12-11 15:54:25.688 [info] > git rev-parse --show-toplevel [7ms]
2025-12-11 15:54:25.688 [info] fatal: not a git repository (or any parent up to mount point /)
Stopping at filesystem boundary (GIT_DISCOVERY_ACROSS_FILESYSTEM not set).
2025-12-11 15:54:29.859 [info] > git rev-parse --show-toplevel [5ms]
2025-12-11 15:54:29.859 [info] fatal: not a git repository (or any parent up to mount point /)
Stopping at filesystem boundary (GIT_DISCOVERY_ACROSS_FILESYSTEM not set).
2025-12-11 15:54:39.091 [info] > git rev-parse --show-toplevel [5ms]
2025-12-11 15:54:39.091 [info] fatal: not a git repository (or any parent up to mount point /)
Stopping at filesystem boundary (GIT_DISCOVERY_ACROSS_FILESYSTEM not set).
2025-12-11 15:55:48.427 [info] > git rev-parse --show-toplevel [8ms]
2025-12-11 15:55:48.427 [info] fatal: not a git repository (or any parent up to mount point /)
Stopping at filesystem boundary (GIT_DISCOVERY_ACROSS_FILESYSTEM not set).
2025-12-11 15:55:49.266 [info] > git rev-parse --show-toplevel [7ms]
2025-12-11 15:55:49.266 [info] fatal: not a git repository (or any parent up to mount point /)
Stopping at filesystem boundary (GIT_DISCOVERY_ACROSS_FILESYSTEM not set).
2025-12-11 15:55:50.019 [info] > git rev-parse --show-toplevel [7ms]
2025-12-11 15:55:50.019 [info] fatal: not a git repository (or any parent up to mount point /)
Stopping at filesystem boundary (GIT_DISCOVERY_ACROSS_FILESYSTEM not set).
2025-12-11 15:56:15.833 [info] > git rev-parse --show-toplevel [7ms]
2025-12-11 15:56:15.833 [info] fatal: not a git repository (or any parent up to mount point /)
Stopping at filesystem boundary (GIT_DISCOVERY_ACROSS_FILESYSTEM not set).
2025-12-11 15:56:17.280 [info] > git rev-parse --show-toplevel [5ms]
2025-12-11 15:56:17.280 [info] fatal: not a git repository (or any parent up to mount point /)
Stopping at filesystem boundary (GIT_DISCOVERY_ACROSS_FILESYSTEM not set).
2025-12-11 15:56:21.562 [info] > git rev-parse --show-toplevel [4ms]
2025-12-11 15:56:21.562 [info] fatal: not a git repository (or any parent up to mount point /)
Stopping at filesystem boundary (GIT_DISCOVERY_ACROSS_FILESYSTEM not set).
2025-12-11 16:02:55.120 [info] > git rev-parse --show-toplevel [7ms]
2025-12-11 16:02:55.120 [info] fatal: not a git repository (or any parent up to mount point /)
Stopping at filesystem boundary (GIT_DISCOVERY_ACROSS_FILESYSTEM not set).
2025-12-11 16:02:57.911 [info] > git rev-parse --show-toplevel [5ms]
2025-12-11 16:02:57.911 [info] fatal: not a git repository (or any parent up to mount point /)
Stopping at filesystem boundary (GIT_DISCOVERY_ACROSS_FILESYSTEM not set).
2025-12-11 16:03:01.595 [info] > git rev-parse --show-toplevel [9ms]
2025-12-11 16:03:01.595 [info] fatal: not a git repository (or any parent up to mount point /)
Stopping at filesystem boundary (GIT_DISCOVERY_ACROSS_FILESYSTEM not set).
2025-12-11 16:03:04.310 [info] > git rev-parse --show-toplevel [4ms]
2025-12-11 16:03:04.310 [info] fatal: not a git repository (or any parent up to mount point /)
Stopping at filesystem boundary (GIT_DISCOVERY_ACROSS_FILESYSTEM not set).
2025-12-11 16:03:15.003 [info] > git rev-parse --show-toplevel [6ms]
2025-12-11 16:03:15.003 [info] fatal: not a git repository (or any parent up to mount point /)
Stopping at filesystem boundary (GIT_DISCOVERY_ACROSS_FILESYSTEM not set).
2025-12-11 16:03:24.762 [info] > git rev-parse --show-toplevel [5ms]
2025-12-11 16:03:24.762 [info] fatal: not a git repository (or any parent up to mount point /)
Stopping at filesystem boundary (GIT_DISCOVERY_ACROSS_FILESYSTEM not set).
2025-12-11 16:03:25.569 [info] > git rev-parse --show-toplevel [5ms]
2025-12-11 16:03:25.570 [info] fatal: not a git repository (or any parent up to mount point /)
Stopping at filesystem boundary (GIT_DISCOVERY_ACROSS_FILESYSTEM not set).
2025-12-11 16:21:07.687 [info] > git rev-parse --show-toplevel [7ms]
2025-12-11 16:21:07.687 [info] fatal: not a git repository (or any parent up to mount point /)
Stopping at filesystem boundary (GIT_DISCOVERY_ACROSS_FILESYSTEM not set).
2025-12-11 16:22:46.392 [info] > git rev-parse --show-toplevel [4ms]
2025-12-11 16:22:46.392 [info] fatal: not a git repository (or any parent up to mount point /)
Stopping at filesystem boundary (GIT_DISCOVERY_ACROSS_FILESYSTEM not set).
2025-12-11 16:22:49.786 [info] > git rev-parse --show-toplevel [6ms]
2025-12-11 16:22:49.786 [info] fatal: not a git repository (or any parent up to mount point /)
Stopping at filesystem boundary (GIT_DISCOVERY_ACROSS_FILESYSTEM not set).
2025-12-11 16:24:42.559 [info] > git rev-parse --show-toplevel [6ms]
2025-12-11 16:24:42.559 [info] fatal: not a git repository (or any parent up to mount point /)
Stopping at filesystem boundary (GIT_DISCOVERY_ACROSS_FILESYSTEM not set).
2025-12-11 16:24:50.307 [info] > git rev-parse --show-toplevel [5ms]
2025-12-11 16:24:50.307 [info] fatal: not a git repository (or any parent up to mount point /)
Stopping at filesystem boundary (GIT_DISCOVERY_ACROSS_FILESYSTEM not set).
2025-12-11 16:24:57.988 [info] > git rev-parse --show-toplevel [6ms]
2025-12-11 16:24:57.988 [info] fatal: not a git repository (or any parent up to mount point /)
Stopping at filesystem boundary (GIT_DISCOVERY_ACROSS_FILESYSTEM not set).
2025-12-11 16:25:00.702 [info] > git rev-parse --show-toplevel [6ms]
2025-12-11 16:25:00.702 [info] fatal: not a git repository (or any parent up to mount point /)
Stopping at filesystem boundary (GIT_DISCOVERY_ACROSS_FILESYSTEM not set).
2025-12-11 16:25:01.731 [info] > git rev-parse --show-toplevel [5ms]
2025-12-11 16:25:01.731 [info] fatal: not a git repository (or any parent up to mount point /)
Stopping at filesystem boundary (GIT_DISCOVERY_ACROSS_FILESYSTEM not set).
2025-12-11 16:25:07.731 [info] > git rev-parse --show-toplevel [4ms]
2025-12-11 16:25:07.731 [info] fatal: not a git repository (or any parent up to mount point /)
Stopping at filesystem boundary (GIT_DISCOVERY_ACROSS_FILESYSTEM not set).
2025-12-11 16:35:59.841 [info] > git rev-parse --show-toplevel [3ms]
2025-12-11 16:35:59.841 [info] fatal: not a git repository (or any parent up to mount point /)
Stopping at filesystem boundary (GIT_DISCOVERY_ACROSS_FILESYSTEM not set).
2025-12-11 16:36:14.611 [info] > git rev-parse --show-toplevel [5ms]
2025-12-11 16:36:14.611 [info] fatal: not a git repository (or any parent up to mount point /)
Stopping at filesystem boundary (GIT_DISCOVERY_ACROSS_FILESYSTEM not set).
2025-12-11 16:36:17.143 [info] > git rev-parse --show-toplevel [6ms]
2025-12-11 16:36:17.143 [info] fatal: not a git repository (or any parent up to mount point /)
Stopping at filesystem boundary (GIT_DISCOVERY_ACROSS_FILESYSTEM not set).
2025-12-11 16:37:12.997 [info] > git rev-parse --show-toplevel [5ms]
2025-12-11 16:37:12.997 [info] fatal: not a git repository (or any parent up to mount point /)
Stopping at filesystem boundary (GIT_DISCOVERY_ACROSS_FILESYSTEM not set).
2025-12-11 16:37:38.932 [info] > git rev-parse --show-toplevel [5ms]
2025-12-11 16:37:38.932 [info] fatal: not a git repository (or any parent up to mount point /)
Stopping at filesystem boundary (GIT_DISCOVERY_ACROSS_FILESYSTEM not set).
