2025-12-11 16:44:56.441 [info] [aebc6443-996d-45c2-90f0-388ff96faa56] Native Broker enabled: false
2025-12-11 16:44:57.058 [info] [getSessions] [all] starting
2025-12-11 16:44:57.058 [info] [getSessions] [all] returned 0 session(s)
2025-12-11 16:44:57.058 [info] [getSessions] [all] starting
2025-12-11 16:44:57.058 [info] [getSessions] [all] returned 0 session(s)
2025-12-11 16:44:57.058 [info] [getSessions] [all] starting
2025-12-11 16:44:57.058 [info] [getSessions] [all] returned 0 session(s)
2025-12-11 16:44:57.060 [info] [getSessions] [email offline_access openid profile] starting
2025-12-11 16:44:57.060 [info] [aebc6443-996d-45c2-90f0-388ff96faa56] Native Broker enabled: false
2025-12-11 16:44:57.682 [info] [getSessions] [email offline_access openid profile] returned 0 session(s)
2025-12-11 16:44:57.682 [info] [getSessions] [499b84ac-1321-427f-aa17-267ca6975798/.default offline_access] starting
2025-12-11 16:44:57.683 [info] [getSessions] [499b84ac-1321-427f-aa17-267ca6975798/.default offline_access] returned 0 session(s)
2025-12-11 16:45:00.215 [info] [getSessions] [499b84ac-1321-427f-aa17-267ca6975798/.default offline_access] starting
2025-12-11 16:45:00.215 [info] [getSessions] [499b84ac-1321-427f-aa17-267ca6975798/.default offline_access] returned 0 session(s)
2025-12-11 17:19:55.715 [info] [getSessions] [499b84ac-1321-427f-aa17-267ca6975798/.default offline_access] starting
2025-12-11 17:19:55.715 [info] [getSessions] [499b84ac-1321-427f-aa17-267ca6975798/.default offline_access] returned 0 session(s)
2025-12-11 17:19:56.243 [info] [getSessions] [499b84ac-1321-427f-aa17-267ca6975798/.default offline_access] starting
2025-12-11 17:19:56.244 [info] [getSessions] [499b84ac-1321-427f-aa17-267ca6975798/.default offline_access] returned 0 session(s)
2025-12-11 17:42:31.960 [info] [getSessions] [499b84ac-1321-427f-aa17-267ca6975798/.default offline_access] starting
2025-12-11 17:42:31.960 [info] [getSessions] [499b84ac-1321-427f-aa17-267ca6975798/.default offline_access] returned 0 session(s)
2025-12-11 18:10:29.046 [info] [getSessions] [499b84ac-1321-427f-aa17-267ca6975798/.default offline_access] starting
2025-12-11 18:10:29.046 [info] [getSessions] [499b84ac-1321-427f-aa17-267ca6975798/.default offline_access] returned 0 session(s)
2025-12-11 18:42:35.810 [info] [getSessions] [499b84ac-1321-427f-aa17-267ca6975798/.default offline_access] starting
2025-12-11 18:42:35.810 [info] [getSessions] [499b84ac-1321-427f-aa17-267ca6975798/.default offline_access] returned 0 session(s)
2025-12-11 18:42:36.537 [info] [getSessions] [499b84ac-1321-427f-aa17-267ca6975798/.default offline_access] starting
2025-12-11 18:42:36.537 [info] [getSessions] [499b84ac-1321-427f-aa17-267ca6975798/.default offline_access] returned 0 session(s)
2025-12-11 19:37:37.499 [info] [getSessions] [499b84ac-1321-427f-aa17-267ca6975798/.default offline_access] starting
2025-12-11 19:37:37.500 [info] [getSessions] [499b84ac-1321-427f-aa17-267ca6975798/.default offline_access] returned 0 session(s)
