Initializing document watcher...
Document watcher initialized
.config/i3/config: {"tabSize":8,"indentSize":8,"insertSpaces":true,"cursorStyle":1,"lineNumbers":1}
/home/sheen/.config/Code/User/settings.json: Using EditorConfig core...
.config/i3/config: {"tabSize":8,"indentSize":8,"insertSpaces":true,"cursorStyle":1,"lineNumbers":1}
.config/i3/config: {"tabSize":8,"indentSize":8,"insertSpaces":true,"cursorStyle":1,"lineNumbers":1}
.config/i3/config: {"tabSize":8,"indentSize":8,"insertSpaces":true,"cursorStyle":1,"lineNumbers":1}
.config/i3/config: {"tabSize":8,"indentSize":8,"insertSpaces":true,"cursorStyle":1,"lineNumbers":1}
.config/i3/config: {"tabSize":8,"indentSize":8,"insertSpaces":true,"cursorStyle":1,"lineNumbers":1}
.config/i3/config: {"tabSize":8,"indentSize":8,"insertSpaces":true,"cursorStyle":1,"lineNumbers":1}
.config/alacritty/alacritty.toml: {"tabSize":4,"indentSize":4,"insertSpaces":true,"cursorStyle":1,"lineNumbers":1}
/home/sheen/.config/Code/User/settings.json: {"tabSize":2,"indentSize":2,"insertSpaces":true,"cursorStyle":1,"lineNumbers":1}
/home/sheen/.config/Code/User/settings.json: Using EditorConfig core...
/home/sheen/.config/Code/User/settings.json: Using EditorConfig core...
/home/sheen/.config/Code/User/settings.json: Using EditorConfig core...
/home/sheen/.config/Code/User/settings.json: Using EditorConfig core...
/home/sheen/.config/Code/User/settings.json: {"tabSize":2,"indentSize":2,"insertSpaces":true,"cursorStyle":1,"lineNumbers":1}
/home/sheen/.config/Code/User/settings.json: {"tabSize":2,"indentSize":2,"insertSpaces":true,"cursorStyle":1,"lineNumbers":1}
/home/sheen/.config/Code/User/settings.json: {"tabSize":2,"indentSize":2,"insertSpaces":true,"cursorStyle":1,"lineNumbers":1}
.config/alacritty/alacritty.toml: {"tabSize":4,"indentSize":4,"insertSpaces":true,"cursorStyle":1,"lineNumbers":1}
.config/alacritty/alacritty.toml: Using EditorConfig core...
.config/alacritty/alacritty.toml: Using EditorConfig core...
.config/alacritty/alacritty.toml: Using EditorConfig core...
.config/alacritty/alacritty.toml: {"tabSize":4,"indentSize":4,"insertSpaces":true,"cursorStyle":1,"lineNumbers":1}
.config/alacritty/alacritty.toml: {"tabSize":4,"indentSize":4,"insertSpaces":true,"cursorStyle":1,"lineNumbers":1}
.config/alacritty/alacritty.toml: {"tabSize":4,"indentSize":4,"insertSpaces":true,"cursorStyle":1,"lineNumbers":1}
.config/alacritty/alacritty.toml: Using EditorConfig core...
.config/alacritty/alacritty.toml: {"tabSize":4,"indentSize":4,"insertSpaces":true,"cursorStyle":1,"lineNumbers":1}
.config/alacritty/alacritty.toml: Using EditorConfig core...
.config/alacritty/alacritty.toml: {"tabSize":4,"indentSize":4,"insertSpaces":true,"cursorStyle":1,"lineNumbers":1}
.config/alacritty/alacritty.toml: {"tabSize":4,"indentSize":4,"insertSpaces":true,"cursorStyle":1,"lineNumbers":1}
.config/alacritty/alacritty.toml: {"tabSize":4,"indentSize":4,"insertSpaces":true,"cursorStyle":1,"lineNumbers":1}
.config/alacritty/alacritty.toml: Using EditorConfig core...
.config/alacritty/alacritty.toml: {"tabSize":4,"indentSize":4,"insertSpaces":true,"cursorStyle":1,"lineNumbers":1}
.config/alacritty/alacritty.toml: {"tabSize":4,"indentSize":4,"insertSpaces":true,"cursorStyle":1,"lineNumbers":1}
/home/sheen/.config/Code/User/settings.json: {"tabSize":2,"indentSize":2,"insertSpaces":true,"cursorStyle":1,"lineNumbers":1}
/home/sheen/.config/Code/User/settings.json: Using EditorConfig core...
/home/sheen/.config/Code/User/settings.json: Using EditorConfig core...
/home/sheen/.config/Code/User/settings.json: Using EditorConfig core...
/home/sheen/.config/Code/User/settings.json: {"tabSize":2,"indentSize":2,"insertSpaces":true,"cursorStyle":1,"lineNumbers":1}
/home/sheen/.config/Code/User/settings.json: {"tabSize":2,"indentSize":2,"insertSpaces":true,"cursorStyle":1,"lineNumbers":1}
/home/sheen/.config/Code/User/settings.json: {"tabSize":2,"indentSize":2,"insertSpaces":true,"cursorStyle":1,"lineNumbers":1}
/home/sheen/.config/Code/User/settings.json: {"tabSize":2,"indentSize":2,"insertSpaces":true,"cursorStyle":1,"lineNumbers":1}
/home/sheen/.config/Code/User/settings.json: {"tabSize":2,"indentSize":2,"insertSpaces":true,"cursorStyle":1,"lineNumbers":1}
/home/sheen/.config/Code/User/settings.json: {"tabSize":2,"indentSize":2,"insertSpaces":true,"cursorStyle":1,"lineNumbers":1}
/home/sheen/.config/Code/User/settings.json: Using EditorConfig core...
/home/sheen/.config/Code/User/settings.json: Using EditorConfig core...
/home/sheen/.config/Code/User/settings.json: Using EditorConfig core...
/home/sheen/.config/Code/User/settings.json: Using EditorConfig core...
/home/sheen/.config/Code/User/settings.json: Using EditorConfig core...
.config/alacritty/alacritty.toml: {"tabSize":4,"indentSize":4,"insertSpaces":true,"cursorStyle":1,"lineNumbers":1}
.config/alacritty/alacritty.toml: Using EditorConfig core...
.config/alacritty/alacritty.toml: Using EditorConfig core...
.config/alacritty/alacritty.toml: {"tabSize":4,"indentSize":4,"insertSpaces":true,"cursorStyle":1,"lineNumbers":1}
.config/alacritty/alacritty.toml: {"tabSize":4,"indentSize":4,"insertSpaces":true,"cursorStyle":1,"lineNumbers":1}
.config/i3/keybindings: {"tabSize":2,"indentSize":2,"insertSpaces":true,"cursorStyle":1,"lineNumbers":1}
.config/i3/config: {"tabSize":8,"indentSize":8,"insertSpaces":true,"cursorStyle":1,"lineNumbers":1}
