[Info  - 3:26:25 PM] [language-server] Registering module | module: "auto-fix"
[Info  - 3:26:25 PM] [language-server] Module registered | module: "auto-fix"
[Info  - 3:26:25 PM] [language-server] Registering module | module: "code-action"
[Info  - 3:26:25 PM] [language-server] Module registered | module: "code-action"
[Info  - 3:26:25 PM] [language-server] Registering module | module: "completion"
[Info  - 3:26:25 PM] [language-server] Module registered | module: "completion"
[Info  - 3:26:25 PM] [language-server] Registering module | module: "formatter"
[Info  - 3:26:25 PM] [language-server] Module registered | module: "formatter"
[Info  - 3:26:25 PM] [language-server] Registering module | module: "old-stylelint-warning"
[Info  - 3:26:25 PM] [language-server] Module registered | module: "old-stylelint-warning"
[Info  - 3:26:25 PM] [language-server] Registering module | module: "validator"
[Info  - 3:26:25 PM] [language-server] Module registered | module: "validator"
[Info  - 3:26:25 PM] [language-server] Starting language server
[Info  - 3:26:25 PM] [language-server] Registering handlers
[Info  - 3:26:25 PM] [language-server] Handlers registered
[Info  - 3:26:25 PM] [language-server] Language server started
[Warn  - 3:26:25 PM] [language-server] Failed to resolve global node_modules path. | packageManager: "npm" error: {"errno":-2,"code":"ENOENT","syscall":"spawn npm","path":"npm","spawnargs":["config","get","prefix"],"name":"Error","message":"spawn npm ENOENT","stack":"Error: spawn npm ENOENT\n    at ChildProcess._handle.onexit (node:internal/child_process:285:19)\n    at onErrorNT (node:internal/child_process:483:16)\n    at processTicksAndRejections (node:internal/process/task_queues:90:21)\n    at runNextTicks (node:internal/process/task_queues:69:3)\n    at process.processImmediate (node:internal/timers:453:9)"}
[Warn  - 3:26:25 PM] [language-server] Could not load Stylelint from node_modules | error: {"name":"Error","message":"Failed to resolve module: stylelint","stack":"Error: Failed to resolve module: stylelint\n    at ChildProcess.<anonymous> (/home/sheen/.vscode/extensions/stylelint.vscode-stylelint-1.6.0/dist/start-server.js:35:80660)\n    at ChildProcess.emit (node:events:519:28)\n    at emit (node:internal/child_process:949:14)\n    at process.processTicksAndRejections (node:internal/process/task_queues:91:21)"}
[Warn  - 3:26:25 PM] [language-server] Failed to load Stylelint either globally or from the current workspace.
[Warn  - 3:26:25 PM] [language-server] Failed to resolve Stylelint | uri: "file:///home/sheen/.config/i3/config"
[Info  - 3:53:18 PM] [language-server] Stopping language server
