2025-12-11 15:25:12.597 [info] [getSessions] [all] starting
2025-12-11 15:25:12.597 [info] [getSessions] [all] returned 0 session(s)
2025-12-11 15:25:12.597 [info] [getSessions] [all] starting
2025-12-11 15:25:12.597 [info] [getSessions] [all] returned 0 session(s)
2025-12-11 15:25:12.597 [info] [getSessions] [all] starting
2025-12-11 15:25:12.597 [info] [getSessions] [all] returned 0 session(s)
2025-12-11 15:25:12.598 [info] [getSessions] [499b84ac-1321-427f-aa17-267ca6975798/.default offline_access] starting
2025-12-11 15:25:12.598 [info] [aebc6443-996d-45c2-90f0-388ff96faa56] Native Broker enabled: false
2025-12-11 15:25:12.600 [info] [getSessions] [499b84ac-1321-427f-aa17-267ca6975798/.default offline_access] returned 0 session(s)
2025-12-11 15:25:13.194 [info] [getSessions] [499b84ac-1321-427f-aa17-267ca6975798/.default offline_access] starting
2025-12-11 15:25:13.194 [info] [getSessions] [499b84ac-1321-427f-aa17-267ca6975798/.default offline_access] returned 0 session(s)
2025-12-11 15:25:30.910 [info] [getSessions] [email offline_access openid profile] starting
2025-12-11 15:25:30.910 [info] [getSessions] [email offline_access openid profile] returned 0 session(s)
2025-12-11 15:25:42.189 [info] [getSessions] [499b84ac-1321-427f-aa17-267ca6975798/.default offline_access] starting
2025-12-11 15:25:42.189 [info] [getSessions] [499b84ac-1321-427f-aa17-267ca6975798/.default offline_access] returned 0 session(s)
2025-12-11 15:25:58.273 [info] [getSessions] [email offline_access openid profile] starting
2025-12-11 15:25:58.273 [info] [getSessions] [email offline_access openid profile] returned 0 session(s)
2025-12-11 15:46:29.534 [info] [getSessions] [499b84ac-1321-427f-aa17-267ca6975798/.default offline_access] starting
2025-12-11 15:46:29.534 [info] [getSessions] [499b84ac-1321-427f-aa17-267ca6975798/.default offline_access] returned 0 session(s)
2025-12-11 15:53:18.172 [info] Microsoft Authentication is deactivating...
