2025-12-11 16:44:53.579 [info] Reading sessions from keychain...
2025-12-11 16:44:53.579 [info] Getting sessions for all scopes...
2025-12-11 16:44:53.579 [info] Got stored sessions!
2025-12-11 16:44:53.579 [info] Got 2 verified sessions.
2025-12-11 16:44:53.579 [info] Got 2 sessions for ...
2025-12-11 16:44:53.579 [info] Getting sessions for all scopes...
2025-12-11 16:44:53.579 [info] Got 2 sessions for ...
2025-12-11 16:44:53.579 [info] Getting sessions for all scopes...
2025-12-11 16:44:53.579 [info] Got 2 sessions for ...
2025-12-11 16:44:53.579 [info] Getting sessions for all scopes...
2025-12-11 16:44:53.579 [info] Got 2 sessions for ...
2025-12-11 16:44:53.579 [info] Getting sessions for all scopes...
2025-12-11 16:44:53.579 [info] Got 2 sessions for ...
2025-12-11 16:44:53.579 [info] Getting sessions for all scopes...
2025-12-11 16:44:53.579 [info] Got 2 sessions for ...
2025-12-11 16:44:53.579 [info] Getting sessions for all scopes...
2025-12-11 16:44:53.579 [info] Got 2 sessions for ...
2025-12-11 16:44:53.579 [info] Getting sessions for all scopes...
2025-12-11 16:44:53.579 [info] Got 2 sessions for ...
2025-12-11 16:44:53.579 [info] Getting sessions for all scopes...
2025-12-11 16:44:53.579 [info] Got 2 sessions for ...
2025-12-11 16:44:53.579 [info] Getting sessions for all scopes...
2025-12-11 16:44:53.579 [info] Got 2 sessions for ...
2025-12-11 16:44:53.579 [info] Getting sessions for all scopes...
2025-12-11 16:44:53.579 [info] Got 2 sessions for ...
2025-12-11 16:44:53.579 [info] Getting sessions for all scopes...
2025-12-11 16:44:53.579 [info] Got 2 sessions for ...
2025-12-11 16:44:53.579 [info] Getting sessions for all scopes...
2025-12-11 16:44:53.579 [info] Got 2 sessions for ...
2025-12-11 16:44:53.579 [info] Getting sessions for all scopes...
2025-12-11 16:44:53.579 [info] Got 2 sessions for ...
2025-12-11 16:44:53.579 [info] Getting sessions for user:email...
2025-12-11 16:44:53.579 [info] Got 1 sessions for user:email...
2025-12-11 16:44:53.579 [info] Getting sessions for all scopes...
2025-12-11 16:44:53.579 [info] Got 2 sessions for ...
2025-12-11 16:44:53.579 [info] Getting sessions for all scopes...
2025-12-11 16:44:53.579 [info] Got 2 sessions for ...
2025-12-11 16:44:53.579 [info] Getting sessions for all scopes...
2025-12-11 16:44:53.579 [info] Got 2 sessions for ...
2025-12-11 16:44:53.579 [info] Getting sessions for all scopes...
2025-12-11 16:44:53.579 [info] Got 2 sessions for ...
2025-12-11 16:44:53.579 [info] Getting sessions for all scopes...
2025-12-11 16:44:53.579 [info] Got 2 sessions for ...
2025-12-11 16:44:53.579 [info] Getting sessions for all scopes...
2025-12-11 16:44:53.579 [info] Got 2 sessions for ...
2025-12-11 16:44:53.579 [info] Getting sessions for all scopes...
2025-12-11 16:44:53.579 [info] Got 2 sessions for ...
2025-12-11 16:44:53.704 [info] Getting sessions for read:user,repo,user:email,workflow...
2025-12-11 16:44:53.704 [info] Got 1 sessions for read:user,repo,user:email,workflow...
2025-12-11 16:44:56.677 [info] Getting sessions for all scopes...
2025-12-11 16:44:56.677 [info] Got 2 sessions for ...
2025-12-11 16:44:57.035 [info] Getting sessions for project,read:org,read:user,repo,user:email,workflow...
2025-12-11 16:44:57.035 [info] Got 0 sessions for project,read:org,read:user,repo,user:email,workflow...
2025-12-11 16:44:57.056 [info] Getting sessions for all scopes...
2025-12-11 16:44:57.056 [info] Got 2 sessions for ...
2025-12-11 16:44:57.056 [info] Getting sessions for all scopes...
2025-12-11 16:44:57.056 [info] Got 2 sessions for ...
2025-12-11 16:44:57.057 [info] Getting sessions for user:email...
2025-12-11 16:44:57.057 [info] Got 1 sessions for user:email...
2025-12-11 16:44:57.069 [info] Getting sessions for read:user,repo,user:email,workflow...
2025-12-11 16:44:57.069 [info] Got 1 sessions for read:user,repo,user:email,workflow...
2025-12-11 16:44:57.118 [info] Getting sessions for read:user,repo,user:email,workflow...
2025-12-11 16:44:57.118 [info] Got 1 sessions for read:user,repo,user:email,workflow...
2025-12-11 16:44:57.835 [info] Getting sessions for user:email...
2025-12-11 16:44:57.835 [info] Got 1 sessions for user:email...
2025-12-11 16:44:58.046 [info] Getting sessions for all scopes...
2025-12-11 16:44:58.046 [info] Got 2 sessions for ...
2025-12-11 16:44:58.146 [info] Getting sessions for all scopes...
2025-12-11 16:44:58.146 [info] Got 2 sessions for ...
2025-12-11 16:44:58.147 [info] Getting sessions for all scopes...
2025-12-11 16:44:58.147 [info] Got 2 sessions for ...
2025-12-11 16:44:58.211 [info] Getting sessions for all scopes...
2025-12-11 16:44:58.211 [info] Got 2 sessions for ...
2025-12-11 16:44:58.232 [info] Getting sessions for all scopes...
2025-12-11 16:44:58.232 [info] Got 2 sessions for ...
2025-12-11 16:44:59.461 [info] Getting sessions for read:user,repo,user:email,workflow...
2025-12-11 16:44:59.461 [info] Got 1 sessions for read:user,repo,user:email,workflow...
2025-12-11 16:45:00.214 [info] Getting sessions for all scopes...
2025-12-11 16:45:00.214 [info] Got 2 sessions for ...
2025-12-11 16:45:00.214 [info] Getting sessions for all scopes...
2025-12-11 16:45:00.214 [info] Got 2 sessions for ...
2025-12-11 16:45:00.251 [info] Getting sessions for read:user,repo,user:email,workflow...
2025-12-11 16:45:00.251 [info] Got 1 sessions for read:user,repo,user:email,workflow...
2025-12-11 16:45:00.298 [info] Getting sessions for all scopes...
2025-12-11 16:45:00.298 [info] Got 2 sessions for ...
2025-12-11 16:45:00.304 [info] Getting sessions for all scopes...
2025-12-11 16:45:00.304 [info] Got 2 sessions for ...
2025-12-11 16:45:00.316 [info] Getting sessions for read:user,repo,user:email,workflow...
2025-12-11 16:45:00.316 [info] Got 1 sessions for read:user,repo,user:email,workflow...
2025-12-11 16:45:00.496 [info] Getting sessions for all scopes...
2025-12-11 16:45:00.496 [info] Got 2 sessions for ...
2025-12-11 16:45:00.498 [info] Getting sessions for read:user,repo,user:email,workflow...
2025-12-11 16:45:00.498 [info] Got 1 sessions for read:user,repo,user:email,workflow...
2025-12-11 16:45:22.967 [info] Getting sessions for all scopes...
2025-12-11 16:45:22.967 [info] Got 2 sessions for ...
2025-12-11 16:45:22.979 [info] Getting sessions for all scopes...
2025-12-11 16:45:22.979 [info] Got 2 sessions for ...
2025-12-11 16:49:52.256 [info] Getting sessions for all scopes...
2025-12-11 16:49:52.256 [info] Got 2 sessions for ...
2025-12-11 16:49:52.258 [info] Getting sessions for read:user,repo,user:email,workflow...
2025-12-11 16:49:52.258 [info] Got 1 sessions for read:user,repo,user:email,workflow...
2025-12-11 16:54:52.256 [info] Getting sessions for all scopes...
2025-12-11 16:54:52.256 [info] Got 2 sessions for ...
2025-12-11 16:54:52.259 [info] Getting sessions for read:user,repo,user:email,workflow...
2025-12-11 16:54:52.259 [info] Got 1 sessions for read:user,repo,user:email,workflow...
2025-12-11 16:59:52.257 [info] Getting sessions for all scopes...
2025-12-11 16:59:52.257 [info] Got 2 sessions for ...
2025-12-11 16:59:52.259 [info] Getting sessions for read:user,repo,user:email,workflow...
2025-12-11 16:59:52.259 [info] Got 1 sessions for read:user,repo,user:email,workflow...
2025-12-11 17:01:39.411 [info] Getting sessions for read:user,repo,user:email,workflow...
2025-12-11 17:01:39.412 [info] Got 1 sessions for read:user,repo,user:email,workflow...
2025-12-11 17:01:39.589 [info] Getting sessions for all scopes...
2025-12-11 17:01:39.589 [info] Got 2 sessions for ...
2025-12-11 17:01:39.628 [info] Getting sessions for read:user,repo,user:email,workflow...
2025-12-11 17:01:39.628 [info] Got 1 sessions for read:user,repo,user:email,workflow...
2025-12-11 17:04:52.257 [info] Getting sessions for all scopes...
2025-12-11 17:04:52.257 [info] Got 2 sessions for ...
2025-12-11 17:04:52.260 [info] Getting sessions for read:user,repo,user:email,workflow...
2025-12-11 17:04:52.260 [info] Got 1 sessions for read:user,repo,user:email,workflow...
2025-12-11 17:04:57.962 [info] Getting sessions for all scopes...
2025-12-11 17:04:57.962 [info] Got 2 sessions for ...
2025-12-11 17:04:57.964 [info] Getting sessions for read:user,repo,user:email,workflow...
2025-12-11 17:04:57.964 [info] Got 1 sessions for read:user,repo,user:email,workflow...
2025-12-11 17:09:52.256 [info] Getting sessions for all scopes...
2025-12-11 17:09:52.256 [info] Got 2 sessions for ...
2025-12-11 17:09:52.258 [info] Getting sessions for read:user,repo,user:email,workflow...
2025-12-11 17:09:52.258 [info] Got 1 sessions for read:user,repo,user:email,workflow...
2025-12-11 17:09:57.962 [info] Getting sessions for all scopes...
2025-12-11 17:09:57.962 [info] Got 2 sessions for ...
2025-12-11 17:09:57.965 [info] Getting sessions for read:user,repo,user:email,workflow...
2025-12-11 17:09:57.970 [info] Got 1 sessions for read:user,repo,user:email,workflow...
2025-12-11 17:14:52.258 [info] Getting sessions for all scopes...
2025-12-11 17:14:52.258 [info] Got 2 sessions for ...
2025-12-11 17:14:52.260 [info] Getting sessions for read:user,repo,user:email,workflow...
2025-12-11 17:14:52.260 [info] Got 1 sessions for read:user,repo,user:email,workflow...
2025-12-11 17:14:57.964 [info] Getting sessions for all scopes...
2025-12-11 17:14:57.964 [info] Got 2 sessions for ...
2025-12-11 17:14:57.967 [info] Getting sessions for read:user,repo,user:email,workflow...
2025-12-11 17:14:57.967 [info] Got 1 sessions for read:user,repo,user:email,workflow...
2025-12-11 17:19:52.258 [info] Getting sessions for all scopes...
2025-12-11 17:19:52.258 [info] Got 2 sessions for ...
2025-12-11 17:19:52.260 [info] Getting sessions for read:user,repo,user:email,workflow...
2025-12-11 17:19:52.260 [info] Got 1 sessions for read:user,repo,user:email,workflow...
2025-12-11 17:19:55.714 [info] Getting sessions for all scopes...
2025-12-11 17:19:55.714 [info] Got 2 sessions for ...
2025-12-11 17:19:55.715 [info] Getting sessions for all scopes...
2025-12-11 17:19:55.715 [info] Got 2 sessions for ...
2025-12-11 17:19:55.717 [info] Getting sessions for read:user,repo,user:email,workflow...
2025-12-11 17:19:55.717 [info] Got 1 sessions for read:user,repo,user:email,workflow...
2025-12-11 17:19:55.750 [info] Getting sessions for all scopes...
2025-12-11 17:19:55.750 [info] Got 2 sessions for ...
2025-12-11 17:19:55.753 [info] Getting sessions for read:user,repo,user:email,workflow...
2025-12-11 17:19:55.753 [info] Got 1 sessions for read:user,repo,user:email,workflow...
2025-12-11 17:19:56.243 [info] Getting sessions for all scopes...
2025-12-11 17:19:56.243 [info] Got 2 sessions for ...
2025-12-11 17:19:56.243 [info] Getting sessions for all scopes...
2025-12-11 17:19:56.243 [info] Got 2 sessions for ...
2025-12-11 17:19:56.246 [info] Getting sessions for read:user,repo,user:email,workflow...
2025-12-11 17:19:56.246 [info] Got 1 sessions for read:user,repo,user:email,workflow...
2025-12-11 17:19:56.265 [info] Getting sessions for all scopes...
2025-12-11 17:19:56.266 [info] Got 2 sessions for ...
2025-12-11 17:19:56.268 [info] Getting sessions for read:user,repo,user:email,workflow...
2025-12-11 17:19:56.268 [info] Got 1 sessions for read:user,repo,user:email,workflow...
2025-12-11 17:19:56.460 [info] Getting sessions for all scopes...
2025-12-11 17:19:56.460 [info] Got 2 sessions for ...
2025-12-11 17:19:56.465 [info] Getting sessions for read:user,repo,user:email,workflow...
2025-12-11 17:19:56.465 [info] Got 1 sessions for read:user,repo,user:email,workflow...
2025-12-11 17:19:57.964 [info] Getting sessions for all scopes...
2025-12-11 17:19:57.964 [info] Got 2 sessions for ...
2025-12-11 17:19:57.967 [info] Getting sessions for read:user,repo,user:email,workflow...
2025-12-11 17:19:57.967 [info] Got 1 sessions for read:user,repo,user:email,workflow...
2025-12-11 17:24:52.259 [info] Getting sessions for all scopes...
2025-12-11 17:24:52.259 [info] Got 2 sessions for ...
2025-12-11 17:24:52.261 [info] Getting sessions for read:user,repo,user:email,workflow...
2025-12-11 17:24:52.262 [info] Got 1 sessions for read:user,repo,user:email,workflow...
2025-12-11 17:24:57.965 [info] Getting sessions for all scopes...
2025-12-11 17:24:57.965 [info] Got 2 sessions for ...
2025-12-11 17:24:57.967 [info] Getting sessions for read:user,repo,user:email,workflow...
2025-12-11 17:24:57.967 [info] Got 1 sessions for read:user,repo,user:email,workflow...
2025-12-11 17:29:52.260 [info] Getting sessions for all scopes...
2025-12-11 17:29:52.260 [info] Got 2 sessions for ...
2025-12-11 17:29:52.263 [info] Getting sessions for read:user,repo,user:email,workflow...
2025-12-11 17:29:52.263 [info] Got 1 sessions for read:user,repo,user:email,workflow...
2025-12-11 17:29:57.963 [info] Getting sessions for all scopes...
2025-12-11 17:29:57.963 [info] Got 2 sessions for ...
2025-12-11 17:29:57.965 [info] Getting sessions for read:user,repo,user:email,workflow...
2025-12-11 17:29:57.965 [info] Got 1 sessions for read:user,repo,user:email,workflow...
2025-12-11 17:34:52.261 [info] Getting sessions for all scopes...
2025-12-11 17:34:52.261 [info] Got 2 sessions for ...
2025-12-11 17:34:52.263 [info] Getting sessions for read:user,repo,user:email,workflow...
2025-12-11 17:34:52.263 [info] Got 1 sessions for read:user,repo,user:email,workflow...
2025-12-11 17:34:57.964 [info] Getting sessions for all scopes...
2025-12-11 17:34:57.964 [info] Got 2 sessions for ...
2025-12-11 17:34:57.966 [info] Getting sessions for read:user,repo,user:email,workflow...
2025-12-11 17:34:57.966 [info] Got 1 sessions for read:user,repo,user:email,workflow...
2025-12-11 17:39:52.261 [info] Getting sessions for all scopes...
2025-12-11 17:39:52.261 [info] Got 2 sessions for ...
2025-12-11 17:39:52.263 [info] Getting sessions for read:user,repo,user:email,workflow...
2025-12-11 17:39:52.263 [info] Got 1 sessions for read:user,repo,user:email,workflow...
2025-12-11 17:39:57.963 [info] Getting sessions for all scopes...
2025-12-11 17:39:57.963 [info] Got 2 sessions for ...
2025-12-11 17:39:57.966 [info] Getting sessions for read:user,repo,user:email,workflow...
2025-12-11 17:39:57.966 [info] Got 1 sessions for read:user,repo,user:email,workflow...
2025-12-11 17:42:31.484 [info] Getting sessions for all scopes...
2025-12-11 17:42:31.484 [info] Got 2 sessions for ...
2025-12-11 17:42:31.487 [info] Getting sessions for read:user,repo,user:email,workflow...
2025-12-11 17:42:31.487 [info] Got 1 sessions for read:user,repo,user:email,workflow...
2025-12-11 17:42:31.959 [info] Getting sessions for all scopes...
2025-12-11 17:42:31.959 [info] Got 2 sessions for ...
2025-12-11 17:42:31.959 [info] Getting sessions for all scopes...
2025-12-11 17:42:31.959 [info] Got 2 sessions for ...
2025-12-11 17:42:31.962 [info] Getting sessions for read:user,repo,user:email,workflow...
2025-12-11 17:42:31.962 [info] Got 1 sessions for read:user,repo,user:email,workflow...
2025-12-11 17:42:31.974 [info] Getting sessions for all scopes...
2025-12-11 17:42:31.974 [info] Got 2 sessions for ...
2025-12-11 17:42:31.976 [info] Getting sessions for read:user,repo,user:email,workflow...
2025-12-11 17:42:31.976 [info] Got 1 sessions for read:user,repo,user:email,workflow...
2025-12-11 17:42:32.169 [info] Getting sessions for all scopes...
2025-12-11 17:42:32.169 [info] Got 2 sessions for ...
2025-12-11 17:42:32.171 [info] Getting sessions for read:user,repo,user:email,workflow...
2025-12-11 17:42:32.171 [info] Got 1 sessions for read:user,repo,user:email,workflow...
2025-12-11 17:44:52.265 [info] Getting sessions for all scopes...
2025-12-11 17:44:52.265 [info] Got 2 sessions for ...
2025-12-11 17:44:52.267 [info] Getting sessions for read:user,repo,user:email,workflow...
2025-12-11 17:44:52.267 [info] Got 1 sessions for read:user,repo,user:email,workflow...
2025-12-11 17:44:57.968 [info] Getting sessions for all scopes...
2025-12-11 17:44:57.968 [info] Got 2 sessions for ...
2025-12-11 17:44:57.970 [info] Getting sessions for read:user,repo,user:email,workflow...
2025-12-11 17:44:57.970 [info] Got 1 sessions for read:user,repo,user:email,workflow...
2025-12-11 17:49:52.263 [info] Getting sessions for all scopes...
2025-12-11 17:49:52.263 [info] Got 2 sessions for ...
2025-12-11 17:49:52.265 [info] Getting sessions for read:user,repo,user:email,workflow...
2025-12-11 17:49:52.265 [info] Got 1 sessions for read:user,repo,user:email,workflow...
2025-12-11 17:49:57.964 [info] Getting sessions for all scopes...
2025-12-11 17:49:57.964 [info] Got 2 sessions for ...
2025-12-11 17:49:57.966 [info] Getting sessions for read:user,repo,user:email,workflow...
2025-12-11 17:49:57.966 [info] Got 1 sessions for read:user,repo,user:email,workflow...
2025-12-11 17:54:52.263 [info] Getting sessions for all scopes...
2025-12-11 17:54:52.263 [info] Got 2 sessions for ...
2025-12-11 17:54:52.266 [info] Getting sessions for read:user,repo,user:email,workflow...
2025-12-11 17:54:52.266 [info] Got 1 sessions for read:user,repo,user:email,workflow...
2025-12-11 17:54:57.964 [info] Getting sessions for all scopes...
2025-12-11 17:54:57.964 [info] Got 2 sessions for ...
2025-12-11 17:54:57.966 [info] Getting sessions for read:user,repo,user:email,workflow...
2025-12-11 17:54:57.966 [info] Got 1 sessions for read:user,repo,user:email,workflow...
2025-12-11 17:59:52.263 [info] Getting sessions for all scopes...
2025-12-11 17:59:52.264 [info] Got 2 sessions for ...
2025-12-11 17:59:52.266 [info] Getting sessions for read:user,repo,user:email,workflow...
2025-12-11 17:59:52.266 [info] Got 1 sessions for read:user,repo,user:email,workflow...
2025-12-11 17:59:57.965 [info] Getting sessions for all scopes...
2025-12-11 17:59:57.965 [info] Got 2 sessions for ...
2025-12-11 17:59:57.968 [info] Getting sessions for read:user,repo,user:email,workflow...
2025-12-11 17:59:57.972 [info] Got 1 sessions for read:user,repo,user:email,workflow...
2025-12-11 18:04:52.263 [info] Getting sessions for all scopes...
2025-12-11 18:04:52.263 [info] Got 2 sessions for ...
2025-12-11 18:04:52.265 [info] Getting sessions for read:user,repo,user:email,workflow...
2025-12-11 18:04:52.265 [info] Got 1 sessions for read:user,repo,user:email,workflow...
2025-12-11 18:04:57.965 [info] Getting sessions for all scopes...
2025-12-11 18:04:57.965 [info] Got 2 sessions for ...
2025-12-11 18:04:57.968 [info] Getting sessions for read:user,repo,user:email,workflow...
2025-12-11 18:04:57.968 [info] Got 1 sessions for read:user,repo,user:email,workflow...
2025-12-11 18:09:52.265 [info] Getting sessions for all scopes...
2025-12-11 18:09:52.265 [info] Got 2 sessions for ...
2025-12-11 18:09:52.268 [info] Getting sessions for read:user,repo,user:email,workflow...
2025-12-11 18:09:52.268 [info] Got 1 sessions for read:user,repo,user:email,workflow...
2025-12-11 18:09:57.966 [info] Getting sessions for all scopes...
2025-12-11 18:09:57.966 [info] Got 2 sessions for ...
2025-12-11 18:09:57.969 [info] Getting sessions for read:user,repo,user:email,workflow...
2025-12-11 18:09:57.969 [info] Got 1 sessions for read:user,repo,user:email,workflow...
2025-12-11 18:10:28.502 [info] Getting sessions for all scopes...
2025-12-11 18:10:28.502 [info] Got 2 sessions for ...
2025-12-11 18:10:28.504 [info] Getting sessions for read:user,repo,user:email,workflow...
2025-12-11 18:10:28.504 [info] Got 1 sessions for read:user,repo,user:email,workflow...
2025-12-11 18:10:29.045 [info] Getting sessions for all scopes...
2025-12-11 18:10:29.045 [info] Got 2 sessions for ...
2025-12-11 18:10:29.046 [info] Getting sessions for all scopes...
2025-12-11 18:10:29.046 [info] Got 2 sessions for ...
2025-12-11 18:10:29.048 [info] Getting sessions for read:user,repo,user:email,workflow...
2025-12-11 18:10:29.048 [info] Got 1 sessions for read:user,repo,user:email,workflow...
2025-12-11 18:10:29.056 [info] Getting sessions for all scopes...
2025-12-11 18:10:29.056 [info] Got 2 sessions for ...
2025-12-11 18:10:29.058 [info] Getting sessions for read:user,repo,user:email,workflow...
2025-12-11 18:10:29.058 [info] Got 1 sessions for read:user,repo,user:email,workflow...
2025-12-11 18:10:29.254 [info] Getting sessions for all scopes...
2025-12-11 18:10:29.254 [info] Got 2 sessions for ...
2025-12-11 18:10:29.256 [info] Getting sessions for read:user,repo,user:email,workflow...
2025-12-11 18:10:29.257 [info] Got 1 sessions for read:user,repo,user:email,workflow...
2025-12-11 18:14:52.265 [info] Getting sessions for all scopes...
2025-12-11 18:14:52.265 [info] Got 2 sessions for ...
2025-12-11 18:14:52.268 [info] Getting sessions for read:user,repo,user:email,workflow...
2025-12-11 18:14:52.268 [info] Got 1 sessions for read:user,repo,user:email,workflow...
2025-12-11 18:14:57.966 [info] Getting sessions for all scopes...
2025-12-11 18:14:57.966 [info] Got 2 sessions for ...
2025-12-11 18:14:57.970 [info] Getting sessions for read:user,repo,user:email,workflow...
2025-12-11 18:14:57.970 [info] Got 1 sessions for read:user,repo,user:email,workflow...
2025-12-11 18:19:52.270 [info] Getting sessions for all scopes...
2025-12-11 18:19:52.270 [info] Got 2 sessions for ...
2025-12-11 18:19:52.277 [info] Getting sessions for read:user,repo,user:email,workflow...
2025-12-11 18:19:52.278 [info] Got 1 sessions for read:user,repo,user:email,workflow...
2025-12-11 18:19:57.968 [info] Getting sessions for all scopes...
2025-12-11 18:19:57.968 [info] Got 2 sessions for ...
2025-12-11 18:19:57.992 [info] Getting sessions for read:user,repo,user:email,workflow...
2025-12-11 18:19:57.992 [info] Got 1 sessions for read:user,repo,user:email,workflow...
2025-12-11 18:24:52.267 [info] Getting sessions for all scopes...
2025-12-11 18:24:52.267 [info] Got 2 sessions for ...
2025-12-11 18:24:52.270 [info] Getting sessions for read:user,repo,user:email,workflow...
2025-12-11 18:24:52.270 [info] Got 1 sessions for read:user,repo,user:email,workflow...
2025-12-11 18:24:57.969 [info] Getting sessions for all scopes...
2025-12-11 18:24:57.969 [info] Got 2 sessions for ...
2025-12-11 18:24:57.974 [info] Getting sessions for read:user,repo,user:email,workflow...
2025-12-11 18:24:57.974 [info] Got 1 sessions for read:user,repo,user:email,workflow...
2025-12-11 18:29:52.268 [info] Getting sessions for all scopes...
2025-12-11 18:29:52.268 [info] Got 2 sessions for ...
2025-12-11 18:29:52.270 [info] Getting sessions for read:user,repo,user:email,workflow...
2025-12-11 18:29:52.270 [info] Got 1 sessions for read:user,repo,user:email,workflow...
2025-12-11 18:29:57.967 [info] Getting sessions for all scopes...
2025-12-11 18:29:57.967 [info] Got 2 sessions for ...
2025-12-11 18:29:57.969 [info] Getting sessions for read:user,repo,user:email,workflow...
2025-12-11 18:29:57.969 [info] Got 1 sessions for read:user,repo,user:email,workflow...
2025-12-11 18:34:52.268 [info] Getting sessions for all scopes...
2025-12-11 18:34:52.268 [info] Got 2 sessions for ...
2025-12-11 18:34:52.270 [info] Getting sessions for read:user,repo,user:email,workflow...
2025-12-11 18:34:52.270 [info] Got 1 sessions for read:user,repo,user:email,workflow...
2025-12-11 18:34:57.969 [info] Getting sessions for all scopes...
2025-12-11 18:34:57.969 [info] Got 2 sessions for ...
2025-12-11 18:34:57.971 [info] Getting sessions for read:user,repo,user:email,workflow...
2025-12-11 18:34:57.971 [info] Got 1 sessions for read:user,repo,user:email,workflow...
2025-12-11 18:39:52.270 [info] Getting sessions for all scopes...
2025-12-11 18:39:52.270 [info] Got 2 sessions for ...
2025-12-11 18:39:52.273 [info] Getting sessions for read:user,repo,user:email,workflow...
2025-12-11 18:39:52.273 [info] Got 1 sessions for read:user,repo,user:email,workflow...
2025-12-11 18:42:35.809 [info] Getting sessions for all scopes...
2025-12-11 18:42:35.809 [info] Got 2 sessions for ...
2025-12-11 18:42:35.809 [info] Getting sessions for all scopes...
2025-12-11 18:42:35.809 [info] Got 2 sessions for ...
2025-12-11 18:42:35.815 [info] Getting sessions for read:user,repo,user:email,workflow...
2025-12-11 18:42:35.815 [info] Got 1 sessions for read:user,repo,user:email,workflow...
2025-12-11 18:42:35.819 [info] Getting sessions for all scopes...
2025-12-11 18:42:35.819 [info] Got 2 sessions for ...
2025-12-11 18:42:35.851 [info] Getting sessions for read:user,repo,user:email,workflow...
2025-12-11 18:42:35.852 [info] Got 1 sessions for read:user,repo,user:email,workflow...
2025-12-11 18:42:36.536 [info] Getting sessions for all scopes...
2025-12-11 18:42:36.536 [info] Got 2 sessions for ...
2025-12-11 18:42:36.537 [info] Getting sessions for all scopes...
2025-12-11 18:42:36.537 [info] Got 2 sessions for ...
2025-12-11 18:42:36.541 [info] Getting sessions for read:user,repo,user:email,workflow...
2025-12-11 18:42:36.541 [info] Got 1 sessions for read:user,repo,user:email,workflow...
2025-12-11 18:42:36.548 [info] Getting sessions for all scopes...
2025-12-11 18:42:36.548 [info] Got 2 sessions for ...
2025-12-11 18:42:36.550 [info] Getting sessions for read:user,repo,user:email,workflow...
2025-12-11 18:42:36.550 [info] Got 1 sessions for read:user,repo,user:email,workflow...
2025-12-11 18:42:36.747 [info] Getting sessions for all scopes...
2025-12-11 18:42:36.747 [info] Got 2 sessions for ...
2025-12-11 18:42:36.749 [info] Getting sessions for read:user,repo,user:email,workflow...
2025-12-11 18:42:36.749 [info] Got 1 sessions for read:user,repo,user:email,workflow...
2025-12-11 18:44:52.270 [info] Getting sessions for all scopes...
2025-12-11 18:44:52.270 [info] Got 2 sessions for ...
2025-12-11 18:44:52.272 [info] Getting sessions for read:user,repo,user:email,workflow...
2025-12-11 18:44:52.272 [info] Got 1 sessions for read:user,repo,user:email,workflow...
2025-12-11 18:49:52.270 [info] Getting sessions for all scopes...
2025-12-11 18:49:52.270 [info] Got 2 sessions for ...
2025-12-11 18:49:52.272 [info] Getting sessions for read:user,repo,user:email,workflow...
2025-12-11 18:49:52.272 [info] Got 1 sessions for read:user,repo,user:email,workflow...
2025-12-11 18:54:52.272 [info] Getting sessions for all scopes...
2025-12-11 18:54:52.272 [info] Got 2 sessions for ...
2025-12-11 18:54:52.275 [info] Getting sessions for read:user,repo,user:email,workflow...
2025-12-11 18:54:52.275 [info] Got 1 sessions for read:user,repo,user:email,workflow...
2025-12-11 18:59:52.272 [info] Getting sessions for all scopes...
2025-12-11 18:59:52.272 [info] Got 2 sessions for ...
2025-12-11 18:59:52.274 [info] Getting sessions for read:user,repo,user:email,workflow...
2025-12-11 18:59:52.274 [info] Got 1 sessions for read:user,repo,user:email,workflow...
2025-12-11 19:04:52.271 [info] Getting sessions for all scopes...
2025-12-11 19:04:52.271 [info] Got 2 sessions for ...
2025-12-11 19:04:52.273 [info] Getting sessions for read:user,repo,user:email,workflow...
2025-12-11 19:04:52.273 [info] Got 1 sessions for read:user,repo,user:email,workflow...
2025-12-11 19:09:52.272 [info] Getting sessions for all scopes...
2025-12-11 19:09:52.272 [info] Got 2 sessions for ...
2025-12-11 19:09:52.274 [info] Getting sessions for read:user,repo,user:email,workflow...
2025-12-11 19:09:52.274 [info] Got 1 sessions for read:user,repo,user:email,workflow...
2025-12-11 19:14:52.274 [info] Getting sessions for all scopes...
2025-12-11 19:14:52.274 [info] Got 2 sessions for ...
2025-12-11 19:14:52.276 [info] Getting sessions for read:user,repo,user:email,workflow...
2025-12-11 19:14:52.277 [info] Got 1 sessions for read:user,repo,user:email,workflow...
2025-12-11 19:19:52.274 [info] Getting sessions for all scopes...
2025-12-11 19:19:52.274 [info] Got 2 sessions for ...
2025-12-11 19:19:52.277 [info] Getting sessions for read:user,repo,user:email,workflow...
2025-12-11 19:19:52.277 [info] Got 1 sessions for read:user,repo,user:email,workflow...
2025-12-11 19:24:52.275 [info] Getting sessions for all scopes...
2025-12-11 19:24:52.275 [info] Got 2 sessions for ...
2025-12-11 19:24:52.279 [info] Getting sessions for read:user,repo,user:email,workflow...
2025-12-11 19:24:52.279 [info] Got 1 sessions for read:user,repo,user:email,workflow...
2025-12-11 19:29:52.275 [info] Getting sessions for all scopes...
2025-12-11 19:29:52.275 [info] Got 2 sessions for ...
2025-12-11 19:29:52.278 [info] Getting sessions for read:user,repo,user:email,workflow...
2025-12-11 19:29:52.278 [info] Got 1 sessions for read:user,repo,user:email,workflow...
2025-12-11 19:34:52.276 [info] Getting sessions for all scopes...
2025-12-11 19:34:52.276 [info] Got 2 sessions for ...
2025-12-11 19:34:52.279 [info] Getting sessions for read:user,repo,user:email,workflow...
2025-12-11 19:34:52.279 [info] Got 1 sessions for read:user,repo,user:email,workflow...
2025-12-11 19:37:37.004 [info] Getting sessions for all scopes...
2025-12-11 19:37:37.004 [info] Got 2 sessions for ...
2025-12-11 19:37:37.006 [info] Getting sessions for read:user,repo,user:email,workflow...
2025-12-11 19:37:37.006 [info] Got 1 sessions for read:user,repo,user:email,workflow...
2025-12-11 19:37:37.499 [info] Getting sessions for all scopes...
2025-12-11 19:37:37.499 [info] Got 2 sessions for ...
2025-12-11 19:37:37.499 [info] Getting sessions for all scopes...
2025-12-11 19:37:37.499 [info] Got 2 sessions for ...
2025-12-11 19:37:37.501 [info] Getting sessions for read:user,repo,user:email,workflow...
2025-12-11 19:37:37.501 [info] Got 1 sessions for read:user,repo,user:email,workflow...
2025-12-11 19:37:37.540 [info] Getting sessions for all scopes...
2025-12-11 19:37:37.540 [info] Got 2 sessions for ...
2025-12-11 19:37:37.541 [info] Getting sessions for read:user,repo,user:email,workflow...
2025-12-11 19:37:37.541 [info] Got 1 sessions for read:user,repo,user:email,workflow...
2025-12-11 19:37:37.823 [info] Getting sessions for all scopes...
2025-12-11 19:37:37.823 [info] Got 2 sessions for ...
2025-12-11 19:37:37.825 [info] Getting sessions for read:user,repo,user:email,workflow...
2025-12-11 19:37:37.825 [info] Got 1 sessions for read:user,repo,user:email,workflow...
2025-12-11 19:37:38.822 [info] Getting sessions for all scopes...
2025-12-11 19:37:38.822 [info] Got 2 sessions for ...
2025-12-11 19:37:38.825 [info] Getting sessions for read:user,repo,user:email,workflow...
2025-12-11 19:37:38.825 [info] Got 1 sessions for read:user,repo,user:email,workflow...
2025-12-11 19:39:52.275 [info] Getting sessions for all scopes...
2025-12-11 19:39:52.275 [info] Got 2 sessions for ...
2025-12-11 19:39:52.279 [info] Getting sessions for read:user,repo,user:email,workflow...
2025-12-11 19:39:52.279 [info] Got 1 sessions for read:user,repo,user:email,workflow...
2025-12-11 19:44:52.276 [info] Getting sessions for all scopes...
2025-12-11 19:44:52.276 [info] Got 2 sessions for ...
2025-12-11 19:44:52.279 [info] Getting sessions for read:user,repo,user:email,workflow...
2025-12-11 19:44:52.279 [info] Got 1 sessions for read:user,repo,user:email,workflow...
