2025-12-11 16:44:56.441 [info] [main] Log level: Info
2025-12-11 16:44:56.441 [info] [main] Validating found git in: "git"
2025-12-11 16:44:56.441 [info] [main] Using git "2.52.0" from "git"
2025-12-11 16:44:56.441 [info] [Model][doInitialScan] Initial repository scan started
2025-12-11 16:44:56.441 [info] > git rev-parse --show-toplevel [10ms]
2025-12-11 16:44:56.441 [info] fatal: not a git repository (or any parent up to mount point /)
Stopping at filesystem boundary (GIT_DISCOVERY_ACROSS_FILESYSTEM not set).
2025-12-11 16:44:56.441 [info] > git rev-parse --show-toplevel [9ms]
2025-12-11 16:44:56.441 [info] fatal: not a git repository (or any parent up to mount point /)
Stopping at filesystem boundary (GIT_DISCOVERY_ACROSS_FILESYSTEM not set).
2025-12-11 16:44:56.482 [info] > git rev-parse --show-toplevel [2698ms]
2025-12-11 16:44:56.482 [info] fatal: not a git repository (or any parent up to mount point /)
Stopping at filesystem boundary (GIT_DISCOVERY_ACROSS_FILESYSTEM not set).
2025-12-11 16:44:57.790 [info] > git rev-parse --show-toplevel [143ms]
2025-12-11 16:44:57.790 [info] fatal: not a git repository (or any parent up to mount point /)
Stopping at filesystem boundary (GIT_DISCOVERY_ACROSS_FILESYSTEM not set).
2025-12-11 16:44:58.076 [info] > git rev-parse --show-toplevel [63ms]
2025-12-11 16:44:58.076 [info] fatal: not a git repository (or any parent up to mount point /)
Stopping at filesystem boundary (GIT_DISCOVERY_ACROSS_FILESYSTEM not set).
2025-12-11 16:44:58.716 [info] > git rev-parse --show-toplevel [473ms]
2025-12-11 16:44:58.717 [info] fatal: not a git repository (or any parent up to mount point /)
Stopping at filesystem boundary (GIT_DISCOVERY_ACROSS_FILESYSTEM not set).
2025-12-11 16:44:59.456 [info] > git rev-parse --show-toplevel [667ms]
2025-12-11 16:44:59.456 [info] fatal: not a git repository (or any parent up to mount point /)
Stopping at filesystem boundary (GIT_DISCOVERY_ACROSS_FILESYSTEM not set).
2025-12-11 16:44:59.551 [info] > git rev-parse --show-toplevel [48ms]
2025-12-11 16:44:59.551 [info] fatal: not a git repository (or any parent up to mount point /)
Stopping at filesystem boundary (GIT_DISCOVERY_ACROSS_FILESYSTEM not set).
2025-12-11 16:44:59.626 [info] > git rev-parse --show-toplevel [65ms]
2025-12-11 16:44:59.626 [info] fatal: not a git repository (or any parent up to mount point /)
Stopping at filesystem boundary (GIT_DISCOVERY_ACROSS_FILESYSTEM not set).
2025-12-11 16:44:59.696 [info] > git rev-parse --show-toplevel [60ms]
2025-12-11 16:44:59.696 [info] fatal: not a git repository (or any parent up to mount point /)
Stopping at filesystem boundary (GIT_DISCOVERY_ACROSS_FILESYSTEM not set).
2025-12-11 16:44:59.757 [info] > git rev-parse --show-toplevel [33ms]
2025-12-11 16:44:59.757 [info] fatal: not a git repository (or any parent up to mount point /)
Stopping at filesystem boundary (GIT_DISCOVERY_ACROSS_FILESYSTEM not set).
2025-12-11 16:44:59.799 [info] > git rev-parse --show-toplevel [27ms]
2025-12-11 16:44:59.799 [info] fatal: not a git repository (or any parent up to mount point /)
Stopping at filesystem boundary (GIT_DISCOVERY_ACROSS_FILESYSTEM not set).
2025-12-11 16:44:59.896 [info] > git rev-parse --show-toplevel [55ms]
2025-12-11 16:44:59.896 [info] fatal: not a git repository (or any parent up to mount point /)
Stopping at filesystem boundary (GIT_DISCOVERY_ACROSS_FILESYSTEM not set).
2025-12-11 16:45:00.172 [info] > git rev-parse --show-toplevel [263ms]
2025-12-11 16:45:00.172 [info] fatal: not a git repository (or any parent up to mount point /)
Stopping at filesystem boundary (GIT_DISCOVERY_ACROSS_FILESYSTEM not set).
2025-12-11 16:45:00.200 [info] > git rev-parse --show-toplevel [14ms]
2025-12-11 16:45:00.200 [info] fatal: not a git repository (or any parent up to mount point /)
Stopping at filesystem boundary (GIT_DISCOVERY_ACROSS_FILESYSTEM not set).
2025-12-11 16:45:00.213 [info] > git rev-parse --show-toplevel [3ms]
2025-12-11 16:45:00.213 [info] fatal: not a git repository (or any parent up to mount point /)
Stopping at filesystem boundary (GIT_DISCOVERY_ACROSS_FILESYSTEM not set).
2025-12-11 16:45:00.227 [info] > git rev-parse --show-toplevel [3ms]
2025-12-11 16:45:00.227 [info] fatal: not a git repository (or any parent up to mount point /)
Stopping at filesystem boundary (GIT_DISCOVERY_ACROSS_FILESYSTEM not set).
2025-12-11 16:45:00.239 [info] > git rev-parse --show-toplevel [2ms]
2025-12-11 16:45:00.239 [info] fatal: not a git repository (or any parent up to mount point /)
Stopping at filesystem boundary (GIT_DISCOVERY_ACROSS_FILESYSTEM not set).
2025-12-11 16:45:00.253 [info] > git rev-parse --show-toplevel [3ms]
2025-12-11 16:45:00.253 [info] fatal: not a git repository (or any parent up to mount point /)
Stopping at filesystem boundary (GIT_DISCOVERY_ACROSS_FILESYSTEM not set).
2025-12-11 16:45:00.277 [info] > git rev-parse --show-toplevel [11ms]
2025-12-11 16:45:00.277 [info] fatal: not a git repository (or any parent up to mount point /)
Stopping at filesystem boundary (GIT_DISCOVERY_ACROSS_FILESYSTEM not set).
2025-12-11 16:45:00.277 [info] [Model][doInitialScan] Initial repository scan completed - repositories (0), closed repositories (0), parent repositories (0), unsafe repositories (0)
2025-12-11 16:45:00.303 [info] > git rev-parse --show-toplevel [7ms]
2025-12-11 16:45:00.303 [info] fatal: not a git repository (or any parent up to mount point /)
Stopping at filesystem boundary (GIT_DISCOVERY_ACROSS_FILESYSTEM not set).
2025-12-11 17:01:38.935 [info] > git rev-parse --show-toplevel [3ms]
2025-12-11 17:01:38.948 [info] > git rev-parse --git-dir --git-common-dir --show-superproject-working-tree [4ms]
2025-12-11 17:01:38.973 [info] [Model][openRepository] Opened repository (path): /home/sheen/.config/alacritty/themes
2025-12-11 17:01:38.973 [info] [Model][openRepository] Opened repository (real path): /home/sheen/.config/alacritty/themes
2025-12-11 17:01:38.973 [info] [Model][openRepository] Opened repository (kind): repository
2025-12-11 17:01:38.993 [info] > git config --get commit.template [2ms]
2025-12-11 17:01:39.008 [info] > git for-each-ref --format=%(refname)%00%(upstream:short)%00%(objectname)%00%(upstream:track)%00%(upstream:remotename)%00%(upstream:remoteref) refs/heads/master refs/remotes/master [4ms]
2025-12-11 17:01:39.019 [warning] [Git][revParse] Unable to read file: ENOENT: no such file or directory, open '/home/sheen/.config/alacritty/themes/.git/refs/remotes/origin/master'
2025-12-11 17:01:39.021 [info] > git rev-parse refs/remotes/origin/master [2ms]
2025-12-11 17:01:39.050 [info] > git for-each-ref --sort -committerdate --format %(refname)%00%(objectname)%00%(*objectname) [4ms]
2025-12-11 17:01:39.197 [info] > git status -z -uall [163ms]
2025-12-11 17:01:39.305 [info] > git for-each-ref --format=%(refname)%00%(upstream:short)%00%(objectname)%00%(upstream:track)%00%(upstream:remotename)%00%(upstream:remoteref) refs/heads/master refs/remotes/master [78ms]
2025-12-11 17:01:39.398 [info] > git config --get --local branch.master.vscode-merge-base [72ms]
2025-12-11 17:01:39.399 [warning] [Git][config] git config failed: Failed to execute git
2025-12-11 17:01:39.410 [info] > git config --get commit.template [146ms]
2025-12-11 17:01:39.426 [info] > git reflog master --grep-reflog=branch: Created from *. [16ms]
2025-12-11 17:01:39.483 [info] > git for-each-ref --format=%(refname)%00%(upstream:short)%00%(objectname)%00%(upstream:track)%00%(upstream:remotename)%00%(upstream:remoteref) refs/heads/master refs/remotes/master [58ms]
2025-12-11 17:01:39.493 [warning] [Git][revParse] Unable to read file: ENOENT: no such file or directory, open '/home/sheen/.config/alacritty/themes/.git/refs/remotes/origin/master'
2025-12-11 17:01:39.494 [info] > git symbolic-ref --short refs/remotes/origin/HEAD [59ms]
2025-12-11 17:01:39.505 [info] > git rev-parse refs/remotes/origin/master [12ms]
2025-12-11 17:01:39.529 [info] > git for-each-ref --format=%(refname)%00%(upstream:short)%00%(objectname)%00%(upstream:track)%00%(upstream:remotename)%00%(upstream:remoteref) refs/heads/origin/master refs/remotes/origin/master [26ms]
2025-12-11 17:01:39.546 [info] > git for-each-ref --sort -committerdate --format %(refname)%00%(objectname)%00%(*objectname) [18ms]
2025-12-11 17:01:39.549 [info] > git config --add --local branch.master.vscode-merge-base origin/master [9ms]
2025-12-11 17:01:39.572 [info] > git status -z -uall [54ms] (cancelled)
2025-12-11 17:01:39.575 [info] > git config --get commit.template [4ms]
2025-12-11 17:01:39.589 [info] > git for-each-ref --format=%(refname)%00%(upstream:short)%00%(objectname)%00%(upstream:track)%00%(upstream:remotename)%00%(upstream:remoteref) refs/heads/master refs/remotes/master [3ms]
2025-12-11 17:01:39.599 [warning] [Git][revParse] Unable to read file: ENOENT: no such file or directory, open '/home/sheen/.config/alacritty/themes/.git/refs/remotes/origin/master'
2025-12-11 17:01:39.606 [info] > git rev-parse refs/remotes/origin/master [7ms]
2025-12-11 17:01:39.630 [info] > git for-each-ref --sort -committerdate --format %(refname)%00%(objectname)%00%(*objectname) [4ms]
2025-12-11 17:01:39.653 [info] > git check-ignore -v -z --stdin [2ms]
2025-12-11 17:01:39.737 [info] > git status -z -uall [121ms]
2025-12-11 17:01:39.767 [info] > git merge-base refs/heads/master refs/remotes/origin/master [14ms]
2025-12-11 17:01:39.780 [info] > git diff --name-status -z --diff-filter=ADMR --find-renames=50% f82c742634b5e840731dd7c609e95231917681a5...refs/remotes/origin/master -- [3ms]
2025-12-11 17:01:39.781 [info] > git merge-base refs/heads/master refs/remotes/origin/master [17ms]
2025-12-11 17:01:39.793 [info] > git diff --name-status -z --diff-filter=ADMR --find-renames=50% f82c742634b5e840731dd7c609e95231917681a5...refs/remotes/origin/master -- [2ms]
2025-12-11 17:01:40.040 [info] > git config --local -l [146ms]
2025-12-11 17:01:41.123 [info] > git show --textconv :themes/afterglow.toml [14ms]
2025-12-11 17:01:41.125 [info] > git ls-files --stage -- themes/afterglow.toml [2ms]
2025-12-11 17:01:41.137 [info] > git cat-file -s 74702c1f561ac000bb8b4190343cf3d521158419 [3ms]
2025-12-11 17:01:41.785 [info] > git blame --root --incremental f82c742634b5e840731dd7c609e95231917681a5 -- themes/afterglow.toml [16ms]
2025-12-11 17:01:58.342 [info] > git config --get commit.template [1ms]
2025-12-11 17:01:58.355 [info] > git for-each-ref --format=%(refname)%00%(upstream:short)%00%(objectname)%00%(upstream:track)%00%(upstream:remotename)%00%(upstream:remoteref) refs/heads/master refs/remotes/master [2ms]
2025-12-11 17:01:58.364 [warning] [Git][revParse] Unable to read file: ENOENT: no such file or directory, open '/home/sheen/.config/alacritty/themes/.git/refs/remotes/origin/master'
2025-12-11 17:01:58.366 [info] > git rev-parse refs/remotes/origin/master [2ms]
2025-12-11 17:01:58.389 [info] > git for-each-ref --sort -committerdate --format %(refname)%00%(objectname)%00%(*objectname) [3ms]
2025-12-11 17:01:58.487 [info] > git status -z -uall [111ms]
2025-12-11 17:02:01.677 [info] > git check-ignore -v -z --stdin [2ms]
2025-12-11 17:02:03.297 [info] > git show --textconv :print_colors.sh [12ms]
2025-12-11 17:02:03.298 [info] > git ls-files --stage -- print_colors.sh [2ms]
2025-12-11 17:02:03.311 [info] > git cat-file -s 100099fd28d70e43ef74f672731380e29796887b [2ms]
2025-12-11 17:02:09.645 [info] > git rev-parse --show-toplevel [10ms]
2025-12-11 17:02:09.645 [info] fatal: not a git repository (or any parent up to mount point /)
Stopping at filesystem boundary (GIT_DISCOVERY_ACROSS_FILESYSTEM not set).
2025-12-11 17:19:37.297 [info] > git rev-parse --show-toplevel [9ms]
2025-12-11 17:19:37.297 [info] fatal: not a git repository (or any parent up to mount point /)
Stopping at filesystem boundary (GIT_DISCOVERY_ACROSS_FILESYSTEM not set).
2025-12-11 17:19:38.147 [info] > git rev-parse --show-toplevel [6ms]
2025-12-11 17:19:38.147 [info] fatal: not a git repository (or any parent up to mount point /)
Stopping at filesystem boundary (GIT_DISCOVERY_ACROSS_FILESYSTEM not set).
2025-12-11 17:19:38.181 [info] > git rev-parse --show-toplevel [3ms]
2025-12-11 17:19:38.181 [info] fatal: not a git repository (or any parent up to mount point /)
Stopping at filesystem boundary (GIT_DISCOVERY_ACROSS_FILESYSTEM not set).
2025-12-11 17:19:42.027 [info] > git rev-parse --show-toplevel [1ms]
2025-12-11 17:19:42.027 [info] fatal: not a git repository (or any parent up to mount point /)
Stopping at filesystem boundary (GIT_DISCOVERY_ACROSS_FILESYSTEM not set).
2025-12-11 17:19:42.141 [info] > git rev-parse --show-toplevel [4ms]
2025-12-11 17:19:42.141 [info] fatal: not a git repository (or any parent up to mount point /)
Stopping at filesystem boundary (GIT_DISCOVERY_ACROSS_FILESYSTEM not set).
2025-12-11 17:19:42.154 [info] > git rev-parse --show-toplevel [2ms]
2025-12-11 17:19:42.154 [info] fatal: not a git repository (or any parent up to mount point /)
Stopping at filesystem boundary (GIT_DISCOVERY_ACROSS_FILESYSTEM not set).
2025-12-11 17:19:44.144 [info] > git rev-parse --show-toplevel [2ms]
2025-12-11 17:19:44.144 [info] fatal: not a git repository (or any parent up to mount point /)
Stopping at filesystem boundary (GIT_DISCOVERY_ACROSS_FILESYSTEM not set).
2025-12-11 17:19:44.207 [info] > git rev-parse --show-toplevel [5ms]
2025-12-11 17:19:44.207 [info] fatal: not a git repository (or any parent up to mount point /)
Stopping at filesystem boundary (GIT_DISCOVERY_ACROSS_FILESYSTEM not set).
2025-12-11 17:19:44.231 [info] > git rev-parse --show-toplevel [2ms]
2025-12-11 17:19:44.231 [info] fatal: not a git repository (or any parent up to mount point /)
Stopping at filesystem boundary (GIT_DISCOVERY_ACROSS_FILESYSTEM not set).
2025-12-11 17:19:48.113 [info] > git check-ignore -v -z --stdin [1ms]
2025-12-11 17:21:37.652 [info] > git rev-parse --show-toplevel [7ms]
2025-12-11 17:21:37.652 [info] fatal: not a git repository (or any parent up to mount point /)
Stopping at filesystem boundary (GIT_DISCOVERY_ACROSS_FILESYSTEM not set).
2025-12-11 17:23:19.260 [info] > git config --get commit.template [12ms]
2025-12-11 17:23:19.260 [info] > git for-each-ref --format=%(refname)%00%(upstream:short)%00%(objectname)%00%(upstream:track)%00%(upstream:remotename)%00%(upstream:remoteref) refs/heads/master refs/remotes/master [2ms]
2025-12-11 17:23:19.270 [warning] [Git][revParse] Unable to read file: ENOENT: no such file or directory, open '/home/sheen/.config/alacritty/themes/.git/refs/remotes/origin/master'
2025-12-11 17:23:19.271 [info] > git rev-parse refs/remotes/origin/master [1ms]
2025-12-11 17:23:19.292 [info] > git for-each-ref --sort -committerdate --format %(refname)%00%(objectname)%00%(*objectname) [3ms]
2025-12-11 17:23:19.402 [info] > git status -z -uall [122ms]
2025-12-11 17:23:41.900 [info] > git config --get commit.template [12ms]
2025-12-11 17:23:41.902 [info] > git for-each-ref --format=%(refname)%00%(upstream:short)%00%(objectname)%00%(upstream:track)%00%(upstream:remotename)%00%(upstream:remoteref) refs/heads/master refs/remotes/master [3ms]
2025-12-11 17:23:41.912 [warning] [Git][revParse] Unable to read file: ENOENT: no such file or directory, open '/home/sheen/.config/alacritty/themes/.git/refs/remotes/origin/master'
2025-12-11 17:23:41.914 [info] > git rev-parse refs/remotes/origin/master [2ms]
2025-12-11 17:23:41.937 [info] > git for-each-ref --sort -committerdate --format %(refname)%00%(objectname)%00%(*objectname) [3ms]
2025-12-11 17:23:42.039 [info] > git status -z -uall [115ms]
2025-12-11 17:29:37.482 [info] > git rev-parse --show-toplevel [9ms]
2025-12-11 17:29:37.482 [info] fatal: not a git repository (or any parent up to mount point /)
Stopping at filesystem boundary (GIT_DISCOVERY_ACROSS_FILESYSTEM not set).
2025-12-11 17:30:06.362 [info] > git rev-parse --show-toplevel [8ms]
2025-12-11 17:30:06.362 [info] fatal: not a git repository (or any parent up to mount point /)
Stopping at filesystem boundary (GIT_DISCOVERY_ACROSS_FILESYSTEM not set).
2025-12-11 17:30:54.752 [info] > git rev-parse --show-toplevel [5ms]
2025-12-11 17:30:54.752 [info] fatal: not a git repository (or any parent up to mount point /)
Stopping at filesystem boundary (GIT_DISCOVERY_ACROSS_FILESYSTEM not set).
2025-12-11 17:30:54.765 [info] > git rev-parse --show-toplevel [2ms]
2025-12-11 17:30:54.765 [info] fatal: not a git repository (or any parent up to mount point /)
Stopping at filesystem boundary (GIT_DISCOVERY_ACROSS_FILESYSTEM not set).
2025-12-11 17:34:00.691 [info] > git rev-parse --show-toplevel [2ms]
2025-12-11 17:34:00.691 [info] fatal: not a git repository (or any parent up to mount point /)
Stopping at filesystem boundary (GIT_DISCOVERY_ACROSS_FILESYSTEM not set).
2025-12-11 17:34:00.709 [info] > git rev-parse --show-toplevel [6ms]
2025-12-11 17:34:00.709 [info] fatal: not a git repository (or any parent up to mount point /)
Stopping at filesystem boundary (GIT_DISCOVERY_ACROSS_FILESYSTEM not set).
2025-12-11 17:34:00.832 [info] > git rev-parse --show-toplevel [4ms]
2025-12-11 17:34:00.832 [info] fatal: not a git repository (or any parent up to mount point /)
Stopping at filesystem boundary (GIT_DISCOVERY_ACROSS_FILESYSTEM not set).
2025-12-11 17:34:00.845 [info] > git rev-parse --show-toplevel [2ms]
2025-12-11 17:34:00.845 [info] fatal: not a git repository (or any parent up to mount point /)
Stopping at filesystem boundary (GIT_DISCOVERY_ACROSS_FILESYSTEM not set).
2025-12-11 17:34:00.856 [info] > git rev-parse --show-toplevel [2ms]
2025-12-11 17:34:00.856 [info] fatal: not a git repository (or any parent up to mount point /)
Stopping at filesystem boundary (GIT_DISCOVERY_ACROSS_FILESYSTEM not set).
2025-12-11 17:34:10.136 [info] > git check-ignore -v -z --stdin [2ms]
2025-12-11 17:34:11.830 [info] > git rev-parse --show-toplevel [1ms]
2025-12-11 17:34:11.830 [info] fatal: not a git repository (or any parent up to mount point /)
Stopping at filesystem boundary (GIT_DISCOVERY_ACROSS_FILESYSTEM not set).
2025-12-11 17:34:11.859 [info] > git rev-parse --show-toplevel [19ms]
2025-12-11 17:34:11.859 [info] fatal: not a git repository (or any parent up to mount point /)
Stopping at filesystem boundary (GIT_DISCOVERY_ACROSS_FILESYSTEM not set).
2025-12-11 17:34:11.877 [info] > git rev-parse --show-toplevel [3ms]
2025-12-11 17:34:11.877 [info] fatal: not a git repository (or any parent up to mount point /)
Stopping at filesystem boundary (GIT_DISCOVERY_ACROSS_FILESYSTEM not set).
2025-12-11 17:34:11.889 [info] > git rev-parse --show-toplevel [2ms]
2025-12-11 17:34:11.889 [info] fatal: not a git repository (or any parent up to mount point /)
Stopping at filesystem boundary (GIT_DISCOVERY_ACROSS_FILESYSTEM not set).
2025-12-11 17:34:11.901 [info] > git rev-parse --show-toplevel [2ms]
2025-12-11 17:34:11.901 [info] fatal: not a git repository (or any parent up to mount point /)
Stopping at filesystem boundary (GIT_DISCOVERY_ACROSS_FILESYSTEM not set).
2025-12-11 17:34:13.665 [info] > git rev-parse --show-toplevel [3ms]
2025-12-11 17:34:13.665 [info] fatal: not a git repository (or any parent up to mount point /)
Stopping at filesystem boundary (GIT_DISCOVERY_ACROSS_FILESYSTEM not set).
2025-12-11 17:34:13.677 [info] > git rev-parse --show-toplevel [2ms]
2025-12-11 17:34:13.677 [info] fatal: not a git repository (or any parent up to mount point /)
Stopping at filesystem boundary (GIT_DISCOVERY_ACROSS_FILESYSTEM not set).
2025-12-11 17:34:13.736 [info] > git rev-parse --show-toplevel [6ms]
2025-12-11 17:34:13.736 [info] fatal: not a git repository (or any parent up to mount point /)
Stopping at filesystem boundary (GIT_DISCOVERY_ACROSS_FILESYSTEM not set).
2025-12-11 17:34:13.747 [info] > git rev-parse --show-toplevel [2ms]
2025-12-11 17:34:13.747 [info] fatal: not a git repository (or any parent up to mount point /)
Stopping at filesystem boundary (GIT_DISCOVERY_ACROSS_FILESYSTEM not set).
2025-12-11 17:34:13.759 [info] > git rev-parse --show-toplevel [2ms]
2025-12-11 17:34:13.759 [info] fatal: not a git repository (or any parent up to mount point /)
Stopping at filesystem boundary (GIT_DISCOVERY_ACROSS_FILESYSTEM not set).
2025-12-11 17:34:40.720 [info] > git rev-parse --show-toplevel [2ms]
2025-12-11 17:34:40.720 [info] fatal: not a git repository (or any parent up to mount point /)
Stopping at filesystem boundary (GIT_DISCOVERY_ACROSS_FILESYSTEM not set).
2025-12-11 17:34:40.752 [info] > git rev-parse --show-toplevel [22ms]
2025-12-11 17:34:40.752 [info] fatal: not a git repository (or any parent up to mount point /)
Stopping at filesystem boundary (GIT_DISCOVERY_ACROSS_FILESYSTEM not set).
2025-12-11 17:34:40.769 [info] > git rev-parse --show-toplevel [3ms]
2025-12-11 17:34:40.769 [info] fatal: not a git repository (or any parent up to mount point /)
Stopping at filesystem boundary (GIT_DISCOVERY_ACROSS_FILESYSTEM not set).
2025-12-11 17:34:40.781 [info] > git rev-parse --show-toplevel [1ms]
2025-12-11 17:34:40.781 [info] fatal: not a git repository (or any parent up to mount point /)
Stopping at filesystem boundary (GIT_DISCOVERY_ACROSS_FILESYSTEM not set).
2025-12-11 17:34:46.804 [info] > git check-ignore -v -z --stdin [1ms]
2025-12-11 17:36:19.472 [info] > git rev-parse --show-toplevel [2ms]
2025-12-11 17:36:19.472 [info] fatal: not a git repository (or any parent up to mount point /)
Stopping at filesystem boundary (GIT_DISCOVERY_ACROSS_FILESYSTEM not set).
2025-12-11 18:16:04.969 [info] > git rev-parse --show-toplevel [13ms]
2025-12-11 18:16:04.970 [info] fatal: not a git repository (or any parent up to mount point /)
Stopping at filesystem boundary (GIT_DISCOVERY_ACROSS_FILESYSTEM not set).
2025-12-11 18:22:57.255 [info] > git check-ignore -v -z --stdin [2ms]
2025-12-11 18:23:07.272 [info] > git rev-parse --show-toplevel [8ms]
2025-12-11 18:23:07.272 [info] fatal: not a git repository (or any parent up to mount point /)
Stopping at filesystem boundary (GIT_DISCOVERY_ACROSS_FILESYSTEM not set).
2025-12-11 18:23:10.620 [info] > git rev-parse --show-toplevel [5ms]
2025-12-11 18:23:10.620 [info] fatal: not a git repository (or any parent up to mount point /)
Stopping at filesystem boundary (GIT_DISCOVERY_ACROSS_FILESYSTEM not set).
2025-12-11 18:23:10.641 [info] > git rev-parse --show-toplevel [5ms]
2025-12-11 18:23:10.641 [info] fatal: not a git repository (or any parent up to mount point /)
Stopping at filesystem boundary (GIT_DISCOVERY_ACROSS_FILESYSTEM not set).
2025-12-11 18:23:12.452 [info] > git rev-parse --show-toplevel [1ms]
2025-12-11 18:23:12.452 [info] fatal: not a git repository (or any parent up to mount point /)
Stopping at filesystem boundary (GIT_DISCOVERY_ACROSS_FILESYSTEM not set).
2025-12-11 18:23:12.933 [info] > git rev-parse --show-toplevel [53ms]
2025-12-11 18:23:12.933 [info] fatal: not a git repository (or any parent up to mount point /)
Stopping at filesystem boundary (GIT_DISCOVERY_ACROSS_FILESYSTEM not set).
2025-12-11 18:23:13.531 [info] > git rev-parse --show-toplevel [12ms]
2025-12-11 18:23:13.531 [info] fatal: not a git repository (or any parent up to mount point /)
Stopping at filesystem boundary (GIT_DISCOVERY_ACROSS_FILESYSTEM not set).
2025-12-11 18:23:16.449 [info] > git rev-parse --show-toplevel [4ms]
2025-12-11 18:23:16.449 [info] fatal: not a git repository (or any parent up to mount point /)
Stopping at filesystem boundary (GIT_DISCOVERY_ACROSS_FILESYSTEM not set).
2025-12-11 18:24:25.847 [info] > git rev-parse --show-toplevel [7ms]
2025-12-11 18:24:25.847 [info] fatal: not a git repository (or any parent up to mount point /)
Stopping at filesystem boundary (GIT_DISCOVERY_ACROSS_FILESYSTEM not set).
2025-12-11 18:24:26.810 [info] > git rev-parse --show-toplevel [5ms]
2025-12-11 18:24:26.810 [info] fatal: not a git repository (or any parent up to mount point /)
Stopping at filesystem boundary (GIT_DISCOVERY_ACROSS_FILESYSTEM not set).
2025-12-11 18:24:27.957 [info] > git rev-parse --show-toplevel [6ms]
2025-12-11 18:24:27.957 [info] fatal: not a git repository (or any parent up to mount point /)
Stopping at filesystem boundary (GIT_DISCOVERY_ACROSS_FILESYSTEM not set).
2025-12-11 18:24:46.060 [info] > git rev-parse --show-toplevel [6ms]
2025-12-11 18:24:46.060 [info] fatal: not a git repository (or any parent up to mount point /)
Stopping at filesystem boundary (GIT_DISCOVERY_ACROSS_FILESYSTEM not set).
2025-12-11 18:24:46.076 [info] > git rev-parse --show-toplevel [3ms]
2025-12-11 18:24:46.077 [info] fatal: not a git repository (or any parent up to mount point /)
Stopping at filesystem boundary (GIT_DISCOVERY_ACROSS_FILESYSTEM not set).
2025-12-11 18:24:48.260 [info] > git rev-parse --show-toplevel [1ms]
2025-12-11 18:24:48.260 [info] fatal: not a git repository (or any parent up to mount point /)
Stopping at filesystem boundary (GIT_DISCOVERY_ACROSS_FILESYSTEM not set).
2025-12-11 18:24:51.715 [info] > git rev-parse --show-toplevel [5ms]
2025-12-11 18:24:51.715 [info] fatal: not a git repository (or any parent up to mount point /)
Stopping at filesystem boundary (GIT_DISCOVERY_ACROSS_FILESYSTEM not set).
2025-12-11 18:38:10.915 [info] > git rev-parse --show-toplevel [6ms]
2025-12-11 18:38:10.915 [info] fatal: not a git repository (or any parent up to mount point /)
Stopping at filesystem boundary (GIT_DISCOVERY_ACROSS_FILESYSTEM not set).
2025-12-11 18:38:16.124 [info] > git rev-parse --show-toplevel [4ms]
2025-12-11 18:38:16.124 [info] fatal: not a git repository (or any parent up to mount point /)
Stopping at filesystem boundary (GIT_DISCOVERY_ACROSS_FILESYSTEM not set).
2025-12-11 18:39:25.283 [warning] [Git][getHEAD] Failed to parse HEAD file: ENOENT: no such file or directory, open '/home/sheen/.config/alacritty/themes/.git/HEAD'
2025-12-11 18:39:25.296 [warning] [Git][getRemotes] Error: ENOENT: no such file or directory, open '/home/sheen/.config/alacritty/themes/.git/config'
2025-12-11 18:39:25.312 [info] > git config --get commit.template [3ms]
2025-12-11 18:39:25.312 [info] > git remote --verbose [16ms]
2025-12-11 18:39:25.312 [info] fatal: not a git repository (or any parent up to mount point /)
Stopping at filesystem boundary (GIT_DISCOVERY_ACROSS_FILESYSTEM not set).
2025-12-11 18:39:25.324 [info] > git symbolic-ref --short HEAD [41ms]
2025-12-11 18:39:25.324 [info] fatal: not a git repository (or any parent up to mount point /)
Stopping at filesystem boundary (GIT_DISCOVERY_ACROSS_FILESYSTEM not set).
2025-12-11 18:39:25.361 [warning] [Git][getHEAD] Failed to parse HEAD file: ENOENT: no such file or directory, open '/home/sheen/.config/alacritty/themes/.git/HEAD'
2025-12-11 18:39:25.371 [warning] [Git][getRemotes] Error: ENOENT: no such file or directory, open '/home/sheen/.config/alacritty/themes/.git/config'
2025-12-11 18:39:25.382 [info] > git rev-parse HEAD [45ms]
2025-12-11 18:39:25.382 [info] fatal: not a git repository (or any parent up to mount point /)
Stopping at filesystem boundary (GIT_DISCOVERY_ACROSS_FILESYSTEM not set).
2025-12-11 18:39:25.384 [info] > git config --get commit.template [2ms]
2025-12-11 18:39:25.384 [info] > git remote --verbose [13ms]
2025-12-11 18:39:25.384 [info] fatal: not a git repository (or any parent up to mount point /)
Stopping at filesystem boundary (GIT_DISCOVERY_ACROSS_FILESYSTEM not set).
2025-12-11 18:39:25.385 [info] > git symbolic-ref --short HEAD [23ms]
2025-12-11 18:39:25.385 [info] fatal: not a git repository (or any parent up to mount point /)
Stopping at filesystem boundary (GIT_DISCOVERY_ACROSS_FILESYSTEM not set).
2025-12-11 18:39:25.401 [info] > git rev-parse HEAD [4ms]
2025-12-11 18:39:25.401 [info] fatal: not a git repository (or any parent up to mount point /)
Stopping at filesystem boundary (GIT_DISCOVERY_ACROSS_FILESYSTEM not set).
2025-12-11 18:39:55.089 [info] > git rev-parse --show-toplevel [2ms]
2025-12-11 18:39:55.089 [info] fatal: not a git repository (or any parent up to mount point /)
Stopping at filesystem boundary (GIT_DISCOVERY_ACROSS_FILESYSTEM not set).
2025-12-11 18:40:56.585 [info] > git rev-parse --show-toplevel [5ms]
2025-12-11 18:40:56.586 [info] fatal: not a git repository (or any parent up to mount point /)
Stopping at filesystem boundary (GIT_DISCOVERY_ACROSS_FILESYSTEM not set).
2025-12-11 18:41:32.964 [info] > git rev-parse --show-toplevel [2ms]
2025-12-11 18:41:32.965 [info] fatal: not a git repository (or any parent up to mount point /)
Stopping at filesystem boundary (GIT_DISCOVERY_ACROSS_FILESYSTEM not set).
2025-12-11 18:41:58.870 [info] > git rev-parse --show-toplevel [5ms]
2025-12-11 18:41:58.870 [info] fatal: not a git repository (or any parent up to mount point /)
Stopping at filesystem boundary (GIT_DISCOVERY_ACROSS_FILESYSTEM not set).
2025-12-11 18:42:12.844 [info] > git rev-parse --show-toplevel [7ms]
2025-12-11 18:42:12.844 [info] fatal: not a git repository (or any parent up to mount point /)
Stopping at filesystem boundary (GIT_DISCOVERY_ACROSS_FILESYSTEM not set).
2025-12-11 18:43:15.298 [info] > git rev-parse --show-toplevel [6ms]
2025-12-11 18:43:15.298 [info] fatal: not a git repository (or any parent up to mount point /)
Stopping at filesystem boundary (GIT_DISCOVERY_ACROSS_FILESYSTEM not set).
2025-12-11 18:44:12.332 [info] > git rev-parse --show-toplevel [5ms]
2025-12-11 18:44:12.332 [info] fatal: not a git repository (or any parent up to mount point /)
Stopping at filesystem boundary (GIT_DISCOVERY_ACROSS_FILESYSTEM not set).
2025-12-11 18:44:16.617 [info] > git rev-parse --show-toplevel [4ms]
2025-12-11 18:44:16.617 [info] fatal: not a git repository (or any parent up to mount point /)
Stopping at filesystem boundary (GIT_DISCOVERY_ACROSS_FILESYSTEM not set).
2025-12-11 18:44:21.581 [info] > git rev-parse --show-toplevel [5ms]
2025-12-11 18:44:21.581 [info] fatal: not a git repository (or any parent up to mount point /)
Stopping at filesystem boundary (GIT_DISCOVERY_ACROSS_FILESYSTEM not set).
2025-12-11 18:44:41.346 [info] > git rev-parse --show-toplevel [5ms]
2025-12-11 18:44:41.346 [info] fatal: not a git repository (or any parent up to mount point /)
Stopping at filesystem boundary (GIT_DISCOVERY_ACROSS_FILESYSTEM not set).
2025-12-11 18:48:51.712 [info] > git rev-parse --show-toplevel [4ms]
2025-12-11 18:48:51.712 [info] fatal: not a git repository (or any parent up to mount point /)
Stopping at filesystem boundary (GIT_DISCOVERY_ACROSS_FILESYSTEM not set).
2025-12-11 18:48:52.791 [info] > git rev-parse --show-toplevel [6ms]
2025-12-11 18:48:52.791 [info] fatal: not a git repository (or any parent up to mount point /)
Stopping at filesystem boundary (GIT_DISCOVERY_ACROSS_FILESYSTEM not set).
2025-12-11 18:48:54.903 [info] > git rev-parse --show-toplevel [5ms]
2025-12-11 18:48:54.903 [info] fatal: not a git repository (or any parent up to mount point /)
Stopping at filesystem boundary (GIT_DISCOVERY_ACROSS_FILESYSTEM not set).
2025-12-11 18:49:33.676 [info] > git rev-parse --show-toplevel [5ms]
2025-12-11 18:49:33.676 [info] fatal: not a git repository (or any parent up to mount point /)
Stopping at filesystem boundary (GIT_DISCOVERY_ACROSS_FILESYSTEM not set).
2025-12-11 18:49:38.651 [info] > git rev-parse --show-toplevel [4ms]
2025-12-11 18:49:38.651 [info] fatal: not a git repository (or any parent up to mount point /)
Stopping at filesystem boundary (GIT_DISCOVERY_ACROSS_FILESYSTEM not set).
2025-12-11 18:49:40.836 [info] > git rev-parse --show-toplevel [5ms]
2025-12-11 18:49:40.837 [info] fatal: not a git repository (or any parent up to mount point /)
Stopping at filesystem boundary (GIT_DISCOVERY_ACROSS_FILESYSTEM not set).
2025-12-11 18:49:42.142 [info] > git rev-parse --show-toplevel [7ms]
2025-12-11 18:49:42.142 [info] fatal: not a git repository (or any parent up to mount point /)
Stopping at filesystem boundary (GIT_DISCOVERY_ACROSS_FILESYSTEM not set).
2025-12-11 18:49:42.161 [info] > git rev-parse --show-toplevel [2ms]
2025-12-11 18:49:42.161 [info] fatal: not a git repository (or any parent up to mount point /)
Stopping at filesystem boundary (GIT_DISCOVERY_ACROSS_FILESYSTEM not set).
2025-12-11 18:49:49.691 [info] > git rev-parse --show-toplevel [2ms]
2025-12-11 18:49:49.691 [info] fatal: not a git repository (or any parent up to mount point /)
Stopping at filesystem boundary (GIT_DISCOVERY_ACROSS_FILESYSTEM not set).
2025-12-11 18:49:49.751 [info] > git rev-parse --show-toplevel [7ms]
2025-12-11 18:49:49.751 [info] fatal: not a git repository (or any parent up to mount point /)
Stopping at filesystem boundary (GIT_DISCOVERY_ACROSS_FILESYSTEM not set).
2025-12-11 18:49:49.764 [info] > git rev-parse --show-toplevel [3ms]
2025-12-11 18:49:49.764 [info] fatal: not a git repository (or any parent up to mount point /)
Stopping at filesystem boundary (GIT_DISCOVERY_ACROSS_FILESYSTEM not set).
2025-12-11 18:50:54.005 [info] > git rev-parse --show-toplevel [2ms]
2025-12-11 18:50:54.005 [info] fatal: not a git repository (or any parent up to mount point /)
Stopping at filesystem boundary (GIT_DISCOVERY_ACROSS_FILESYSTEM not set).
2025-12-11 18:50:54.045 [info] > git rev-parse --show-toplevel [5ms]
2025-12-11 18:50:54.045 [info] fatal: not a git repository (or any parent up to mount point /)
Stopping at filesystem boundary (GIT_DISCOVERY_ACROSS_FILESYSTEM not set).
2025-12-11 18:50:54.060 [info] > git rev-parse --show-toplevel [3ms]
2025-12-11 18:50:54.060 [info] fatal: not a git repository (or any parent up to mount point /)
Stopping at filesystem boundary (GIT_DISCOVERY_ACROSS_FILESYSTEM not set).
2025-12-11 18:51:03.979 [info] > git rev-parse --show-toplevel [1ms]
2025-12-11 18:51:03.979 [info] fatal: not a git repository (or any parent up to mount point /)
Stopping at filesystem boundary (GIT_DISCOVERY_ACROSS_FILESYSTEM not set).
2025-12-11 18:51:04.062 [info] > git rev-parse --show-toplevel [4ms]
2025-12-11 18:51:04.062 [info] fatal: not a git repository (or any parent up to mount point /)
Stopping at filesystem boundary (GIT_DISCOVERY_ACROSS_FILESYSTEM not set).
2025-12-11 18:51:04.075 [info] > git rev-parse --show-toplevel [3ms]
2025-12-11 18:51:04.075 [info] fatal: not a git repository (or any parent up to mount point /)
Stopping at filesystem boundary (GIT_DISCOVERY_ACROSS_FILESYSTEM not set).
2025-12-11 18:51:13.829 [info] > git rev-parse --show-toplevel [2ms]
2025-12-11 18:51:13.829 [info] fatal: not a git repository (or any parent up to mount point /)
Stopping at filesystem boundary (GIT_DISCOVERY_ACROSS_FILESYSTEM not set).
2025-12-11 18:51:13.866 [info] > git rev-parse --show-toplevel [5ms]
2025-12-11 18:51:13.866 [info] fatal: not a git repository (or any parent up to mount point /)
Stopping at filesystem boundary (GIT_DISCOVERY_ACROSS_FILESYSTEM not set).
2025-12-11 18:51:13.879 [info] > git rev-parse --show-toplevel [2ms]
2025-12-11 18:51:13.879 [info] fatal: not a git repository (or any parent up to mount point /)
Stopping at filesystem boundary (GIT_DISCOVERY_ACROSS_FILESYSTEM not set).
2025-12-11 18:59:00.980 [info] > git rev-parse --show-toplevel [1ms]
2025-12-11 18:59:00.980 [info] fatal: not a git repository (or any parent up to mount point /)
Stopping at filesystem boundary (GIT_DISCOVERY_ACROSS_FILESYSTEM not set).
2025-12-11 18:59:01.076 [info] > git rev-parse --show-toplevel [6ms]
2025-12-11 18:59:01.076 [info] fatal: not a git repository (or any parent up to mount point /)
Stopping at filesystem boundary (GIT_DISCOVERY_ACROSS_FILESYSTEM not set).
2025-12-11 18:59:01.090 [info] > git rev-parse --show-toplevel [3ms]
2025-12-11 18:59:01.090 [info] fatal: not a git repository (or any parent up to mount point /)
Stopping at filesystem boundary (GIT_DISCOVERY_ACROSS_FILESYSTEM not set).
2025-12-11 18:59:09.771 [info] > git rev-parse --show-toplevel [2ms]
2025-12-11 18:59:09.771 [info] fatal: not a git repository (or any parent up to mount point /)
Stopping at filesystem boundary (GIT_DISCOVERY_ACROSS_FILESYSTEM not set).
2025-12-11 18:59:09.804 [info] > git rev-parse --show-toplevel [6ms]
2025-12-11 18:59:09.804 [info] fatal: not a git repository (or any parent up to mount point /)
Stopping at filesystem boundary (GIT_DISCOVERY_ACROSS_FILESYSTEM not set).
2025-12-11 18:59:09.818 [info] > git rev-parse --show-toplevel [3ms]
2025-12-11 18:59:09.818 [info] fatal: not a git repository (or any parent up to mount point /)
Stopping at filesystem boundary (GIT_DISCOVERY_ACROSS_FILESYSTEM not set).
2025-12-11 18:59:17.151 [info] > git rev-parse --show-toplevel [2ms]
2025-12-11 18:59:17.151 [info] fatal: not a git repository (or any parent up to mount point /)
Stopping at filesystem boundary (GIT_DISCOVERY_ACROSS_FILESYSTEM not set).
2025-12-11 18:59:17.178 [info] > git rev-parse --show-toplevel [4ms]
2025-12-11 18:59:17.178 [info] fatal: not a git repository (or any parent up to mount point /)
Stopping at filesystem boundary (GIT_DISCOVERY_ACROSS_FILESYSTEM not set).
2025-12-11 18:59:17.192 [info] > git rev-parse --show-toplevel [3ms]
2025-12-11 18:59:17.192 [info] fatal: not a git repository (or any parent up to mount point /)
Stopping at filesystem boundary (GIT_DISCOVERY_ACROSS_FILESYSTEM not set).
2025-12-11 19:00:28.380 [info] > git rev-parse --show-toplevel [2ms]
2025-12-11 19:00:28.380 [info] fatal: not a git repository (or any parent up to mount point /)
Stopping at filesystem boundary (GIT_DISCOVERY_ACROSS_FILESYSTEM not set).
2025-12-11 19:00:28.452 [info] > git rev-parse --show-toplevel [6ms]
2025-12-11 19:00:28.452 [info] fatal: not a git repository (or any parent up to mount point /)
Stopping at filesystem boundary (GIT_DISCOVERY_ACROSS_FILESYSTEM not set).
2025-12-11 19:00:28.465 [info] > git rev-parse --show-toplevel [3ms]
2025-12-11 19:00:28.465 [info] fatal: not a git repository (or any parent up to mount point /)
Stopping at filesystem boundary (GIT_DISCOVERY_ACROSS_FILESYSTEM not set).
2025-12-11 19:00:41.214 [info] > git rev-parse --show-toplevel [2ms]
2025-12-11 19:00:41.214 [info] fatal: not a git repository (or any parent up to mount point /)
Stopping at filesystem boundary (GIT_DISCOVERY_ACROSS_FILESYSTEM not set).
2025-12-11 19:00:41.280 [info] > git rev-parse --show-toplevel [6ms]
2025-12-11 19:00:41.280 [info] fatal: not a git repository (or any parent up to mount point /)
Stopping at filesystem boundary (GIT_DISCOVERY_ACROSS_FILESYSTEM not set).
2025-12-11 19:00:41.293 [info] > git rev-parse --show-toplevel [2ms]
2025-12-11 19:00:41.294 [info] fatal: not a git repository (or any parent up to mount point /)
Stopping at filesystem boundary (GIT_DISCOVERY_ACROSS_FILESYSTEM not set).
2025-12-11 19:00:55.860 [info] > git rev-parse --show-toplevel [2ms]
2025-12-11 19:00:55.860 [info] fatal: not a git repository (or any parent up to mount point /)
Stopping at filesystem boundary (GIT_DISCOVERY_ACROSS_FILESYSTEM not set).
2025-12-11 19:00:55.922 [info] > git rev-parse --show-toplevel [5ms]
2025-12-11 19:00:55.922 [info] fatal: not a git repository (or any parent up to mount point /)
Stopping at filesystem boundary (GIT_DISCOVERY_ACROSS_FILESYSTEM not set).
2025-12-11 19:00:55.935 [info] > git rev-parse --show-toplevel [2ms]
2025-12-11 19:00:55.935 [info] fatal: not a git repository (or any parent up to mount point /)
Stopping at filesystem boundary (GIT_DISCOVERY_ACROSS_FILESYSTEM not set).
2025-12-11 19:01:37.541 [info] > git rev-parse --show-toplevel [1ms]
2025-12-11 19:01:37.541 [info] fatal: not a git repository (or any parent up to mount point /)
Stopping at filesystem boundary (GIT_DISCOVERY_ACROSS_FILESYSTEM not set).
2025-12-11 19:06:44.857 [info] > git rev-parse --show-toplevel [5ms]
2025-12-11 19:06:44.857 [info] fatal: not a git repository (or any parent up to mount point /)
Stopping at filesystem boundary (GIT_DISCOVERY_ACROSS_FILESYSTEM not set).
2025-12-11 19:19:26.145 [info] > git rev-parse --show-toplevel [4ms]
2025-12-11 19:19:26.145 [info] fatal: not a git repository (or any parent up to mount point /)
Stopping at filesystem boundary (GIT_DISCOVERY_ACROSS_FILESYSTEM not set).
2025-12-11 19:19:27.824 [info] > git rev-parse --show-toplevel [6ms]
2025-12-11 19:19:27.824 [info] fatal: not a git repository (or any parent up to mount point /)
Stopping at filesystem boundary (GIT_DISCOVERY_ACROSS_FILESYSTEM not set).
2025-12-11 19:19:43.863 [info] > git rev-parse --show-toplevel [4ms]
2025-12-11 19:19:43.863 [info] fatal: not a git repository (or any parent up to mount point /)
Stopping at filesystem boundary (GIT_DISCOVERY_ACROSS_FILESYSTEM not set).
2025-12-11 19:20:09.863 [info] > git rev-parse --show-toplevel [4ms]
2025-12-11 19:20:09.863 [info] fatal: not a git repository (or any parent up to mount point /)
Stopping at filesystem boundary (GIT_DISCOVERY_ACROSS_FILESYSTEM not set).
2025-12-11 19:20:55.946 [info] > git rev-parse --show-toplevel [5ms]
2025-12-11 19:20:55.946 [info] fatal: not a git repository (or any parent up to mount point /)
Stopping at filesystem boundary (GIT_DISCOVERY_ACROSS_FILESYSTEM not set).
2025-12-11 19:20:59.819 [info] > git rev-parse --show-toplevel [4ms]
2025-12-11 19:20:59.819 [info] fatal: not a git repository (or any parent up to mount point /)
Stopping at filesystem boundary (GIT_DISCOVERY_ACROSS_FILESYSTEM not set).
2025-12-11 19:22:51.380 [info] > git rev-parse --show-toplevel [5ms]
2025-12-11 19:22:51.380 [info] fatal: not a git repository (or any parent up to mount point /)
Stopping at filesystem boundary (GIT_DISCOVERY_ACROSS_FILESYSTEM not set).
2025-12-11 19:22:56.180 [info] > git rev-parse --show-toplevel [6ms]
2025-12-11 19:22:56.180 [info] fatal: not a git repository (or any parent up to mount point /)
Stopping at filesystem boundary (GIT_DISCOVERY_ACROSS_FILESYSTEM not set).
2025-12-11 19:23:34.109 [info] > git rev-parse --show-toplevel [4ms]
2025-12-11 19:23:34.109 [info] fatal: not a git repository (or any parent up to mount point /)
Stopping at filesystem boundary (GIT_DISCOVERY_ACROSS_FILESYSTEM not set).
2025-12-11 19:23:35.175 [info] > git rev-parse --show-toplevel [3ms]
2025-12-11 19:23:35.175 [info] fatal: not a git repository (or any parent up to mount point /)
Stopping at filesystem boundary (GIT_DISCOVERY_ACROSS_FILESYSTEM not set).
2025-12-11 19:23:36.127 [info] > git rev-parse --show-toplevel [3ms]
2025-12-11 19:23:36.127 [info] fatal: not a git repository (or any parent up to mount point /)
Stopping at filesystem boundary (GIT_DISCOVERY_ACROSS_FILESYSTEM not set).
2025-12-11 19:23:37.869 [info] > git rev-parse --show-toplevel [8ms]
2025-12-11 19:23:37.869 [info] fatal: not a git repository (or any parent up to mount point /)
Stopping at filesystem boundary (GIT_DISCOVERY_ACROSS_FILESYSTEM not set).
2025-12-11 19:23:37.885 [info] > git rev-parse --show-toplevel [3ms]
2025-12-11 19:23:37.885 [info] fatal: not a git repository (or any parent up to mount point /)
Stopping at filesystem boundary (GIT_DISCOVERY_ACROSS_FILESYSTEM not set).
2025-12-11 19:23:38.965 [info] > git rev-parse --show-toplevel [2ms]
2025-12-11 19:23:38.966 [info] fatal: not a git repository (or any parent up to mount point /)
Stopping at filesystem boundary (GIT_DISCOVERY_ACROSS_FILESYSTEM not set).
2025-12-11 19:23:39.017 [info] > git rev-parse --show-toplevel [5ms]
2025-12-11 19:23:39.017 [info] fatal: not a git repository (or any parent up to mount point /)
Stopping at filesystem boundary (GIT_DISCOVERY_ACROSS_FILESYSTEM not set).
2025-12-11 19:23:39.033 [info] > git rev-parse --show-toplevel [3ms]
2025-12-11 19:23:39.033 [info] fatal: not a git repository (or any parent up to mount point /)
Stopping at filesystem boundary (GIT_DISCOVERY_ACROSS_FILESYSTEM not set).
2025-12-11 19:23:40.022 [info] > git rev-parse --show-toplevel [2ms]
2025-12-11 19:23:40.022 [info] fatal: not a git repository (or any parent up to mount point /)
Stopping at filesystem boundary (GIT_DISCOVERY_ACROSS_FILESYSTEM not set).
