2025-12-11 14:49:39.819 [info] cancelled
2025-12-11 15:30:07.294 [info] read schema from vscode: vscode://schemas/settings/user
2025-12-11 15:30:07.491 [info] read schema from vscode: vscode://schemas/settings/resourceLanguage
2025-12-11 15:30:07.503 [info] read schema from vscode: vscode://schemas/ignoredSettings
2025-12-11 15:30:07.504 [info] read schema from vscode: vscode://schemas/launch
2025-12-11 15:30:07.509 [info] read schema from vscode: vscode://schemas/token-styling
2025-12-11 15:30:07.510 [info] read schema from vscode: vscode://schemas/textmate-colors
2025-12-11 15:30:07.510 [info] read schema from vscode: vscode://schemas/workbench-colors
2025-12-11 15:30:08.377 [info] schema change detected vscode://schemas/settings/user
2025-12-11 15:30:08.379 [info] read schema from vscode: vscode://schemas/settings/user
2025-12-11 15:31:54.165 [info] schema change detected vscode://schemas/settings/user
2025-12-11 15:31:54.167 [info] read schema from vscode: vscode://schemas/settings/user
2025-12-11 15:32:19.822 [info] schema change detected vscode://schemas/launch
2025-12-11 15:32:19.825 [info] read schema from vscode: vscode://schemas/settings/user
2025-12-11 15:32:19.954 [info] read schema from vscode: vscode://schemas/launch
2025-12-11 15:32:38.046 [info] schema change detected vscode://schemas/launch
2025-12-11 15:32:38.048 [info] read schema from vscode: vscode://schemas/settings/user
2025-12-11 15:32:38.174 [info] read schema from vscode: vscode://schemas/launch
2025-12-11 15:32:39.633 [info] schema change detected vscode://schemas/launch
2025-12-11 15:32:39.634 [info] read schema from vscode: vscode://schemas/settings/user
2025-12-11 15:32:39.816 [info] read schema from vscode: vscode://schemas/launch
2025-12-11 15:32:42.986 [info] schema change detected vscode://schemas/launch
2025-12-11 15:32:42.988 [info] read schema from vscode: vscode://schemas/settings/user
2025-12-11 15:32:43.092 [info] read schema from vscode: vscode://schemas/launch
2025-12-11 15:32:44.688 [info] schema change detected vscode://schemas/launch
2025-12-11 15:32:44.691 [info] read schema from vscode: vscode://schemas/settings/user
2025-12-11 15:32:44.802 [info] read schema from vscode: vscode://schemas/launch
2025-12-11 15:32:45.656 [info] schema change detected vscode://schemas/launch
2025-12-11 15:32:45.659 [info] read schema from vscode: vscode://schemas/settings/user
2025-12-11 15:32:45.801 [info] read schema from vscode: vscode://schemas/launch
2025-12-11 15:32:46.856 [info] schema change detected vscode://schemas/launch
2025-12-11 15:32:46.858 [info] read schema from vscode: vscode://schemas/settings/user
2025-12-11 15:32:46.984 [info] read schema from vscode: vscode://schemas/launch
2025-12-11 15:32:47.676 [info] schema change detected vscode://schemas/launch
2025-12-11 15:32:47.677 [info] read schema from vscode: vscode://schemas/settings/user
2025-12-11 15:32:47.784 [info] read schema from vscode: vscode://schemas/launch
2025-12-11 15:32:49.237 [info] schema change detected vscode://schemas/launch
2025-12-11 15:32:49.239 [info] read schema from vscode: vscode://schemas/settings/user
2025-12-11 15:32:49.358 [info] read schema from vscode: vscode://schemas/launch
2025-12-11 15:32:50.123 [info] schema change detected vscode://schemas/launch
2025-12-11 15:32:50.125 [info] read schema from vscode: vscode://schemas/settings/user
2025-12-11 15:32:50.231 [info] read schema from vscode: vscode://schemas/launch
2025-12-11 15:32:51.075 [info] schema change detected vscode://schemas/launch
2025-12-11 15:32:51.076 [info] read schema from vscode: vscode://schemas/settings/user
2025-12-11 15:32:51.184 [info] read schema from vscode: vscode://schemas/launch
2025-12-11 15:32:52.355 [info] schema change detected vscode://schemas/launch
2025-12-11 15:32:52.358 [info] read schema from vscode: vscode://schemas/settings/user
2025-12-11 15:32:52.499 [info] read schema from vscode: vscode://schemas/launch
2025-12-11 15:32:53.886 [info] schema change detected vscode://schemas/launch
2025-12-11 15:32:53.888 [info] read schema from vscode: vscode://schemas/settings/user
2025-12-11 15:32:54.022 [info] read schema from vscode: vscode://schemas/launch
2025-12-11 15:32:55.996 [info] schema change detected vscode://schemas/launch
2025-12-11 15:32:55.998 [info] read schema from vscode: vscode://schemas/settings/user
2025-12-11 15:32:56.113 [info] read schema from vscode: vscode://schemas/launch
2025-12-11 15:32:56.872 [info] schema change detected vscode://schemas/launch
2025-12-11 15:32:56.875 [info] read schema from vscode: vscode://schemas/settings/user
2025-12-11 15:32:57.008 [info] read schema from vscode: vscode://schemas/launch
2025-12-11 15:32:57.350 [info] schema change detected vscode://schemas/launch
2025-12-11 15:32:57.352 [info] read schema from vscode: vscode://schemas/settings/user
2025-12-11 15:32:57.449 [info] read schema from vscode: vscode://schemas/launch
2025-12-11 15:33:02.587 [info] schema change detected vscode://schemas/launch
2025-12-11 15:33:02.588 [info] read schema from vscode: vscode://schemas/settings/user
2025-12-11 15:33:02.713 [info] read schema from vscode: vscode://schemas/launch
2025-12-11 15:33:04.814 [info] schema change detected vscode://schemas/launch
2025-12-11 15:33:04.817 [info] read schema from vscode: vscode://schemas/settings/user
2025-12-11 15:33:04.930 [info] read schema from vscode: vscode://schemas/launch
2025-12-11 15:33:05.669 [info] schema change detected vscode://schemas/launch
2025-12-11 15:33:05.671 [info] read schema from vscode: vscode://schemas/settings/user
2025-12-11 15:33:05.780 [info] read schema from vscode: vscode://schemas/launch
2025-12-11 15:33:07.328 [info] schema change detected vscode://schemas/launch
2025-12-11 15:33:07.330 [info] read schema from vscode: vscode://schemas/settings/user
2025-12-11 15:33:07.444 [info] read schema from vscode: vscode://schemas/launch
2025-12-11 15:33:08.118 [info] schema change detected vscode://schemas/launch
2025-12-11 15:33:08.120 [info] read schema from vscode: vscode://schemas/settings/user
2025-12-11 15:33:08.223 [info] read schema from vscode: vscode://schemas/launch
2025-12-11 15:33:08.844 [info] schema change detected vscode://schemas/launch
2025-12-11 15:33:08.846 [info] read schema from vscode: vscode://schemas/settings/user
2025-12-11 15:33:08.956 [info] read schema from vscode: vscode://schemas/launch
2025-12-11 15:33:10.530 [info] schema change detected vscode://schemas/launch
2025-12-11 15:33:10.533 [info] read schema from vscode: vscode://schemas/settings/user
2025-12-11 15:33:10.675 [info] read schema from vscode: vscode://schemas/launch
2025-12-11 15:33:13.029 [info] schema change detected vscode://schemas/launch
2025-12-11 15:33:13.031 [info] read schema from vscode: vscode://schemas/settings/user
2025-12-11 15:33:13.130 [info] read schema from vscode: vscode://schemas/launch
2025-12-11 15:33:18.878 [info] schema change detected vscode://schemas/launch
2025-12-11 15:33:18.879 [info] read schema from vscode: vscode://schemas/settings/user
2025-12-11 15:33:19.017 [info] read schema from vscode: vscode://schemas/launch
2025-12-11 15:45:46.923 [info] schema change detected vscode://schemas/launch
2025-12-11 15:45:46.925 [info] read schema from vscode: vscode://schemas/settings/user
2025-12-11 15:45:47.538 [info] read schema from vscode: vscode://schemas/launch
2025-12-11 15:45:49.608 [info] schema change detected vscode://schemas/launch
2025-12-11 15:45:49.610 [info] read schema from vscode: vscode://schemas/settings/user
2025-12-11 15:45:50.088 [info] read schema from vscode: vscode://schemas/launch
2025-12-11 15:45:51.411 [info] schema change detected vscode://schemas/settings/user
2025-12-11 15:45:51.413 [info] read schema from vscode: vscode://schemas/settings/user
2025-12-11 15:52:48.368 [info] schema change detected vscode://schemas/settings/user
2025-12-11 15:53:09.210 [info] schema change detected vscode://schemas/launch
2025-12-11 15:53:13.402 [info] schema change detected vscode://schemas/launch
2025-12-11 15:53:15.687 [info] schema change detected vscode://schemas/launch
2025-12-11 15:53:16.308 [info] schema change detected vscode://schemas/launch
2025-12-11 15:53:16.490 [info] schema change detected vscode://schemas/settings/user
