2025-12-11 14:41:00.653 [info] Reading sessions from keychain...
2025-12-11 14:41:00.653 [info] Getting sessions for all scopes...
2025-12-11 14:41:00.653 [info] Got 0 sessions for ...
2025-12-11 14:41:00.653 [info] Getting sessions for all scopes...
2025-12-11 14:41:00.653 [info] Got 0 sessions for ...
2025-12-11 14:41:00.653 [info] Getting sessions for all scopes...
2025-12-11 14:41:00.653 [info] Got 0 sessions for ...
2025-12-11 14:41:00.653 [info] Getting sessions for all scopes...
2025-12-11 14:41:00.653 [info] Got 0 sessions for ...
2025-12-11 14:41:00.653 [info] Getting sessions for all scopes...
2025-12-11 14:41:00.653 [info] Got 0 sessions for ...
2025-12-11 14:41:00.653 [info] Getting sessions for all scopes...
2025-12-11 14:41:00.653 [info] Got 0 sessions for ...
2025-12-11 14:41:00.653 [info] Getting sessions for all scopes...
2025-12-11 14:41:00.653 [info] Got 0 sessions for ...
2025-12-11 14:41:00.654 [info] Getting sessions for all scopes...
2025-12-11 14:41:00.654 [info] Got 0 sessions for ...
2025-12-11 14:41:00.654 [info] Getting sessions for all scopes...
2025-12-11 14:41:00.654 [info] Got 0 sessions for ...
2025-12-11 14:41:00.676 [info] Getting sessions for all scopes...
2025-12-11 14:41:00.676 [info] Got 0 sessions for ...
2025-12-11 14:41:00.677 [info] Getting sessions for all scopes...
2025-12-11 14:41:00.677 [info] Got 0 sessions for ...
2025-12-11 14:41:00.678 [info] Getting sessions for all scopes...
2025-12-11 14:41:00.678 [info] Got 0 sessions for ...
2025-12-11 14:41:00.678 [info] Getting sessions for all scopes...
2025-12-11 14:41:00.678 [info] Got 0 sessions for ...
2025-12-11 14:41:00.678 [info] Getting sessions for all scopes...
2025-12-11 14:41:00.678 [info] Got 0 sessions for ...
2025-12-11 14:41:00.678 [info] Getting sessions for all scopes...
2025-12-11 14:41:00.678 [info] Got 0 sessions for ...
2025-12-11 14:41:03.339 [info] Getting sessions for all scopes...
2025-12-11 14:41:03.339 [info] Got 0 sessions for ...
2025-12-11 14:47:29.504 [info] Reading sessions from keychain...
2025-12-11 14:47:29.504 [info] Getting sessions for all scopes...
2025-12-11 14:47:29.504 [info] Got 0 sessions for ...
2025-12-11 14:47:29.504 [info] Getting sessions for all scopes...
2025-12-11 14:47:29.504 [info] Got 0 sessions for ...
2025-12-11 14:47:29.504 [info] Getting sessions for all scopes...
2025-12-11 14:47:29.504 [info] Got 0 sessions for ...
2025-12-11 14:47:29.504 [info] Getting sessions for all scopes...
2025-12-11 14:47:29.504 [info] Got 0 sessions for ...
2025-12-11 14:47:29.504 [info] Getting sessions for all scopes...
2025-12-11 14:47:29.504 [info] Got 0 sessions for ...
2025-12-11 14:47:29.504 [info] Getting sessions for all scopes...
2025-12-11 14:47:29.504 [info] Got 0 sessions for ...
2025-12-11 14:47:29.504 [info] Getting sessions for all scopes...
2025-12-11 14:47:29.504 [info] Got 0 sessions for ...
2025-12-11 14:47:29.504 [info] Getting sessions for all scopes...
2025-12-11 14:47:29.504 [info] Got 0 sessions for ...
2025-12-11 14:47:29.504 [info] Getting sessions for all scopes...
2025-12-11 14:47:29.504 [info] Got 0 sessions for ...
2025-12-11 14:47:29.504 [info] Getting sessions for all scopes...
2025-12-11 14:47:29.504 [info] Got 0 sessions for ...
2025-12-11 14:47:29.511 [info] Getting sessions for all scopes...
2025-12-11 14:47:29.511 [info] Got 0 sessions for ...
2025-12-11 14:47:29.511 [info] Getting sessions for all scopes...
2025-12-11 14:47:29.511 [info] Got 0 sessions for ...
2025-12-11 14:47:29.511 [info] Getting sessions for all scopes...
2025-12-11 14:47:29.511 [info] Got 0 sessions for ...
2025-12-11 14:47:29.511 [info] Getting sessions for all scopes...
2025-12-11 14:47:29.511 [info] Got 0 sessions for ...
2025-12-11 14:47:29.511 [info] Getting sessions for all scopes...
2025-12-11 14:47:29.511 [info] Got 0 sessions for ...
2025-12-11 14:47:29.511 [info] Getting sessions for all scopes...
2025-12-11 14:47:29.511 [info] Got 0 sessions for ...
2025-12-11 14:47:31.398 [info] Getting sessions for all scopes...
2025-12-11 14:47:31.398 [info] Got 0 sessions for ...
2025-12-11 14:49:10.325 [info] Reading sessions from keychain...
2025-12-11 14:49:10.325 [info] Getting sessions for all scopes...
2025-12-11 14:49:10.325 [info] Got 0 sessions for ...
2025-12-11 14:49:10.325 [info] Getting sessions for all scopes...
2025-12-11 14:49:10.325 [info] Got 0 sessions for ...
2025-12-11 14:49:10.325 [info] Getting sessions for all scopes...
2025-12-11 14:49:10.325 [info] Got 0 sessions for ...
2025-12-11 14:49:10.325 [info] Getting sessions for all scopes...
2025-12-11 14:49:10.325 [info] Got 0 sessions for ...
2025-12-11 14:49:10.325 [info] Getting sessions for all scopes...
2025-12-11 14:49:10.325 [info] Got 0 sessions for ...
2025-12-11 14:49:10.325 [info] Getting sessions for all scopes...
2025-12-11 14:49:10.325 [info] Got 0 sessions for ...
2025-12-11 14:49:10.325 [info] Getting sessions for all scopes...
2025-12-11 14:49:10.325 [info] Got 0 sessions for ...
2025-12-11 14:49:10.325 [info] Getting sessions for all scopes...
2025-12-11 14:49:10.325 [info] Got 0 sessions for ...
2025-12-11 14:49:10.325 [info] Getting sessions for all scopes...
2025-12-11 14:49:10.325 [info] Got 0 sessions for ...
2025-12-11 14:49:10.325 [info] Getting sessions for all scopes...
2025-12-11 14:49:10.325 [info] Got 0 sessions for ...
2025-12-11 14:49:10.325 [info] Getting sessions for all scopes...
2025-12-11 14:49:10.325 [info] Got 0 sessions for ...
2025-12-11 14:49:10.325 [info] Getting sessions for all scopes...
2025-12-11 14:49:10.325 [info] Got 0 sessions for ...
2025-12-11 14:49:10.325 [info] Getting sessions for all scopes...
2025-12-11 14:49:10.325 [info] Got 0 sessions for ...
2025-12-11 14:49:10.325 [info] Getting sessions for all scopes...
2025-12-11 14:49:10.325 [info] Got 0 sessions for ...
2025-12-11 14:49:10.325 [info] Getting sessions for all scopes...
2025-12-11 14:49:10.325 [info] Got 0 sessions for ...
2025-12-11 14:49:12.271 [info] Getting sessions for all scopes...
2025-12-11 14:49:12.271 [info] Got 0 sessions for ...
2025-12-11 15:24:36.726 [info] Logging in with 'any' account...
2025-12-11 15:24:36.726 [info] Logging in for the following scopes: read:user repo user:email workflow
2025-12-11 15:24:36.770 [info] Trying with local server... (read:user repo user:email workflow)
2025-12-11 15:24:58.491 [info] Exchanging code for token...
2025-12-11 15:24:58.933 [info] Token exchange success!
2025-12-11 15:24:58.935 [info] Getting user info...
2025-12-11 15:24:59.339 [info] Got account info!
2025-12-11 15:24:59.341 [info] Storing 1 sessions...
2025-12-11 15:25:00.052 [info] FetcherService: Electron fetch failed with status: 429 
2025-12-11 15:25:00.555 [info] FetcherService: Node fetch failed with status: 429 Too Many Requests
2025-12-11 15:25:01.127 [info] FetcherService: Node http/s failed with status: 429 Too Many Requests
2025-12-11 15:25:06.780 [info] Reading sessions from keychain...
2025-12-11 15:25:06.780 [info] Stored 1 sessions!
2025-12-11 15:25:06.780 [info] Login success!
2025-12-11 15:25:06.781 [info] Getting sessions for all scopes...
2025-12-11 15:25:06.783 [info] Got stored sessions!
2025-12-11 15:25:06.783 [info] Got 1 verified sessions.
2025-12-11 15:25:06.783 [info] Got 1 sessions for ...
2025-12-11 15:25:06.783 [info] Getting sessions for all scopes...
2025-12-11 15:25:06.783 [info] Got 1 sessions for ...
2025-12-11 15:25:06.783 [info] Getting sessions for all scopes...
2025-12-11 15:25:06.783 [info] Got 1 sessions for ...
2025-12-11 15:25:12.497 [info] Getting sessions for all scopes...
2025-12-11 15:25:12.497 [info] Got 1 sessions for ...
2025-12-11 15:25:12.497 [info] Getting sessions for all scopes...
2025-12-11 15:25:12.497 [info] Got 1 sessions for ...
2025-12-11 15:25:12.583 [info] Getting sessions for read:user,repo,user:email,workflow...
2025-12-11 15:25:12.583 [info] Got 1 sessions for read:user,repo,user:email,workflow...
2025-12-11 15:25:12.601 [info] Getting sessions for all scopes...
2025-12-11 15:25:12.601 [info] Got 1 sessions for ...
2025-12-11 15:25:12.602 [info] Getting sessions for read:user,repo,user:email,workflow...
2025-12-11 15:25:12.602 [info] Got 1 sessions for read:user,repo,user:email,workflow...
2025-12-11 15:25:12.808 [info] Getting sessions for all scopes...
2025-12-11 15:25:12.808 [info] Got 1 sessions for ...
2025-12-11 15:25:12.809 [info] Getting sessions for all scopes...
2025-12-11 15:25:12.809 [info] Got 1 sessions for ...
2025-12-11 15:25:12.812 [info] Getting sessions for all scopes...
2025-12-11 15:25:12.812 [info] Got 1 sessions for ...
2025-12-11 15:25:12.814 [info] Getting sessions for read:user,repo,user:email,workflow...
2025-12-11 15:25:12.814 [info] Got 1 sessions for read:user,repo,user:email,workflow...
2025-12-11 15:25:13.192 [info] Getting sessions for all scopes...
2025-12-11 15:25:13.192 [info] Got 1 sessions for ...
2025-12-11 15:25:13.194 [info] Getting sessions for all scopes...
2025-12-11 15:25:13.194 [info] Got 1 sessions for ...
2025-12-11 15:25:13.195 [info] Getting sessions for read:user,repo,user:email,workflow...
2025-12-11 15:25:13.195 [info] Got 1 sessions for read:user,repo,user:email,workflow...
2025-12-11 15:25:13.267 [info] Getting sessions for all scopes...
2025-12-11 15:25:13.267 [info] Got 1 sessions for ...
2025-12-11 15:25:13.270 [info] Getting sessions for all scopes...
2025-12-11 15:25:13.270 [info] Got 1 sessions for ...
2025-12-11 15:25:13.275 [info] Getting sessions for all scopes...
2025-12-11 15:25:13.275 [info] Got 1 sessions for ...
2025-12-11 15:25:13.276 [info] Getting sessions for all scopes...
2025-12-11 15:25:13.276 [info] Got 1 sessions for ...
2025-12-11 15:25:13.310 [info] Getting sessions for read:user,repo,user:email,workflow...
2025-12-11 15:25:13.310 [info] Got 1 sessions for read:user,repo,user:email,workflow...
2025-12-11 15:25:13.550 [info] Getting sessions for all scopes...
2025-12-11 15:25:13.550 [info] Got 1 sessions for ...
2025-12-11 15:25:13.551 [info] Getting sessions for read:user,repo,user:email,workflow...
2025-12-11 15:25:13.551 [info] Got 1 sessions for read:user,repo,user:email,workflow...
2025-12-11 15:25:30.916 [info] Getting sessions for user:email...
2025-12-11 15:25:30.916 [info] Got 0 sessions for user:email...
2025-12-11 15:25:34.239 [info] Logging in with 'any' account...
2025-12-11 15:25:34.239 [info] Logging in for the following scopes: user:email
2025-12-11 15:25:34.242 [info] Trying with local server... (user:email)
2025-12-11 15:25:41.555 [info] Exchanging code for token...
2025-12-11 15:25:41.936 [info] Token exchange success!
2025-12-11 15:25:41.937 [info] Getting user info...
2025-12-11 15:25:42.168 [info] Got account info!
2025-12-11 15:25:42.169 [info] Storing 2 sessions...
2025-12-11 15:25:42.172 [info] Reading sessions from keychain...
2025-12-11 15:25:42.172 [info] Stored 2 sessions!
2025-12-11 15:25:42.172 [info] Login success!
2025-12-11 15:25:42.173 [info] Getting sessions for all scopes...
2025-12-11 15:25:42.186 [info] Got stored sessions!
2025-12-11 15:25:42.186 [info] Got 2 verified sessions.
2025-12-11 15:25:42.186 [info] Got 2 sessions for ...
2025-12-11 15:25:42.186 [info] Getting sessions for all scopes...
2025-12-11 15:25:42.186 [info] Got 2 sessions for ...
2025-12-11 15:25:42.187 [info] Getting sessions for all scopes...
2025-12-11 15:25:42.187 [info] Got 2 sessions for ...
2025-12-11 15:25:42.188 [info] Getting sessions for all scopes...
2025-12-11 15:25:42.188 [info] Got 2 sessions for ...
2025-12-11 15:25:42.188 [info] Getting sessions for all scopes...
2025-12-11 15:25:42.188 [info] Got 2 sessions for ...
2025-12-11 15:25:42.189 [info] Getting sessions for read:user,repo,user:email,workflow...
2025-12-11 15:25:42.190 [info] Got 1 sessions for read:user,repo,user:email,workflow...
2025-12-11 15:25:58.266 [info] Getting sessions for user:email...
2025-12-11 15:25:58.266 [info] Got 1 sessions for user:email...
2025-12-11 15:26:00.030 [info] Getting sessions for user:email...
2025-12-11 15:26:00.030 [info] Got 1 sessions for user:email...
2025-12-11 15:26:23.215 [info] Getting sessions for all scopes...
2025-12-11 15:26:23.215 [info] Got 2 sessions for ...
2025-12-11 15:26:23.374 [info] Getting sessions for user:email...
2025-12-11 15:26:23.375 [info] Got 1 sessions for user:email...
2025-12-11 15:26:23.584 [info] Getting sessions for all scopes...
2025-12-11 15:26:23.584 [info] Got 2 sessions for ...
2025-12-11 15:26:25.059 [info] Getting sessions for project,read:org,read:user,repo,user:email,workflow...
2025-12-11 15:26:25.059 [info] Got 0 sessions for project,read:org,read:user,repo,user:email,workflow...
2025-12-11 15:26:25.121 [info] Getting sessions for read:user,repo,user:email,workflow...
2025-12-11 15:26:25.121 [info] Got 1 sessions for read:user,repo,user:email,workflow...
2025-12-11 15:26:25.695 [info] Getting sessions for all scopes...
2025-12-11 15:26:25.695 [info] Got 2 sessions for ...
2025-12-11 15:26:25.769 [info] Getting sessions for read:user,repo,user:email,workflow...
2025-12-11 15:26:25.769 [info] Got 1 sessions for read:user,repo,user:email,workflow...
2025-12-11 15:30:10.882 [info] Getting sessions for all scopes...
2025-12-11 15:30:10.882 [info] Got 2 sessions for ...
2025-12-11 15:30:10.882 [info] Getting sessions for all scopes...
2025-12-11 15:30:10.882 [info] Got 2 sessions for ...
2025-12-11 15:30:12.782 [info] Getting sessions for all scopes...
2025-12-11 15:30:12.782 [info] Got 2 sessions for ...
2025-12-11 15:30:12.783 [info] Getting sessions for read:user,repo,user:email,workflow...
2025-12-11 15:30:12.783 [info] Got 1 sessions for read:user,repo,user:email,workflow...
2025-12-11 15:35:12.783 [info] Getting sessions for all scopes...
2025-12-11 15:35:12.783 [info] Got 2 sessions for ...
2025-12-11 15:35:12.784 [info] Getting sessions for read:user,repo,user:email,workflow...
2025-12-11 15:35:12.784 [info] Got 1 sessions for read:user,repo,user:email,workflow...
2025-12-11 15:40:12.785 [info] Getting sessions for all scopes...
2025-12-11 15:40:12.785 [info] Got 2 sessions for ...
2025-12-11 15:40:12.788 [info] Getting sessions for read:user,repo,user:email,workflow...
2025-12-11 15:40:12.788 [info] Got 1 sessions for read:user,repo,user:email,workflow...
2025-12-11 15:45:12.786 [info] Getting sessions for all scopes...
2025-12-11 15:45:12.786 [info] Got 2 sessions for ...
2025-12-11 15:45:12.789 [info] Getting sessions for read:user,repo,user:email,workflow...
2025-12-11 15:45:12.789 [info] Got 1 sessions for read:user,repo,user:email,workflow...
2025-12-11 15:46:28.752 [info] Getting sessions for all scopes...
2025-12-11 15:46:28.753 [info] Got 2 sessions for ...
2025-12-11 15:46:28.761 [info] Getting sessions for read:user,repo,user:email,workflow...
2025-12-11 15:46:28.761 [info] Got 1 sessions for read:user,repo,user:email,workflow...
2025-12-11 15:46:29.533 [info] Getting sessions for all scopes...
2025-12-11 15:46:29.533 [info] Got 2 sessions for ...
2025-12-11 15:46:29.534 [info] Getting sessions for all scopes...
2025-12-11 15:46:29.534 [info] Got 2 sessions for ...
2025-12-11 15:46:29.536 [info] Getting sessions for read:user,repo,user:email,workflow...
2025-12-11 15:46:29.536 [info] Got 1 sessions for read:user,repo,user:email,workflow...
2025-12-11 15:46:29.549 [info] Getting sessions for all scopes...
2025-12-11 15:46:29.549 [info] Got 2 sessions for ...
2025-12-11 15:46:29.551 [info] Getting sessions for read:user,repo,user:email,workflow...
2025-12-11 15:46:29.551 [info] Got 1 sessions for read:user,repo,user:email,workflow...
2025-12-11 15:46:29.743 [info] Getting sessions for all scopes...
2025-12-11 15:46:29.743 [info] Got 2 sessions for ...
2025-12-11 15:46:29.745 [info] Getting sessions for read:user,repo,user:email,workflow...
2025-12-11 15:46:29.746 [info] Got 1 sessions for read:user,repo,user:email,workflow...
2025-12-11 15:50:12.787 [info] Getting sessions for all scopes...
2025-12-11 15:50:12.787 [info] Got 2 sessions for ...
2025-12-11 15:50:12.790 [info] Getting sessions for read:user,repo,user:email,workflow...
2025-12-11 15:50:12.790 [info] Got 1 sessions for read:user,repo,user:email,workflow...
