Initializing document watcher...
Document watcher initialized
.config/i3/config: {"tabSize":8,"indentSize":8,"insertSpaces":true,"cursorStyle":1,"lineNumbers":1}
.config/i3/keybindings: {"tabSize":2,"indentSize":2,"insertSpaces":true,"cursorStyle":1,"lineNumbers":1}
.config/i3/keybindings: {"tabSize":2,"indentSize":2,"insertSpaces":true,"cursorStyle":1,"lineNumbers":1}
.config/xfce4/xfconf/xfce-perchannel-xml/xfce4-desktop.xml: {"tabSize":2,"indentSize":2,"insertSpaces":true,"cursorStyle":1,"lineNumbers":1}
.config/xfce4/xfconf/xfce-perchannel-xml/xfce4-terminal.xml: {"tabSize":2,"indentSize":2,"insertSpaces":true,"cursorStyle":1,"lineNumbers":1}
.config/EOS-greeter.conf: {"tabSize":2,"indentSize":2,"insertSpaces":true,"cursorStyle":1,"lineNumbers":1}
.config/example.picom.conf: {"tabSize":2,"indentSize":2,"insertSpaces":true,"cursorStyle":1,"lineNumbers":1}
.config/EOS-greeter.conf: {"tabSize":2,"indentSize":2,"insertSpaces":true,"cursorStyle":1,"lineNumbers":1}
.config/EOS-greeter.conf: Using EditorConfig core...
.config/example.picom.conf: {"tabSize":2,"indentSize":2,"insertSpaces":true,"cursorStyle":1,"lineNumbers":1}
.config/pavucontrol.ini: {"tabSize":2,"indentSize":2,"insertSpaces":true,"cursorStyle":1,"lineNumbers":1}
.config/user-dirs.dirs: {"tabSize":2,"indentSize":2,"insertSpaces":true,"cursorStyle":1,"lineNumbers":1}
.config/welcome.conf: {"tabSize":2,"indentSize":2,"insertSpaces":true,"cursorStyle":1,"lineNumbers":1}
.config/user-dirs.locale: {"tabSize":2,"indentSize":2,"insertSpaces":true,"cursorStyle":1,"lineNumbers":1}
.config/i3/i3blocks.conf: {"tabSize":2,"indentSize":2,"insertSpaces":true,"cursorStyle":1,"lineNumbers":1}
.config/i3/i3blocks.conf: {"tabSize":2,"indentSize":2,"insertSpaces":true,"cursorStyle":1,"lineNumbers":1}
No more open editors.
.config/i3/i3blocks.conf: {"tabSize":2,"indentSize":2,"insertSpaces":true,"cursorStyle":1,"lineNumbers":1}
.config/i3/i3blocks.conf: Using EditorConfig core...
.config/i3/i3blocks.conf: {"tabSize":2,"indentSize":2,"insertSpaces":true,"cursorStyle":1,"lineNumbers":1}
.config/i3/i3blocks.conf: {"tabSize":2,"indentSize":2,"insertSpaces":true,"cursorStyle":1,"lineNumbers":1}
.config/i3/i3blocks.conf: {"tabSize":2,"indentSize":2,"insertSpaces":true,"cursorStyle":1,"lineNumbers":1}
.config/i3/config: {"tabSize":8,"indentSize":8,"insertSpaces":true,"cursorStyle":1,"lineNumbers":1}
.config/EOS-greeter.conf: {"tabSize":2,"indentSize":2,"insertSpaces":true,"cursorStyle":1,"lineNumbers":1}
.config/i3/config: {"tabSize":8,"indentSize":8,"insertSpaces":true,"cursorStyle":1,"lineNumbers":1}
.config/i3/config: Using EditorConfig core...
.config/i3/config: {"tabSize":8,"indentSize":8,"insertSpaces":true,"cursorStyle":1,"lineNumbers":1}
.config/i3/config: {"tabSize":8,"indentSize":8,"insertSpaces":true,"cursorStyle":1,"lineNumbers":1}
.config/i3/config: {"tabSize":8,"indentSize":8,"insertSpaces":true,"cursorStyle":1,"lineNumbers":1}
.config/i3/config: Using EditorConfig core...
.config/i3/config: {"tabSize":8,"indentSize":8,"insertSpaces":true,"cursorStyle":1,"lineNumbers":1}
.config/i3/config: Using EditorConfig core...
.config/i3/config: Using EditorConfig core...
.config/EOS-greeter.conf: {"tabSize":2,"indentSize":2,"insertSpaces":true,"cursorStyle":1,"lineNumbers":1}
.config/i3/config: {"tabSize":8,"indentSize":8,"insertSpaces":true,"cursorStyle":1,"lineNumbers":1}
.config/i3/i3blocks.conf: {"tabSize":2,"indentSize":2,"insertSpaces":true,"cursorStyle":1,"lineNumbers":1}
.config/i3/i3blocks.conf: {"tabSize":2,"indentSize":2,"insertSpaces":true,"cursorStyle":1,"lineNumbers":1}
.config/i3/i3blocks.conf: {"tabSize":2,"indentSize":2,"insertSpaces":true,"cursorStyle":1,"lineNumbers":1}
.config/i3/scripts/keyhint-2: {"tabSize":4,"indentSize":4,"insertSpaces":true,"cursorStyle":1,"lineNumbers":1}
.config/i3/scripts/keyhint: {"tabSize":4,"indentSize":4,"insertSpaces":true,"cursorStyle":1,"lineNumbers":1}
.config/i3/scripts/keyhint-2: {"tabSize":4,"indentSize":4,"insertSpaces":true,"cursorStyle":1,"lineNumbers":1}
.config/i3/i3blocks.conf: {"tabSize":2,"indentSize":2,"insertSpaces":true,"cursorStyle":1,"lineNumbers":1}
.config/i3/keybindings: {"tabSize":2,"indentSize":2,"insertSpaces":true,"cursorStyle":1,"lineNumbers":1}
.config/i3/i3blocks.conf: {"tabSize":2,"indentSize":2,"insertSpaces":true,"cursorStyle":1,"lineNumbers":1}
.config/i3/config: {"tabSize":8,"indentSize":8,"insertSpaces":true,"cursorStyle":1,"lineNumbers":1}
.config/i3/config: {"tabSize":8,"indentSize":8,"insertSpaces":true,"cursorStyle":1,"lineNumbers":1}
.config/i3/config: {"tabSize":8,"indentSize":8,"insertSpaces":true,"cursorStyle":1,"lineNumbers":1}
.config/i3/config: {"tabSize":8,"indentSize":8,"insertSpaces":true,"cursorStyle":1,"lineNumbers":1}
.config/i3/config: {"tabSize":8,"indentSize":8,"insertSpaces":true,"cursorStyle":1,"lineNumbers":1}
.config/i3/config: Using EditorConfig core...
.config/i3/config: Using EditorConfig core...
.config/i3/config: {"tabSize":8,"indentSize":8,"insertSpaces":true,"cursorStyle":1,"lineNumbers":1}
No more open editors.
.config/i3/config: {"tabSize":8,"indentSize":8,"insertSpaces":true,"cursorStyle":1,"lineNumbers":1}
.config/i3/config: Using EditorConfig core...
.config/i3/config: Using EditorConfig core...
No more open editors.
.config/i3/config: {"tabSize":8,"indentSize":8,"insertSpaces":true,"cursorStyle":1,"lineNumbers":1}
.config/i3/config: Using EditorConfig core...
No more open editors.
No more open editors.
No more open editors.
No more open editors.
.config/i3/config: {"tabSize":8,"indentSize":8,"insertSpaces":true,"cursorStyle":1,"lineNumbers":1}
.config/i3/config: {"tabSize":8,"indentSize":8,"insertSpaces":true,"cursorStyle":1,"lineNumbers":1}
.config/i3/config: {"tabSize":8,"indentSize":8,"insertSpaces":true,"cursorStyle":1,"lineNumbers":1}
.config/i3/config: Using EditorConfig core...
.config/i3/config: {"tabSize":8,"indentSize":8,"insertSpaces":true,"cursorStyle":1,"lineNumbers":1}
.config/i3/config: {"tabSize":8,"indentSize":8,"insertSpaces":true,"cursorStyle":1,"lineNumbers":1}
.config/i3/config: {"tabSize":8,"indentSize":8,"insertSpaces":true,"cursorStyle":1,"lineNumbers":1}
.config/i3/config: {"tabSize":8,"indentSize":8,"insertSpaces":true,"cursorStyle":1,"lineNumbers":1}
.config/i3/config: Using EditorConfig core...
.config/i3/config: {"tabSize":8,"indentSize":8,"insertSpaces":true,"cursorStyle":1,"lineNumbers":1}
.config/i3/config: {"tabSize":8,"indentSize":8,"insertSpaces":true,"cursorStyle":1,"lineNumbers":1}
.config/i3/config: Using EditorConfig core...
.config/i3/config: Using EditorConfig core...
.config/i3/config: Using EditorConfig core...
.config/i3/config: {"tabSize":8,"indentSize":8,"insertSpaces":true,"cursorStyle":1,"lineNumbers":1}
.config/i3/config: {"tabSize":8,"indentSize":8,"insertSpaces":true,"cursorStyle":1,"lineNumbers":1}
.config/i3/config: {"tabSize":8,"indentSize":8,"insertSpaces":true,"cursorStyle":1,"lineNumbers":1}
.config/i3/config: {"tabSize":8,"indentSize":8,"insertSpaces":true,"cursorStyle":1,"lineNumbers":1}
.config/i3/config: {"tabSize":8,"indentSize":8,"insertSpaces":true,"cursorStyle":1,"lineNumbers":1}
.config/i3/config: {"tabSize":8,"indentSize":8,"insertSpaces":true,"cursorStyle":1,"lineNumbers":1}
.config/i3/config: {"tabSize":8,"indentSize":8,"insertSpaces":true,"cursorStyle":1,"lineNumbers":1}
.config/i3/config: Using EditorConfig core...
.config/i3/config: {"tabSize":8,"indentSize":8,"insertSpaces":true,"cursorStyle":1,"lineNumbers":1}
.config/i3/config: {"tabSize":8,"indentSize":8,"insertSpaces":true,"cursorStyle":1,"lineNumbers":1}
.config/i3/config: {"tabSize":8,"indentSize":8,"insertSpaces":true,"cursorStyle":1,"lineNumbers":1}
.config/i3/config: {"tabSize":8,"indentSize":8,"insertSpaces":true,"cursorStyle":1,"lineNumbers":1}
.config/i3/config: Using EditorConfig core...
.config/i3/config: {"tabSize":8,"indentSize":8,"insertSpaces":true,"cursorStyle":1,"lineNumbers":1}
.config/i3/config: {"tabSize":8,"indentSize":8,"insertSpaces":true,"cursorStyle":1,"lineNumbers":1}
.config/i3/config: {"tabSize":8,"indentSize":8,"insertSpaces":true,"cursorStyle":1,"lineNumbers":1}
.config/i3/config: {"tabSize":8,"indentSize":8,"insertSpaces":true,"cursorStyle":1,"lineNumbers":1}
.config/i3/config: Using EditorConfig core...
.config/i3/config: {"tabSize":8,"indentSize":8,"insertSpaces":true,"cursorStyle":1,"lineNumbers":1}
.config/i3/config: Using EditorConfig core...
.config/i3/config: {"tabSize":8,"indentSize":8,"insertSpaces":true,"cursorStyle":1,"lineNumbers":1}
.config/i3/config: Using EditorConfig core...
.config/i3/config: {"tabSize":8,"indentSize":8,"insertSpaces":true,"cursorStyle":1,"lineNumbers":1}
.config/i3/config: Using EditorConfig core...
.config/i3/config: {"tabSize":8,"indentSize":8,"insertSpaces":true,"cursorStyle":1,"lineNumbers":1}
.config/i3/config: {"tabSize":8,"indentSize":8,"insertSpaces":true,"cursorStyle":1,"lineNumbers":1}
.config/i3/config: {"tabSize":8,"indentSize":8,"insertSpaces":true,"cursorStyle":1,"lineNumbers":1}
.config/i3/i3blocks.conf: {"tabSize":2,"indentSize":2,"insertSpaces":true,"cursorStyle":1,"lineNumbers":1}
.config/i3/i3blocks.conf: Using EditorConfig core...
.config/i3/i3blocks.conf: {"tabSize":2,"indentSize":2,"insertSpaces":true,"cursorStyle":1,"lineNumbers":1}
.config/i3/scripts/keyhint: {"tabSize":4,"indentSize":4,"insertSpaces":true,"cursorStyle":1,"lineNumbers":1}
.config/i3/i3blocks.conf: {"tabSize":2,"indentSize":2,"insertSpaces":true,"cursorStyle":1,"lineNumbers":1}
.config/i3/i3blocks.conf: {"tabSize":2,"indentSize":2,"insertSpaces":true,"cursorStyle":1,"lineNumbers":1}
.config/i3/i3blocks.conf: {"tabSize":2,"indentSize":2,"insertSpaces":true,"cursorStyle":1,"lineNumbers":1}
.config/i3/i3blocks.conf: Using EditorConfig core...
.config/i3/i3blocks.conf: {"tabSize":2,"indentSize":2,"insertSpaces":true,"cursorStyle":1,"lineNumbers":1}
.config/i3/i3blocks.conf: {"tabSize":2,"indentSize":2,"insertSpaces":true,"cursorStyle":1,"lineNumbers":1}
.config/i3/config: {"tabSize":8,"indentSize":8,"insertSpaces":true,"cursorStyle":1,"lineNumbers":1}
.config/i3/i3blocks.conf: {"tabSize":2,"indentSize":2,"insertSpaces":true,"cursorStyle":1,"lineNumbers":1}
.config/i3/i3blocks.conf: Using EditorConfig core...
.config/i3/config: {"tabSize":8,"indentSize":8,"insertSpaces":true,"cursorStyle":1,"lineNumbers":1}
.config/i3/i3blocks.conf: {"tabSize":2,"indentSize":2,"insertSpaces":true,"cursorStyle":1,"lineNumbers":1}
.config/i3/config: {"tabSize":8,"indentSize":8,"insertSpaces":true,"cursorStyle":1,"lineNumbers":1}
.config/i3/config: Using EditorConfig core...
.config/i3/config: {"tabSize":8,"indentSize":8,"insertSpaces":true,"cursorStyle":1,"lineNumbers":1}
.config/i3/i3blocks.conf: {"tabSize":2,"indentSize":2,"insertSpaces":true,"cursorStyle":1,"lineNumbers":1}
.config/i3/i3blocks.conf: {"tabSize":2,"indentSize":2,"insertSpaces":true,"cursorStyle":1,"lineNumbers":1}
.config/i3/i3blocks.conf: {"tabSize":2,"indentSize":2,"insertSpaces":true,"cursorStyle":1,"lineNumbers":1}
No more open editors.
No more open editors.
.config/i3/i3blocks.conf: {"tabSize":2,"indentSize":2,"insertSpaces":true,"cursorStyle":1,"lineNumbers":1}
.config/i3/i3blocks.conf: Using EditorConfig core...
.config/i3/i3blocks.conf: {"tabSize":2,"indentSize":2,"insertSpaces":true,"cursorStyle":1,"lineNumbers":1}
.config/i3/i3blocks.conf: Using EditorConfig core...
.config/i3/i3blocks.conf: Using EditorConfig core...
.config/i3/i3blocks.conf: Using EditorConfig core...
.config/i3/i3blocks.conf: {"tabSize":2,"indentSize":2,"insertSpaces":true,"cursorStyle":1,"lineNumbers":1}
.config/i3/i3blocks.conf: {"tabSize":2,"indentSize":2,"insertSpaces":true,"cursorStyle":1,"lineNumbers":1}
.config/i3/i3blocks.conf: {"tabSize":2,"indentSize":2,"insertSpaces":true,"cursorStyle":1,"lineNumbers":1}
.config/i3/i3blocks.conf: {"tabSize":2,"indentSize":2,"insertSpaces":true,"cursorStyle":1,"lineNumbers":1}
.config/i3/scripts/kbdd_layout: {"tabSize":2,"indentSize":2,"insertSpaces":true,"cursorStyle":1,"lineNumbers":1}
.config/i3/scripts/kbdd_layout: {"tabSize":2,"indentSize":2,"insertSpaces":true,"cursorStyle":1,"lineNumbers":1}
.config/i3/scripts/kbdd_layout: Using EditorConfig core...
.config/i3/i3blocks.conf: {"tabSize":2,"indentSize":2,"insertSpaces":true,"cursorStyle":1,"lineNumbers":1}
.config/i3/i3blocks.conf: Using EditorConfig core...
.config/i3/config: {"tabSize":8,"indentSize":8,"insertSpaces":true,"cursorStyle":1,"lineNumbers":1}
.config/i3/config: Using EditorConfig core...
.config/i3/config: {"tabSize":8,"indentSize":8,"insertSpaces":true,"cursorStyle":1,"lineNumbers":1}
.config/i3/config: {"tabSize":8,"indentSize":8,"insertSpaces":true,"cursorStyle":1,"lineNumbers":1}
No more open editors.
.config/i3/config: {"tabSize":8,"indentSize":8,"insertSpaces":true,"cursorStyle":1,"lineNumbers":1}
.config/i3/config: Using EditorConfig core...
.config/i3/config: {"tabSize":8,"indentSize":8,"insertSpaces":true,"cursorStyle":1,"lineNumbers":1}
.config/i3/i3blocks.conf: {"tabSize":2,"indentSize":2,"insertSpaces":true,"cursorStyle":1,"lineNumbers":1}
.config/i3/i3blocks.conf: {"tabSize":2,"indentSize":2,"insertSpaces":true,"cursorStyle":1,"lineNumbers":1}
.config/i3/config: {"tabSize":8,"indentSize":8,"insertSpaces":true,"cursorStyle":1,"lineNumbers":1}
.config/i3/config: Using EditorConfig core...
.config/i3/config: {"tabSize":8,"indentSize":8,"insertSpaces":true,"cursorStyle":1,"lineNumbers":1}
.config/i3/config: {"tabSize":8,"indentSize":8,"insertSpaces":true,"cursorStyle":1,"lineNumbers":1}
.config/i3/config: {"tabSize":8,"indentSize":8,"insertSpaces":true,"cursorStyle":1,"lineNumbers":1}
.config/i3/config: {"tabSize":8,"indentSize":8,"insertSpaces":true,"cursorStyle":1,"lineNumbers":1}
